INFO: [VRFC 10-2263] Analyzing Verilog file "D:/Programmieren/Projekte/FPGA_CPU/SixteenShadesOfCpu/vivado/Integration/Integration.sim/sim_1/impl/timing/xsim/mainSim_time_impl.v" into library xil_defaultlib
INFO: [VRFC 10-311] analyzing module RAM256X1S_UNIQ_BASE_
INFO: [VRFC 10-311] analyzing module RAM256X1S_HD1
INFO: [VRFC 10-311] analyzing module RAM256X1S_HD10
INFO: [VRFC 10-311] analyzing module RAM256X1S_HD11
INFO: [VRFC 10-311] analyzing module RAM256X1S_HD12
INFO: [VRFC 10-311] analyzing module RAM256X1S_HD13
INFO: [VRFC 10-311] analyzing module RAM256X1S_HD14
INFO: [VRFC 10-311] analyzing module RAM256X1S_HD15
INFO: [VRFC 10-311] analyzing module RAM256X1S_HD2
INFO: [VRFC 10-311] analyzing module RAM256X1S_HD3
INFO: [VRFC 10-311] analyzing module RAM256X1S_HD4
INFO: [VRFC 10-311] analyzing module RAM256X1S_HD5
INFO: [VRFC 10-311] analyzing module RAM256X1S_HD6
INFO: [VRFC 10-311] analyzing module RAM256X1S_HD7
INFO: [VRFC 10-311] analyzing module RAM256X1S_HD8
INFO: [VRFC 10-311] analyzing module RAM256X1S_HD9
INFO: [VRFC 10-311] analyzing module ALU
INFO: [VRFC 10-311] analyzing module CU_Decoder
INFO: [VRFC 10-311] analyzing module CU_ImmediateManipulator
INFO: [VRFC 10-311] analyzing module CU_JumpController
INFO: [VRFC 10-311] analyzing module CU_JumpDestinationSelector
INFO: [VRFC 10-311] analyzing module CU_RAMAddressController
INFO: [VRFC 10-311] analyzing module CU_WriteSelector
INFO: [VRFC 10-311] analyzing module Decoder
INFO: [VRFC 10-311] analyzing module Pipelining_Controller
INFO: [VRFC 10-311] analyzing module Pipelining_ExecutionStage
INFO: [VRFC 10-311] analyzing module Pipelining_Forwarder
INFO: [VRFC 10-311] analyzing module Pipelining_WriteBackStage
INFO: [VRFC 10-311] analyzing module ProgramCounter
INFO: [VRFC 10-311] analyzing module RAM_Placeholder
INFO: [VRFC 10-311] analyzing module RegFile
INFO: [VRFC 10-311] analyzing module main
INFO: [VRFC 10-311] analyzing module main_ALU_0_0
INFO: [VRFC 10-311] analyzing module main_ALU_FLAG_PACKER_0_1
INFO: [VRFC 10-311] analyzing module main_CU_Decoder_0_0
INFO: [VRFC 10-311] analyzing module main_CU_ImmediateManipula_0_0
INFO: [VRFC 10-311] analyzing module main_CU_JumpController_0_0
INFO: [VRFC 10-311] analyzing module main_CU_JumpDestinationSe_0_0
INFO: [VRFC 10-311] analyzing module main_CU_RAMAddressControl_0_0
INFO: [VRFC 10-311] analyzing module main_CU_WriteSelector_0_0
INFO: [VRFC 10-311] analyzing module main_Decoder_0_0
INFO: [VRFC 10-311] analyzing module main_IROM_0_1
INFO: [VRFC 10-311] analyzing module main_Pipelining_Controller_0_0
INFO: [VRFC 10-311] analyzing module main_Pipelining_Execution_0_0
INFO: [VRFC 10-311] analyzing module main_Pipelining_Forwarder_0_0
INFO: [VRFC 10-311] analyzing module main_Pipelining_WriteBack_0_0
INFO: [VRFC 10-311] analyzing module main_ProgramCounter_0_0
INFO: [VRFC 10-311] analyzing module main_RAM_Placeholder_0_0
INFO: [VRFC 10-311] analyzing module main_RegFile_0_0
INFO: [VRFC 10-311] analyzing module main_wrapper
INFO: [VRFC 10-311] analyzing module glbl
