
*** Running vivado
    with args -log main_Pipelining_Forwarder_0_0.vds -m64 -product Vivado -mode batch -messageDb vivado.pb -notrace -source main_Pipelining_Forwarder_0_0.tcl



****** Vivado v2024.1 (64-bit)
  **** SW Build 5076996 on Wed May 22 18:37:14 MDT 2024
  **** IP Build 5075265 on Wed May 22 21:45:21 MDT 2024
  **** SharedData Build 5076995 on Wed May 22 18:29:18 MDT 2024
  **** Start of session at: Thu Nov 14 17:46:21 2024
    ** Copyright 1986-2022 Xilinx, Inc. All Rights Reserved.
    ** Copyright 2022-2024 Advanced Micro Devices, Inc. All Rights Reserved.

source main_Pipelining_Forwarder_0_0.tcl -notrace
create_project: Time (s): cpu = 00:00:37 ; elapsed = 00:00:47 . Memory (MB): peak = 491.594 ; gain = 201.625
INFO: [IP_Flow 19-234] Refreshing IP repositories
INFO: [IP_Flow 19-1704] No user IP repositories specified
INFO: [IP_Flow 19-2313] Loaded Vivado IP repository 'D:/Vivado/Vivado/2024.1/data/ip'.
Command: synth_design -top main_Pipelining_Forwarder_0_0 -part xc7a35ticsg324-1L -incremental_mode off -mode out_of_context
Starting synth_design
Attempting to get a license for feature 'Synthesis' and/or device 'xc7a35ti'
INFO: [Common 17-349] Got license for feature 'Synthesis' and/or device 'xc7a35ti'
INFO: [Designutils 20-5008] Incremental synthesis strategy off
INFO: [Synth 8-7079] Multithreading enabled for synth_design using a maximum of 2 processes.
INFO: [Synth 8-7078] Launching helper process for spawning children vivado processes
INFO: [Synth 8-7075] Helper process launched with PID 8692
---------------------------------------------------------------------------------
Starting Synthesize : Time (s): cpu = 00:00:28 ; elapsed = 00:00:50 . Memory (MB): peak = 963.578 ; gain = 450.102
---------------------------------------------------------------------------------
INFO: [Synth 8-638] synthesizing module 'main_Pipelining_Forwarder_0_0' [d:/FPGA_CPU/vivado/Integration/Integration.gen/sources_1/bd/main/ip/main_Pipelining_Forwarder_0_0/synth/main_Pipelining_Forwarder_0_0.vhd:70]
INFO: [Synth 8-3491] module 'Pipelining_Forwarder' declared at 'D:/FPGA_CPU/vivado/Pipelining/Pipelining.srcs/sources_1/new/Pipelining_Forwarder.vhd:34' bound to instance 'U0' of component 'Pipelining_Forwarder' [d:/FPGA_CPU/vivado/Integration/Integration.gen/sources_1/bd/main/ip/main_Pipelining_Forwarder_0_0/synth/main_Pipelining_Forwarder_0_0.vhd:95]
INFO: [Synth 8-638] synthesizing module 'Pipelining_Forwarder' [D:/FPGA_CPU/vivado/Pipelining/Pipelining.srcs/sources_1/new/Pipelining_Forwarder.vhd:46]
INFO: [Synth 8-226] default block is never used [D:/FPGA_CPU/vivado/Pipelining/Pipelining.srcs/sources_1/new/Pipelining_Forwarder.vhd:55]
INFO: [Synth 8-226] default block is never used [D:/FPGA_CPU/vivado/Pipelining/Pipelining.srcs/sources_1/new/Pipelining_Forwarder.vhd:62]
INFO: [Synth 8-226] default block is never used [D:/FPGA_CPU/vivado/Pipelining/Pipelining.srcs/sources_1/new/Pipelining_Forwarder.vhd:69]
INFO: [Synth 8-256] done synthesizing module 'Pipelining_Forwarder' (0#1) [D:/FPGA_CPU/vivado/Pipelining/Pipelining.srcs/sources_1/new/Pipelining_Forwarder.vhd:46]
INFO: [Synth 8-256] done synthesizing module 'main_Pipelining_Forwarder_0_0' (0#1) [d:/FPGA_CPU/vivado/Integration/Integration.gen/sources_1/bd/main/ip/main_Pipelining_Forwarder_0_0/synth/main_Pipelining_Forwarder_0_0.vhd:70]
---------------------------------------------------------------------------------
Finished Synthesize : Time (s): cpu = 00:00:38 ; elapsed = 00:01:11 . Memory (MB): peak = 1072.570 ; gain = 559.094
---------------------------------------------------------------------------------
---------------------------------------------------------------------------------
Finished Constraint Validation : Time (s): cpu = 00:00:40 ; elapsed = 00:01:14 . Memory (MB): peak = 1072.570 ; gain = 559.094
---------------------------------------------------------------------------------
---------------------------------------------------------------------------------
Start Loading Part and Timing Information
---------------------------------------------------------------------------------
Loading part: xc7a35ticsg324-1L
---------------------------------------------------------------------------------
Finished Loading Part and Timing Information : Time (s): cpu = 00:00:40 ; elapsed = 00:01:14 . Memory (MB): peak = 1072.570 ; gain = 559.094
---------------------------------------------------------------------------------
INFO: [Device 21-403] Loading part xc7a35ticsg324-1L
---------------------------------------------------------------------------------
Finished RTL Optimization Phase 2 : Time (s): cpu = 00:00:41 ; elapsed = 00:01:16 . Memory (MB): peak = 1072.570 ; gain = 559.094
---------------------------------------------------------------------------------
No constraint files found.
---------------------------------------------------------------------------------
Start RTL Component Statistics 
---------------------------------------------------------------------------------
Detailed RTL Component Info : 
+---Muxes : 
	   4 Input   16 Bit        Muxes := 2     
	   2 Input   16 Bit        Muxes := 1     
---------------------------------------------------------------------------------
Finished RTL Component Statistics 
---------------------------------------------------------------------------------
---------------------------------------------------------------------------------
Start Part Resource Summary
---------------------------------------------------------------------------------
INFO: [Device 21-9227] Part: xc7a35ticsg324-1L does not have CEAM library.
Part Resources:
DSPs: 90 (col length:60)
BRAMs: 100 (col length: RAMB18 60 RAMB36 30)
---------------------------------------------------------------------------------
Finished Part Resource Summary
---------------------------------------------------------------------------------
No constraint files found.
---------------------------------------------------------------------------------
Start Cross Boundary and Area Optimization
---------------------------------------------------------------------------------
WARNING: [Synth 8-7080] Parallel synthesis criteria is not met
---------------------------------------------------------------------------------
Finished Cross Boundary and Area Optimization : Time (s): cpu = 00:01:05 ; elapsed = 00:02:14 . Memory (MB): peak = 1254.570 ; gain = 741.094
---------------------------------------------------------------------------------
No constraint files found.
---------------------------------------------------------------------------------
Start Timing Optimization
---------------------------------------------------------------------------------
---------------------------------------------------------------------------------
Finished Timing Optimization : Time (s): cpu = 00:01:06 ; elapsed = 00:02:14 . Memory (MB): peak = 1254.570 ; gain = 741.094
---------------------------------------------------------------------------------
---------------------------------------------------------------------------------
Start Technology Mapping
---------------------------------------------------------------------------------
---------------------------------------------------------------------------------
Finished Technology Mapping : Time (s): cpu = 00:01:06 ; elapsed = 00:02:14 . Memory (MB): peak = 1254.570 ; gain = 741.094
---------------------------------------------------------------------------------
---------------------------------------------------------------------------------
Start IO Insertion
---------------------------------------------------------------------------------
---------------------------------------------------------------------------------
Start Flattening Before IO Insertion
---------------------------------------------------------------------------------
---------------------------------------------------------------------------------
Finished Flattening Before IO Insertion
---------------------------------------------------------------------------------
---------------------------------------------------------------------------------
Start Final Netlist Cleanup
---------------------------------------------------------------------------------
---------------------------------------------------------------------------------
Finished Final Netlist Cleanup
---------------------------------------------------------------------------------
---------------------------------------------------------------------------------
Finished IO Insertion : Time (s): cpu = 00:01:34 ; elapsed = 00:02:56 . Memory (MB): peak = 1254.570 ; gain = 741.094
---------------------------------------------------------------------------------
---------------------------------------------------------------------------------
Start Renaming Generated Instances
---------------------------------------------------------------------------------
---------------------------------------------------------------------------------
Finished Renaming Generated Instances : Time (s): cpu = 00:01:34 ; elapsed = 00:02:56 . Memory (MB): peak = 1254.570 ; gain = 741.094
---------------------------------------------------------------------------------
---------------------------------------------------------------------------------
Start Rebuilding User Hierarchy
---------------------------------------------------------------------------------
---------------------------------------------------------------------------------
Finished Rebuilding User Hierarchy : Time (s): cpu = 00:01:34 ; elapsed = 00:02:56 . Memory (MB): peak = 1254.570 ; gain = 741.094
---------------------------------------------------------------------------------
---------------------------------------------------------------------------------
Start Renaming Generated Ports
---------------------------------------------------------------------------------
---------------------------------------------------------------------------------
Finished Renaming Generated Ports : Time (s): cpu = 00:01:34 ; elapsed = 00:02:56 . Memory (MB): peak = 1254.570 ; gain = 741.094
---------------------------------------------------------------------------------
---------------------------------------------------------------------------------
Start Handling Custom Attributes
---------------------------------------------------------------------------------
---------------------------------------------------------------------------------
Finished Handling Custom Attributes : Time (s): cpu = 00:01:34 ; elapsed = 00:02:56 . Memory (MB): peak = 1254.570 ; gain = 741.094
---------------------------------------------------------------------------------
---------------------------------------------------------------------------------
Start Renaming Generated Nets
---------------------------------------------------------------------------------
---------------------------------------------------------------------------------
Finished Renaming Generated Nets : Time (s): cpu = 00:01:34 ; elapsed = 00:02:56 . Memory (MB): peak = 1254.570 ; gain = 741.094
---------------------------------------------------------------------------------
---------------------------------------------------------------------------------
Start Writing Synthesis Report
---------------------------------------------------------------------------------

Report BlackBoxes: 
+-+--------------+----------+
| |BlackBox name |Instances |
+-+--------------+----------+
+-+--------------+----------+

Report Cell Usage: 
+------+-----+------+
|      |Cell |Count |
+------+-----+------+
|1     |LUT3 |    16|
|2     |LUT5 |    32|
+------+-----+------+

Report Instance Areas: 
+------+---------+---------------------+------+
|      |Instance |Module               |Cells |
+------+---------+---------------------+------+
|1     |top      |                     |    48|
|2     |  U0     |Pipelining_Forwarder |    48|
+------+---------+---------------------+------+
---------------------------------------------------------------------------------
Finished Writing Synthesis Report : Time (s): cpu = 00:01:34 ; elapsed = 00:02:56 . Memory (MB): peak = 1254.570 ; gain = 741.094
---------------------------------------------------------------------------------
Synthesis finished with 0 errors, 0 critical warnings and 1 warnings.
Synthesis Optimization Runtime : Time (s): cpu = 00:01:34 ; elapsed = 00:02:57 . Memory (MB): peak = 1254.570 ; gain = 741.094
Synthesis Optimization Complete : Time (s): cpu = 00:01:34 ; elapsed = 00:02:57 . Memory (MB): peak = 1254.570 ; gain = 741.094
INFO: [Project 1-571] Translating synthesized netlist
Netlist sorting complete. Time (s): cpu = 00:00:00 ; elapsed = 00:00:00.017 . Memory (MB): peak = 1263.516 ; gain = 0.000
INFO: [Project 1-570] Preparing netlist for logic optimization
INFO: [Opt 31-138] Pushed 0 inverter(s) to 0 load pin(s).
Netlist sorting complete. Time (s): cpu = 00:00:00 ; elapsed = 00:00:00 . Memory (MB): peak = 1359.934 ; gain = 0.000
INFO: [Project 1-111] Unisim Transformation Summary:
No Unisim elements were transformed.

Synth Design complete | Checksum: 9d9a6aee
INFO: [Common 17-83] Releasing license: Synthesis
23 Infos, 1 Warnings, 0 Critical Warnings and 0 Errors encountered.
synth_design completed successfully
synth_design: Time (s): cpu = 00:01:42 ; elapsed = 00:03:16 . Memory (MB): peak = 1359.934 ; gain = 854.246
INFO: [Timing 38-35] Done setting XDC timing constraints.
Write ShapeDB Complete: Time (s): cpu = 00:00:00 ; elapsed = 00:00:00.129 . Memory (MB): peak = 1659.336 ; gain = 0.098
INFO: [Common 17-1381] The checkpoint 'D:/FPGA_CPU/vivado/Integration/Integration.runs/main_Pipelining_Forwarder_0_0_synth_1/main_Pipelining_Forwarder_0_0.dcp' has been generated.
write_checkpoint: Time (s): cpu = 00:00:39 ; elapsed = 00:01:07 . Memory (MB): peak = 1659.336 ; gain = 299.402
INFO: [Vivado 12-24828] Executing command : report_utilization -file main_Pipelining_Forwarder_0_0_utilization_synth.rpt -pb main_Pipelining_Forwarder_0_0_utilization_synth.pb
INFO: [Common 17-206] Exiting Vivado at Thu Nov 14 17:52:18 2024...
