
*** Running vivado
    with args -log main_CU_ImmediateManipula_0_0.vds -m64 -product Vivado -mode batch -messageDb vivado.pb -notrace -source main_CU_ImmediateManipula_0_0.tcl



****** Vivado v2024.1 (64-bit)
  **** SW Build 5076996 on Wed May 22 18:37:14 MDT 2024
  **** IP Build 5075265 on Wed May 22 21:45:21 MDT 2024
  **** SharedData Build 5076995 on Wed May 22 18:29:18 MDT 2024
  **** Start of session at: Thu Nov 14 16:01:06 2024
    ** Copyright 1986-2022 Xilinx, Inc. All Rights Reserved.
    ** Copyright 2022-2024 Advanced Micro Devices, Inc. All Rights Reserved.

source main_CU_ImmediateManipula_0_0.tcl -notrace
create_project: Time (s): cpu = 00:00:34 ; elapsed = 00:00:38 . Memory (MB): peak = 492.086 ; gain = 198.852
INFO: [IP_Flow 19-234] Refreshing IP repositories
INFO: [IP_Flow 19-1704] No user IP repositories specified
INFO: [IP_Flow 19-2313] Loaded Vivado IP repository 'D:/Vivado/Vivado/2024.1/data/ip'.
Command: synth_design -top main_CU_ImmediateManipula_0_0 -part xc7a35ticsg324-1L -incremental_mode off -mode out_of_context
Starting synth_design
Attempting to get a license for feature 'Synthesis' and/or device 'xc7a35ti'
INFO: [Common 17-349] Got license for feature 'Synthesis' and/or device 'xc7a35ti'
INFO: [Designutils 20-5008] Incremental synthesis strategy off
INFO: [Synth 8-7079] Multithreading enabled for synth_design using a maximum of 2 processes.
INFO: [Synth 8-7078] Launching helper process for spawning children vivado processes
INFO: [Synth 8-7075] Helper process launched with PID 6188
---------------------------------------------------------------------------------
Starting Synthesize : Time (s): cpu = 00:00:24 ; elapsed = 00:00:34 . Memory (MB): peak = 965.684 ; gain = 450.742
---------------------------------------------------------------------------------
INFO: [Synth 8-638] synthesizing module 'main_CU_ImmediateManipula_0_0' [d:/FPGA_CPU/vivado/Integration/Integration.gen/sources_1/bd/main/ip/main_CU_ImmediateManipula_0_0/synth/main_CU_ImmediateManipula_0_0.vhd:66]
INFO: [Synth 8-3491] module 'CU_ImmediateManipulator' declared at 'D:/FPGA_CPU/vivado/ControlUnit/ControlUnit.srcs/sources_1/new/CU_ImmediateManipulator.vhd:34' bound to instance 'U0' of component 'CU_ImmediateManipulator' [d:/FPGA_CPU/vivado/Integration/Integration.gen/sources_1/bd/main/ip/main_CU_ImmediateManipula_0_0/synth/main_CU_ImmediateManipula_0_0.vhd:87]
INFO: [Synth 8-638] synthesizing module 'CU_ImmediateManipulator' [D:/FPGA_CPU/vivado/ControlUnit/ControlUnit.srcs/sources_1/new/CU_ImmediateManipulator.vhd:42]
INFO: [Synth 8-226] default block is never used [D:/FPGA_CPU/vivado/ControlUnit/ControlUnit.srcs/sources_1/new/CU_ImmediateManipulator.vhd:56]
INFO: [Synth 8-256] done synthesizing module 'CU_ImmediateManipulator' (0#1) [D:/FPGA_CPU/vivado/ControlUnit/ControlUnit.srcs/sources_1/new/CU_ImmediateManipulator.vhd:42]
INFO: [Synth 8-256] done synthesizing module 'main_CU_ImmediateManipula_0_0' (0#1) [d:/FPGA_CPU/vivado/Integration/Integration.gen/sources_1/bd/main/ip/main_CU_ImmediateManipula_0_0/synth/main_CU_ImmediateManipula_0_0.vhd:66]
---------------------------------------------------------------------------------
Finished Synthesize : Time (s): cpu = 00:00:32 ; elapsed = 00:00:48 . Memory (MB): peak = 1074.613 ; gain = 559.672
---------------------------------------------------------------------------------
---------------------------------------------------------------------------------
Finished Constraint Validation : Time (s): cpu = 00:00:35 ; elapsed = 00:00:51 . Memory (MB): peak = 1074.613 ; gain = 559.672
---------------------------------------------------------------------------------
---------------------------------------------------------------------------------
Start Loading Part and Timing Information
---------------------------------------------------------------------------------
Loading part: xc7a35ticsg324-1L
---------------------------------------------------------------------------------
Finished Loading Part and Timing Information : Time (s): cpu = 00:00:35 ; elapsed = 00:00:51 . Memory (MB): peak = 1074.613 ; gain = 559.672
---------------------------------------------------------------------------------
INFO: [Device 21-403] Loading part xc7a35ticsg324-1L
---------------------------------------------------------------------------------
Finished RTL Optimization Phase 2 : Time (s): cpu = 00:00:36 ; elapsed = 00:00:53 . Memory (MB): peak = 1074.613 ; gain = 559.672
---------------------------------------------------------------------------------
No constraint files found.
---------------------------------------------------------------------------------
Start RTL Component Statistics 
---------------------------------------------------------------------------------
Detailed RTL Component Info : 
+---Muxes : 
	   4 Input   16 Bit        Muxes := 1     
---------------------------------------------------------------------------------
Finished RTL Component Statistics 
---------------------------------------------------------------------------------
---------------------------------------------------------------------------------
Start Part Resource Summary
---------------------------------------------------------------------------------
INFO: [Device 21-9227] Part: xc7a35ticsg324-1L does not have CEAM library.
Part Resources:
DSPs: 90 (col length:60)
BRAMs: 100 (col length: RAMB18 60 RAMB36 30)
---------------------------------------------------------------------------------
Finished Part Resource Summary
---------------------------------------------------------------------------------
No constraint files found.
---------------------------------------------------------------------------------
Start Cross Boundary and Area Optimization
---------------------------------------------------------------------------------
WARNING: [Synth 8-7080] Parallel synthesis criteria is not met
---------------------------------------------------------------------------------
Finished Cross Boundary and Area Optimization : Time (s): cpu = 00:01:00 ; elapsed = 00:01:49 . Memory (MB): peak = 1260.355 ; gain = 745.414
---------------------------------------------------------------------------------
No constraint files found.
---------------------------------------------------------------------------------
Start Timing Optimization
---------------------------------------------------------------------------------
---------------------------------------------------------------------------------
Finished Timing Optimization : Time (s): cpu = 00:01:01 ; elapsed = 00:01:49 . Memory (MB): peak = 1260.355 ; gain = 745.414
---------------------------------------------------------------------------------
---------------------------------------------------------------------------------
Start Technology Mapping
---------------------------------------------------------------------------------
---------------------------------------------------------------------------------
Finished Technology Mapping : Time (s): cpu = 00:01:01 ; elapsed = 00:01:49 . Memory (MB): peak = 1260.355 ; gain = 745.414
---------------------------------------------------------------------------------
---------------------------------------------------------------------------------
Start IO Insertion
---------------------------------------------------------------------------------
---------------------------------------------------------------------------------
Start Flattening Before IO Insertion
---------------------------------------------------------------------------------
---------------------------------------------------------------------------------
Finished Flattening Before IO Insertion
---------------------------------------------------------------------------------
---------------------------------------------------------------------------------
Start Final Netlist Cleanup
---------------------------------------------------------------------------------
---------------------------------------------------------------------------------
Finished Final Netlist Cleanup
---------------------------------------------------------------------------------

*** Running vivado
    with args -log main_CU_ImmediateManipula_0_0.vds -m64 -product Vivado -mode batch -messageDb vivado.pb -notrace -source main_CU_ImmediateManipula_0_0.tcl



****** Vivado v2024.1 (64-bit)
  **** SW Build 5076996 on Wed May 22 18:37:14 MDT 2024
  **** IP Build 5075265 on Wed May 22 21:45:21 MDT 2024
  **** SharedData Build 5076995 on Wed May 22 18:29:18 MDT 2024
  **** Start of session at: Thu Nov 14 17:39:26 2024
    ** Copyright 1986-2022 Xilinx, Inc. All Rights Reserved.
    ** Copyright 2022-2024 Advanced Micro Devices, Inc. All Rights Reserved.

source main_CU_ImmediateManipula_0_0.tcl -notrace
create_project: Time (s): cpu = 00:00:35 ; elapsed = 00:00:46 . Memory (MB): peak = 492.145 ; gain = 199.141
INFO: [IP_Flow 19-234] Refreshing IP repositories
INFO: [IP_Flow 19-1704] No user IP repositories specified
INFO: [IP_Flow 19-2313] Loaded Vivado IP repository 'D:/Vivado/Vivado/2024.1/data/ip'.
Command: synth_design -top main_CU_ImmediateManipula_0_0 -part xc7a35ticsg324-1L -incremental_mode off -mode out_of_context
Starting synth_design
Attempting to get a license for feature 'Synthesis' and/or device 'xc7a35ti'
INFO: [Common 17-349] Got license for feature 'Synthesis' and/or device 'xc7a35ti'
INFO: [Designutils 20-5008] Incremental synthesis strategy off
INFO: [Synth 8-7079] Multithreading enabled for synth_design using a maximum of 2 processes.
INFO: [Synth 8-7078] Launching helper process for spawning children vivado processes
INFO: [Synth 8-7075] Helper process launched with PID 4280
---------------------------------------------------------------------------------
Starting Synthesize : Time (s): cpu = 00:00:26 ; elapsed = 00:00:42 . Memory (MB): peak = 965.324 ; gain = 450.527
---------------------------------------------------------------------------------
INFO: [Synth 8-638] synthesizing module 'main_CU_ImmediateManipula_0_0' [d:/FPGA_CPU/vivado/Integration/Integration.gen/sources_1/bd/main/ip/main_CU_ImmediateManipula_0_0/synth/main_CU_ImmediateManipula_0_0.vhd:66]
INFO: [Synth 8-3491] module 'CU_ImmediateManipulator' declared at 'D:/FPGA_CPU/vivado/ControlUnit/ControlUnit.srcs/sources_1/new/CU_ImmediateManipulator.vhd:34' bound to instance 'U0' of component 'CU_ImmediateManipulator' [d:/FPGA_CPU/vivado/Integration/Integration.gen/sources_1/bd/main/ip/main_CU_ImmediateManipula_0_0/synth/main_CU_ImmediateManipula_0_0.vhd:87]
INFO: [Synth 8-638] synthesizing module 'CU_ImmediateManipulator' [D:/FPGA_CPU/vivado/ControlUnit/ControlUnit.srcs/sources_1/new/CU_ImmediateManipulator.vhd:42]
INFO: [Synth 8-226] default block is never used [D:/FPGA_CPU/vivado/ControlUnit/ControlUnit.srcs/sources_1/new/CU_ImmediateManipulator.vhd:56]
INFO: [Synth 8-256] done synthesizing module 'CU_ImmediateManipulator' (0#1) [D:/FPGA_CPU/vivado/ControlUnit/ControlUnit.srcs/sources_1/new/CU_ImmediateManipulator.vhd:42]
INFO: [Synth 8-256] done synthesizing module 'main_CU_ImmediateManipula_0_0' (0#1) [d:/FPGA_CPU/vivado/Integration/Integration.gen/sources_1/bd/main/ip/main_CU_ImmediateManipula_0_0/synth/main_CU_ImmediateManipula_0_0.vhd:66]
---------------------------------------------------------------------------------
Finished Synthesize : Time (s): cpu = 00:00:35 ; elapsed = 00:01:05 . Memory (MB): peak = 1074.480 ; gain = 559.684
---------------------------------------------------------------------------------
---------------------------------------------------------------------------------
Finished Constraint Validation : Time (s): cpu = 00:00:38 ; elapsed = 00:01:10 . Memory (MB): peak = 1074.480 ; gain = 559.684
---------------------------------------------------------------------------------
---------------------------------------------------------------------------------
Start Loading Part and Timing Information
---------------------------------------------------------------------------------
Loading part: xc7a35ticsg324-1L
---------------------------------------------------------------------------------
Finished Loading Part and Timing Information : Time (s): cpu = 00:00:38 ; elapsed = 00:01:10 . Memory (MB): peak = 1074.480 ; gain = 559.684
---------------------------------------------------------------------------------
INFO: [Device 21-403] Loading part xc7a35ticsg324-1L
---------------------------------------------------------------------------------
Finished RTL Optimization Phase 2 : Time (s): cpu = 00:00:38 ; elapsed = 00:01:12 . Memory (MB): peak = 1074.559 ; gain = 559.762
---------------------------------------------------------------------------------
No constraint files found.
---------------------------------------------------------------------------------
Start RTL Component Statistics 
---------------------------------------------------------------------------------
Detailed RTL Component Info : 
+---Muxes : 
	   4 Input   16 Bit        Muxes := 1     
---------------------------------------------------------------------------------
Finished RTL Component Statistics 
---------------------------------------------------------------------------------
---------------------------------------------------------------------------------
Start Part Resource Summary
---------------------------------------------------------------------------------
INFO: [Device 21-9227] Part: xc7a35ticsg324-1L does not have CEAM library.
Part Resources:
DSPs: 90 (col length:60)
BRAMs: 100 (col length: RAMB18 60 RAMB36 30)
---------------------------------------------------------------------------------
Finished Part Resource Summary
---------------------------------------------------------------------------------
No constraint files found.
---------------------------------------------------------------------------------
Start Cross Boundary and Area Optimization
---------------------------------------------------------------------------------
WARNING: [Synth 8-7080] Parallel synthesis criteria is not met
---------------------------------------------------------------------------------
Finished Cross Boundary and Area Optimization : Time (s): cpu = 00:01:01 ; elapsed = 00:02:26 . Memory (MB): peak = 1257.742 ; gain = 742.945
---------------------------------------------------------------------------------
No constraint files found.
---------------------------------------------------------------------------------
Start Timing Optimization
---------------------------------------------------------------------------------
---------------------------------------------------------------------------------
Finished Timing Optimization : Time (s): cpu = 00:01:02 ; elapsed = 00:02:26 . Memory (MB): peak = 1257.742 ; gain = 742.945
---------------------------------------------------------------------------------
---------------------------------------------------------------------------------
Start Technology Mapping
---------------------------------------------------------------------------------
---------------------------------------------------------------------------------
Finished Technology Mapping : Time (s): cpu = 00:01:02 ; elapsed = 00:02:27 . Memory (MB): peak = 1257.742 ; gain = 742.945
---------------------------------------------------------------------------------
---------------------------------------------------------------------------------
Start IO Insertion
---------------------------------------------------------------------------------
---------------------------------------------------------------------------------
Start Flattening Before IO Insertion
---------------------------------------------------------------------------------
---------------------------------------------------------------------------------
Finished Flattening Before IO Insertion
---------------------------------------------------------------------------------
---------------------------------------------------------------------------------
Start Final Netlist Cleanup
---------------------------------------------------------------------------------
---------------------------------------------------------------------------------
Finished Final Netlist Cleanup
---------------------------------------------------------------------------------
---------------------------------------------------------------------------------
Finished IO Insertion : Time (s): cpu = 00:01:31 ; elapsed = 00:03:11 . Memory (MB): peak = 1257.742 ; gain = 742.945
---------------------------------------------------------------------------------
---------------------------------------------------------------------------------
Start Renaming Generated Instances
---------------------------------------------------------------------------------
---------------------------------------------------------------------------------
Finished Renaming Generated Instances : Time (s): cpu = 00:01:31 ; elapsed = 00:03:11 . Memory (MB): peak = 1257.742 ; gain = 742.945
---------------------------------------------------------------------------------
---------------------------------------------------------------------------------
Start Rebuilding User Hierarchy
---------------------------------------------------------------------------------
---------------------------------------------------------------------------------
Finished Rebuilding User Hierarchy : Time (s): cpu = 00:01:31 ; elapsed = 00:03:11 . Memory (MB): peak = 1257.742 ; gain = 742.945
---------------------------------------------------------------------------------
---------------------------------------------------------------------------------
Start Renaming Generated Ports
---------------------------------------------------------------------------------
---------------------------------------------------------------------------------
Finished Renaming Generated Ports : Time (s): cpu = 00:01:31 ; elapsed = 00:03:11 . Memory (MB): peak = 1257.742 ; gain = 742.945
---------------------------------------------------------------------------------
---------------------------------------------------------------------------------
Start Handling Custom Attributes
---------------------------------------------------------------------------------
---------------------------------------------------------------------------------
Finished Handling Custom Attributes : Time (s): cpu = 00:01:31 ; elapsed = 00:03:11 . Memory (MB): peak = 1257.742 ; gain = 742.945
---------------------------------------------------------------------------------
---------------------------------------------------------------------------------
Start Renaming Generated Nets
---------------------------------------------------------------------------------
---------------------------------------------------------------------------------
Finished Renaming Generated Nets : Time (s): cpu = 00:01:31 ; elapsed = 00:03:11 . Memory (MB): peak = 1257.742 ; gain = 742.945
---------------------------------------------------------------------------------
---------------------------------------------------------------------------------
Start Writing Synthesis Report
---------------------------------------------------------------------------------

Report BlackBoxes: 
+-+--------------+----------+
| |BlackBox name |Instances |
+-+--------------+----------+
+-+--------------+----------+

Report Cell Usage: 
+------+-----+------+
|      |Cell |Count |
+------+-----+------+
|1     |LUT3 |     8|
|2     |LUT5 |     8|
+------+-----+------+

Report Instance Areas: 
+------+---------+------------------------+------+
|      |Instance |Module                  |Cells |
+------+---------+------------------------+------+
|1     |top      |                        |    16|
|2     |  U0     |CU_ImmediateManipulator |    16|
+------+---------+------------------------+------+
---------------------------------------------------------------------------------
Finished Writing Synthesis Report : Time (s): cpu = 00:01:31 ; elapsed = 00:03:11 . Memory (MB): peak = 1257.742 ; gain = 742.945
---------------------------------------------------------------------------------
Synthesis finished with 0 errors, 0 critical warnings and 1 warnings.
Synthesis Optimization Runtime : Time (s): cpu = 00:01:31 ; elapsed = 00:03:11 . Memory (MB): peak = 1257.742 ; gain = 742.945
Synthesis Optimization Complete : Time (s): cpu = 00:01:31 ; elapsed = 00:03:11 . Memory (MB): peak = 1257.742 ; gain = 742.945
INFO: [Project 1-571] Translating synthesized netlist
Netlist sorting complete. Time (s): cpu = 00:00:00 ; elapsed = 00:00:00.002 . Memory (MB): peak = 1267.723 ; gain = 0.000
INFO: [Project 1-570] Preparing netlist for logic optimization
INFO: [Opt 31-138] Pushed 0 inverter(s) to 0 load pin(s).
Netlist sorting complete. Time (s): cpu = 00:00:00 ; elapsed = 00:00:00 . Memory (MB): peak = 1363.816 ; gain = 0.000
INFO: [Project 1-111] Unisim Transformation Summary:
No Unisim elements were transformed.

Synth Design complete | Checksum: 8783b7b0
INFO: [Common 17-83] Releasing license: Synthesis
21 Infos, 1 Warnings, 0 Critical Warnings and 0 Errors encountered.
synth_design completed successfully
synth_design: Time (s): cpu = 00:01:38 ; elapsed = 00:03:33 . Memory (MB): peak = 1363.816 ; gain = 856.305
INFO: [Timing 38-35] Done setting XDC timing constraints.
Write ShapeDB Complete: Time (s): cpu = 00:00:00 ; elapsed = 00:00:00.050 . Memory (MB): peak = 1644.852 ; gain = 0.012
INFO: [Common 17-1381] The checkpoint 'D:/FPGA_CPU/vivado/Integration/Integration.runs/main_CU_ImmediateManipula_0_0_synth_1/main_CU_ImmediateManipula_0_0.dcp' has been generated.
write_checkpoint: Time (s): cpu = 00:00:38 ; elapsed = 00:01:03 . Memory (MB): peak = 1644.852 ; gain = 281.035
INFO: [Vivado 12-24828] Executing command : report_utilization -file main_CU_ImmediateManipula_0_0_utilization_synth.rpt -pb main_CU_ImmediateManipula_0_0_utilization_synth.pb
INFO: [Common 17-206] Exiting Vivado at Thu Nov 14 17:45:32 2024...
