Copyright 1986-2022 Xilinx, Inc. All Rights Reserved. Copyright 2022-2024 Advanced Micro Devices, Inc. All Rights Reserved.
----------------------------------------------------------------------------------------------------------------------------------------------------------------------------
| Tool Version     : Vivado v.2024.1 (win64) Build 5076996 Wed May 22 18:37:14 MDT 2024
| Date             : Wed Nov  6 16:22:18 2024
| Host             : Robin_Laptop running 64-bit major release  (build 9200)
| Command          : report_power -file main_block_wrapper_power_routed.rpt -pb main_block_wrapper_power_summary_routed.pb -rpx main_block_wrapper_power_routed.rpx
| Design           : main_block_wrapper
| Device           : xc7a35ticsg324-1L
| Design State     : routed
| Grade            : industrial
| Process          : typical
| Characterization : Production
----------------------------------------------------------------------------------------------------------------------------------------------------------------------------

Power Report

Table of Contents
-----------------
1. Summary
1.1 On-Chip Components
1.2 Power Supply Summary
1.3 Confidence Level
2. Settings
2.1 Environment
2.2 Clock Constraints
3. Detailed Reports
3.1 By Hierarchy

1. Summary
----------

+--------------------------+--------------+
| Total On-Chip Power (W)  | 0.166        |
| Design Power Budget (W)  | Unspecified* |
| Power Budget Margin (W)  | NA           |
| Dynamic (W)              | 0.107        |
| Device Static (W)        | 0.059        |
| Effective TJA (C/W)      | 4.8          |
| Max Ambient (C)          | 99.2         |
| Junction Temperature (C) | 25.8         |
| Confidence Level         | Low          |
| Setting File             | ---          |
| Simulation Activity File | ---          |
| Design Nets Matched      | NA           |
+--------------------------+--------------+
* Specify Design Power Budget using, set_operating_conditions -design_power_budget <value in Watts>


1.1 On-Chip Components
----------------------

+----------------+-----------+----------+-----------+-----------------+
| On-Chip        | Power (W) | Used     | Available | Utilization (%) |
+----------------+-----------+----------+-----------+-----------------+
| Clocks         |     0.001 |        8 |       --- |             --- |
| Slice Logic    |    <0.001 |       83 |       --- |             --- |
|   CARRY4       |    <0.001 |       22 |      8150 |            0.27 |
|   LUT as Logic |    <0.001 |       11 |     20800 |            0.05 |
|   Register     |    <0.001 |       45 |     41600 |            0.11 |
|   Others       |     0.000 |        5 |       --- |             --- |
| Signals        |    <0.001 |      112 |       --- |             --- |
| MMCM           |     0.106 |        1 |         5 |           20.00 |
| I/O            |    <0.001 |        2 |       210 |            0.95 |
| Static Power   |     0.059 |          |           |                 |
| Total          |     0.166 |          |           |                 |
+----------------+-----------+----------+-----------+-----------------+


1.2 Power Supply Summary
------------------------

+-----------+-------------+-----------+-------------+------------+-------------+-------------+------------+
| Source    | Voltage (V) | Total (A) | Dynamic (A) | Static (A) | Powerup (A) | Budget (A)  | Margin (A) |
+-----------+-------------+-----------+-------------+------------+-------------+-------------+------------+
| Vccint    |       0.950 |     0.008 |       0.002 |      0.006 |       NA    | Unspecified | NA         |
| Vccaux    |       1.800 |     0.070 |       0.059 |      0.011 |       NA    | Unspecified | NA         |
| Vcco33    |       3.300 |     0.000 |       0.000 |      0.000 |       NA    | Unspecified | NA         |
| Vcco25    |       2.500 |     0.000 |       0.000 |      0.000 |       NA    | Unspecified | NA         |
| Vcco18    |       1.800 |     0.000 |       0.000 |      0.000 |       NA    | Unspecified | NA         |
| Vcco15    |       1.500 |     0.000 |       0.000 |      0.000 |       NA    | Unspecified | NA         |
| Vcco135   |       1.350 |     0.000 |       0.000 |      0.000 |       NA    | Unspecified | NA         |
| Vcco12    |       1.200 |     0.000 |       0.000 |      0.000 |       NA    | Unspecified | NA         |
| Vccaux_io |       1.800 |     0.000 |       0.000 |      0.000 |       NA    | Unspecified | NA         |
| Vccbram   |       0.950 |     0.000 |       0.000 |      0.000 |       NA    | Unspecified | NA         |
| MGTAVcc   |       1.000 |     0.000 |       0.000 |      0.000 |       NA    | Unspecified | NA         |
| MGTAVtt   |       1.200 |     0.000 |       0.000 |      0.000 |       NA    | Unspecified | NA         |
| Vccadc    |       1.800 |     0.018 |       0.000 |      0.018 |       NA    | Unspecified | NA         |
+-----------+-------------+-----------+-------------+------------+-------------+-------------+------------+


1.3 Confidence Level
--------------------

+-----------------------------+------------+------------------------------------------------+--------------------------------------------------------------------------------------------------------------------+
| User Input Data             | Confidence | Details                                        | Action                                                                                                             |
+-----------------------------+------------+------------------------------------------------+--------------------------------------------------------------------------------------------------------------------+
| Design implementation state | High       | Design is routed                               |                                                                                                                    |
| Clock nodes activity        | Low        | User specified less than 75% of clocks         | Provide missing clock activity with a constraint file, simulation results or by editing the "By Clock Domain" view |
| I/O nodes activity          | High       | User specified more than 95% of inputs         |                                                                                                                    |
| Internal nodes activity     | Medium     | User specified less than 25% of internal nodes | Provide missing internal nodes activity with simulation results or by editing the "By Resource Type" views         |
| Device models               | High       | Device models are Production                   |                                                                                                                    |
|                             |            |                                                |                                                                                                                    |
| Overall confidence level    | Low        |                                                |                                                                                                                    |
+-----------------------------+------------+------------------------------------------------+--------------------------------------------------------------------------------------------------------------------+


2. Settings
-----------

2.1 Environment
---------------

+-----------------------+--------------------------+
| Ambient Temp (C)      | 25.0                     |
| ThetaJA (C/W)         | 4.8                      |
| Airflow (LFM)         | 250                      |
| Heat Sink             | medium (Medium Profile)  |
| ThetaSA (C/W)         | 4.6                      |
| Board Selection       | medium (10"x10")         |
| # of Board Layers     | 12to15 (12 to 15 Layers) |
| Board Temperature (C) | 25.0                     |
+-----------------------+--------------------------+


2.2 Clock Constraints
---------------------

+-----------------------------------+-------------------------------------------------------------+-----------------+
| Clock                             | Domain                                                      | Constraint (ns) |
+-----------------------------------+-------------------------------------------------------------+-----------------+
| clk100mhz                         | clk100mhz                                                   |            10.0 |
| clk_out1_main_block_clk_wiz_0_0   | main_block_i/clk_wiz_0/inst/clk_out1_main_block_clk_wiz_0_0 |            10.0 |
| clk_out1_main_block_clk_wiz_0_0_1 | main_block_i/clk_wiz_0/inst/clk_out1_main_block_clk_wiz_0_0 |            10.0 |
| clkfbout_main_block_clk_wiz_0_0   | main_block_i/clk_wiz_0/inst/clkfbout_main_block_clk_wiz_0_0 |            10.0 |
| clkfbout_main_block_clk_wiz_0_0_1 | main_block_i/clk_wiz_0/inst/clkfbout_main_block_clk_wiz_0_0 |            10.0 |
| sys_clk_pin                       | clk100mhz                                                   |            10.0 |
+-----------------------------------+-------------------------------------------------------------+-----------------+


3. Detailed Reports
-------------------

3.1 By Hierarchy
----------------

+--------------------+-----------+
| Name               | Power (W) |
+--------------------+-----------+
| main_block_wrapper |     0.107 |
|   main_block_i     |     0.107 |
|     clk_wiz_0      |     0.106 |
|       inst         |     0.106 |
+--------------------+-----------+


