
*** Running vivado
    with args -log main_wrapper.vds -m64 -product Vivado -mode batch -messageDb vivado.pb -notrace -source main_wrapper.tcl



****** Vivado v2024.1 (64-bit)
  **** SW Build 5076996 on Wed May 22 18:37:14 MDT 2024
  **** IP Build 5075265 on Wed May 22 21:45:21 MDT 2024
  **** SharedData Build 5076995 on Wed May 22 18:29:18 MDT 2024
  **** Start of session at: Wed Nov 20 17:06:53 2024
    ** Copyright 1986-2022 Xilinx, Inc. All Rights Reserved.
    ** Copyright 2022-2024 Advanced Micro Devices, Inc. All Rights Reserved.

source main_wrapper.tcl -notrace
INFO: [IP_Flow 19-234] Refreshing IP repositories
INFO: [IP_Flow 19-1704] No user IP repositories specified
INFO: [IP_Flow 19-2313] Loaded Vivado IP repository 'C:/Xilinx/Vivado/2024.1/data/ip'.
Command: read_checkpoint -auto_incremental -incremental C:/Development/SixteenShadesOfCpu/vivado/Integration/Integration.srcs/utils_1/imports/synth_1/Pipelining_Controller.dcp
INFO: [Vivado 12-5825] Read reference checkpoint from C:/Development/SixteenShadesOfCpu/vivado/Integration/Integration.srcs/utils_1/imports/synth_1/Pipelining_Controller.dcp for incremental synthesis
INFO: [Vivado 12-7989] Please ensure there are no constraint changes
Command: synth_design -top main_wrapper -part xc7a35ticsg324-1L -directive AlternateRoutability -no_lc -shreg_min_size 10
Starting synth_design
Attempting to get a license for feature 'Synthesis' and/or device 'xc7a35ti'
INFO: [Common 17-349] Got license for feature 'Synthesis' and/or device 'xc7a35ti'
INFO: [Device 21-403] Loading part xc7a35ticsg324-1L
INFO: [Device 21-9227] Part: xc7a35ticsg324-1L does not have CEAM library.
INFO: [Designutils 20-5440] No compile time benefit to using incremental synthesis; A full resynthesis will be run
INFO: [Designutils 20-4379] Flow is switching to default flow due to incremental criteria not met. If you would like to alter this behaviour and have the flow terminate instead, please set the following parameter config_implementation {autoIncr.Synth.RejectBehavior Terminate}
INFO: [Synth 8-7079] Multithreading enabled for synth_design using a maximum of 2 processes.
INFO: [Synth 8-7078] Launching helper process for spawning children vivado processes
INFO: [Synth 8-7075] Helper process launched with PID 26140
---------------------------------------------------------------------------------
Starting RTL Elaboration : Time (s): cpu = 00:00:03 ; elapsed = 00:00:06 . Memory (MB): peak = 1385.789 ; gain = 447.594
---------------------------------------------------------------------------------
INFO: [Synth 8-638] synthesizing module 'main_wrapper' [C:/Development/SixteenShadesOfCpu/vivado/Integration/Integration.gen/sources_1/bd/main/hdl/main_wrapper.vhd:23]
INFO: [Synth 8-3491] module 'main' declared at 'c:/Development/SixteenShadesOfCpu/vivado/Integration/Integration.gen/sources_1/bd/main/synth/main.vhd:15' bound to instance 'main_i' of component 'main' [C:/Development/SixteenShadesOfCpu/vivado/Integration/Integration.gen/sources_1/bd/main/hdl/main_wrapper.vhd:32]
INFO: [Synth 8-638] synthesizing module 'main' [c:/Development/SixteenShadesOfCpu/vivado/Integration/Integration.gen/sources_1/bd/main/synth/main.vhd:27]
INFO: [Synth 8-3491] module 'main_ALU_0_0' declared at 'c:/Development/SixteenShadesOfCpu/vivado/Integration/Integration.gen/sources_1/bd/main/ip/main_ALU_0_0/synth/main_ALU_0_0.vhd:56' bound to instance 'ALU_0' of component 'main_ALU_0_0' [c:/Development/SixteenShadesOfCpu/vivado/Integration/Integration.gen/sources_1/bd/main/synth/main.vhd:527]
INFO: [Synth 8-638] synthesizing module 'main_ALU_0_0' [c:/Development/SixteenShadesOfCpu/vivado/Integration/Integration.gen/sources_1/bd/main/ip/main_ALU_0_0/synth/main_ALU_0_0.vhd:73]
INFO: [Synth 8-3491] module 'ALU' declared at 'C:/Development/SixteenShadesOfCpu/vivado/ALU_Testing/ALU_Testing.srcs/sources_1/new/ALU.vhd:34' bound to instance 'U0' of component 'ALU' [c:/Development/SixteenShadesOfCpu/vivado/Integration/Integration.gen/sources_1/bd/main/ip/main_ALU_0_0/synth/main_ALU_0_0.vhd:101]
INFO: [Synth 8-638] synthesizing module 'ALU' [C:/Development/SixteenShadesOfCpu/vivado/ALU_Testing/ALU_Testing.srcs/sources_1/new/ALU.vhd:52]
WARNING: [Synth 8-614] signal 'ALU_OPP' is read in the process but is not in the sensitivity list [C:/Development/SixteenShadesOfCpu/vivado/ALU_Testing/ALU_Testing.srcs/sources_1/new/ALU.vhd:78]
WARNING: [Synth 8-614] signal 'D2' is read in the process but is not in the sensitivity list [C:/Development/SixteenShadesOfCpu/vivado/ALU_Testing/ALU_Testing.srcs/sources_1/new/ALU.vhd:78]
WARNING: [Synth 8-614] signal 'D1' is read in the process but is not in the sensitivity list [C:/Development/SixteenShadesOfCpu/vivado/ALU_Testing/ALU_Testing.srcs/sources_1/new/ALU.vhd:78]
WARNING: [Synth 8-614] signal 'RHO_PIN' is read in the process but is not in the sensitivity list [C:/Development/SixteenShadesOfCpu/vivado/ALU_Testing/ALU_Testing.srcs/sources_1/new/ALU.vhd:78]
INFO: [Synth 8-256] done synthesizing module 'ALU' (0#1) [C:/Development/SixteenShadesOfCpu/vivado/ALU_Testing/ALU_Testing.srcs/sources_1/new/ALU.vhd:52]
INFO: [Synth 8-256] done synthesizing module 'main_ALU_0_0' (0#1) [c:/Development/SixteenShadesOfCpu/vivado/Integration/Integration.gen/sources_1/bd/main/ip/main_ALU_0_0/synth/main_ALU_0_0.vhd:73]
INFO: [Synth 8-3491] module 'main_ALU_FLAG_PACKER_0_1' declared at 'c:/Development/SixteenShadesOfCpu/vivado/Integration/Integration.gen/sources_1/bd/main/ip/main_ALU_FLAG_PACKER_0_1/synth/main_ALU_FLAG_PACKER_0_1.vhd:56' bound to instance 'ALU_FLAG_PACKER_0' of component 'main_ALU_FLAG_PACKER_0_1' [c:/Development/SixteenShadesOfCpu/vivado/Integration/Integration.gen/sources_1/bd/main/synth/main.vhd:542]
INFO: [Synth 8-638] synthesizing module 'main_ALU_FLAG_PACKER_0_1' [c:/Development/SixteenShadesOfCpu/vivado/Integration/Integration.gen/sources_1/bd/main/ip/main_ALU_FLAG_PACKER_0_1/synth/main_ALU_FLAG_PACKER_0_1.vhd:69]
INFO: [Synth 8-3491] module 'ALU_FLAG_PACKER' declared at 'C:/Development/SixteenShadesOfCpu/vivado/ALU_Testing/ALU_Testing.srcs/sources_1/new/ALU_FLAG_PACKER.vhd:34' bound to instance 'U0' of component 'ALU_FLAG_PACKER' [c:/Development/SixteenShadesOfCpu/vivado/Integration/Integration.gen/sources_1/bd/main/ip/main_ALU_FLAG_PACKER_0_1/synth/main_ALU_FLAG_PACKER_0_1.vhd:93]
INFO: [Synth 8-638] synthesizing module 'ALU_FLAG_PACKER' [C:/Development/SixteenShadesOfCpu/vivado/ALU_Testing/ALU_Testing.srcs/sources_1/new/ALU_FLAG_PACKER.vhd:47]
INFO: [Synth 8-256] done synthesizing module 'ALU_FLAG_PACKER' (0#1) [C:/Development/SixteenShadesOfCpu/vivado/ALU_Testing/ALU_Testing.srcs/sources_1/new/ALU_FLAG_PACKER.vhd:47]
INFO: [Synth 8-256] done synthesizing module 'main_ALU_FLAG_PACKER_0_1' (0#1) [c:/Development/SixteenShadesOfCpu/vivado/Integration/Integration.gen/sources_1/bd/main/ip/main_ALU_FLAG_PACKER_0_1/synth/main_ALU_FLAG_PACKER_0_1.vhd:69]
INFO: [Synth 8-3491] module 'main_CU_Decoder_0_0' declared at 'c:/Development/SixteenShadesOfCpu/vivado/Integration/Integration.gen/sources_1/bd/main/ip/main_CU_Decoder_0_0/synth/main_CU_Decoder_0_0.vhd:56' bound to instance 'CU_Decoder_0' of component 'main_CU_Decoder_0_0' [c:/Development/SixteenShadesOfCpu/vivado/Integration/Integration.gen/sources_1/bd/main/synth/main.vhd:553]
INFO: [Synth 8-638] synthesizing module 'main_CU_Decoder_0_0' [c:/Development/SixteenShadesOfCpu/vivado/Integration/Integration.gen/sources_1/bd/main/ip/main_CU_Decoder_0_0/synth/main_CU_Decoder_0_0.vhd:76]
INFO: [Synth 8-3491] module 'CU_Decoder' declared at 'C:/Development/SixteenShadesOfCpu/vivado/ControlUnit/ControlUnit.srcs/sources_1/new/CU_Decoder.vhd:34' bound to instance 'U0' of component 'CU_Decoder' [c:/Development/SixteenShadesOfCpu/vivado/Integration/Integration.gen/sources_1/bd/main/ip/main_CU_Decoder_0_0/synth/main_CU_Decoder_0_0.vhd:107]
INFO: [Synth 8-638] synthesizing module 'CU_Decoder' [C:/Development/SixteenShadesOfCpu/vivado/ControlUnit/ControlUnit.srcs/sources_1/new/CU_Decoder.vhd:52]
INFO: [Synth 8-256] done synthesizing module 'CU_Decoder' (0#1) [C:/Development/SixteenShadesOfCpu/vivado/ControlUnit/ControlUnit.srcs/sources_1/new/CU_Decoder.vhd:52]
INFO: [Synth 8-256] done synthesizing module 'main_CU_Decoder_0_0' (0#1) [c:/Development/SixteenShadesOfCpu/vivado/Integration/Integration.gen/sources_1/bd/main/ip/main_CU_Decoder_0_0/synth/main_CU_Decoder_0_0.vhd:76]
INFO: [Synth 8-3491] module 'main_CU_ImmediateManipula_0_0' declared at 'c:/Development/SixteenShadesOfCpu/vivado/Integration/Integration.gen/sources_1/bd/main/ip/main_CU_ImmediateManipula_0_0/synth/main_CU_ImmediateManipula_0_0.vhd:56' bound to instance 'CU_ImmediateManipula_0' of component 'main_CU_ImmediateManipula_0_0' [c:/Development/SixteenShadesOfCpu/vivado/Integration/Integration.gen/sources_1/bd/main/synth/main.vhd:571]
INFO: [Synth 8-638] synthesizing module 'main_CU_ImmediateManipula_0_0' [c:/Development/SixteenShadesOfCpu/vivado/Integration/Integration.gen/sources_1/bd/main/ip/main_CU_ImmediateManipula_0_0/synth/main_CU_ImmediateManipula_0_0.vhd:66]
INFO: [Synth 8-3491] module 'CU_ImmediateManipulator' declared at 'C:/Development/SixteenShadesOfCpu/vivado/ControlUnit/ControlUnit.srcs/sources_1/new/CU_ImmediateManipulator.vhd:34' bound to instance 'U0' of component 'CU_ImmediateManipulator' [c:/Development/SixteenShadesOfCpu/vivado/Integration/Integration.gen/sources_1/bd/main/ip/main_CU_ImmediateManipula_0_0/synth/main_CU_ImmediateManipula_0_0.vhd:87]
INFO: [Synth 8-638] synthesizing module 'CU_ImmediateManipulator' [C:/Development/SixteenShadesOfCpu/vivado/ControlUnit/ControlUnit.srcs/sources_1/new/CU_ImmediateManipulator.vhd:42]
INFO: [Synth 8-226] default block is never used [C:/Development/SixteenShadesOfCpu/vivado/ControlUnit/ControlUnit.srcs/sources_1/new/CU_ImmediateManipulator.vhd:56]
INFO: [Synth 8-256] done synthesizing module 'CU_ImmediateManipulator' (0#1) [C:/Development/SixteenShadesOfCpu/vivado/ControlUnit/ControlUnit.srcs/sources_1/new/CU_ImmediateManipulator.vhd:42]
INFO: [Synth 8-256] done synthesizing module 'main_CU_ImmediateManipula_0_0' (0#1) [c:/Development/SixteenShadesOfCpu/vivado/Integration/Integration.gen/sources_1/bd/main/ip/main_CU_ImmediateManipula_0_0/synth/main_CU_ImmediateManipula_0_0.vhd:66]
INFO: [Synth 8-3491] module 'main_CU_JumpController_0_0' declared at 'c:/Development/SixteenShadesOfCpu/vivado/Integration/Integration.gen/sources_1/bd/main/ip/main_CU_JumpController_0_0/synth/main_CU_JumpController_0_0.vhd:56' bound to instance 'CU_JumpController_0' of component 'main_CU_JumpController_0_0' [c:/Development/SixteenShadesOfCpu/vivado/Integration/Integration.gen/sources_1/bd/main/synth/main.vhd:579]
INFO: [Synth 8-638] synthesizing module 'main_CU_JumpController_0_0' [c:/Development/SixteenShadesOfCpu/vivado/Integration/Integration.gen/sources_1/bd/main/ip/main_CU_JumpController_0_0/synth/main_CU_JumpController_0_0.vhd:71]
INFO: [Synth 8-3491] module 'CU_JumpController' declared at 'C:/Development/SixteenShadesOfCpu/vivado/ControlUnit/ControlUnit.srcs/sources_1/new/CU_JumpController.vhd:34' bound to instance 'U0' of component 'CU_JumpController' [c:/Development/SixteenShadesOfCpu/vivado/Integration/Integration.gen/sources_1/bd/main/ip/main_CU_JumpController_0_0/synth/main_CU_JumpController_0_0.vhd:101]
INFO: [Synth 8-638] synthesizing module 'CU_JumpController' [C:/Development/SixteenShadesOfCpu/vivado/ControlUnit/ControlUnit.srcs/sources_1/new/CU_JumpController.vhd:47]
INFO: [Synth 8-3491] module 'FlagUnpacker' declared at 'C:/Development/SixteenShadesOfCpu/vivado/ControlUnit/ControlUnit.srcs/sources_1/new/FlagUnpacker.vhd:34' bound to instance 'FlagUnpackerInstance' of component 'FlagUnpacker' [C:/Development/SixteenShadesOfCpu/vivado/ControlUnit/ControlUnit.srcs/sources_1/new/CU_JumpController.vhd:67]
INFO: [Synth 8-638] synthesizing module 'FlagUnpacker' [C:/Development/SixteenShadesOfCpu/vivado/ControlUnit/ControlUnit.srcs/sources_1/new/FlagUnpacker.vhd:44]
INFO: [Synth 8-256] done synthesizing module 'FlagUnpacker' (0#1) [C:/Development/SixteenShadesOfCpu/vivado/ControlUnit/ControlUnit.srcs/sources_1/new/FlagUnpacker.vhd:44]
INFO: [Synth 8-226] default block is never used [C:/Development/SixteenShadesOfCpu/vivado/ControlUnit/ControlUnit.srcs/sources_1/new/CU_JumpController.vhd:79]
INFO: [Synth 8-226] default block is never used [C:/Development/SixteenShadesOfCpu/vivado/ControlUnit/ControlUnit.srcs/sources_1/new/CU_JumpController.vhd:94]
INFO: [Synth 8-256] done synthesizing module 'CU_JumpController' (0#1) [C:/Development/SixteenShadesOfCpu/vivado/ControlUnit/ControlUnit.srcs/sources_1/new/CU_JumpController.vhd:47]
INFO: [Synth 8-256] done synthesizing module 'main_CU_JumpController_0_0' (0#1) [c:/Development/SixteenShadesOfCpu/vivado/Integration/Integration.gen/sources_1/bd/main/ip/main_CU_JumpController_0_0/synth/main_CU_JumpController_0_0.vhd:71]
INFO: [Synth 8-3491] module 'main_CU_JumpDestinationSe_0_0' declared at 'c:/Development/SixteenShadesOfCpu/vivado/Integration/Integration.gen/sources_1/bd/main/ip/main_CU_JumpDestinationSe_0_0/synth/main_CU_JumpDestinationSe_0_0.vhd:56' bound to instance 'CU_JumpDestinationSe_0' of component 'main_CU_JumpDestinationSe_0_0' [c:/Development/SixteenShadesOfCpu/vivado/Integration/Integration.gen/sources_1/bd/main/synth/main.vhd:592]
INFO: [Synth 8-638] synthesizing module 'main_CU_JumpDestinationSe_0_0' [c:/Development/SixteenShadesOfCpu/vivado/Integration/Integration.gen/sources_1/bd/main/ip/main_CU_JumpDestinationSe_0_0/synth/main_CU_JumpDestinationSe_0_0.vhd:65]
INFO: [Synth 8-3491] module 'CU_JumpDestinationSelector' declared at 'C:/Development/SixteenShadesOfCpu/vivado/ControlUnit/ControlUnit.srcs/sources_1/new/CU_JumpDestinationSelector.vhd:34' bound to instance 'U0' of component 'CU_JumpDestinationSelector' [c:/Development/SixteenShadesOfCpu/vivado/Integration/Integration.gen/sources_1/bd/main/ip/main_CU_JumpDestinationSe_0_0/synth/main_CU_JumpDestinationSe_0_0.vhd:85]
INFO: [Synth 8-638] synthesizing module 'CU_JumpDestinationSelector' [C:/Development/SixteenShadesOfCpu/vivado/ControlUnit/ControlUnit.srcs/sources_1/new/CU_JumpDestinationSelector.vhd:41]
INFO: [Synth 8-226] default block is never used [C:/Development/SixteenShadesOfCpu/vivado/ControlUnit/ControlUnit.srcs/sources_1/new/CU_JumpDestinationSelector.vhd:45]
INFO: [Synth 8-256] done synthesizing module 'CU_JumpDestinationSelector' (0#1) [C:/Development/SixteenShadesOfCpu/vivado/ControlUnit/ControlUnit.srcs/sources_1/new/CU_JumpDestinationSelector.vhd:41]
INFO: [Synth 8-256] done synthesizing module 'main_CU_JumpDestinationSe_0_0' (0#1) [c:/Development/SixteenShadesOfCpu/vivado/Integration/Integration.gen/sources_1/bd/main/ip/main_CU_JumpDestinationSe_0_0/synth/main_CU_JumpDestinationSe_0_0.vhd:65]
INFO: [Synth 8-3491] module 'main_CU_RAMAddressControl_0_0' declared at 'c:/Development/SixteenShadesOfCpu/vivado/Integration/Integration.gen/sources_1/bd/main/ip/main_CU_RAMAddressControl_0_0/synth/main_CU_RAMAddressControl_0_0.vhd:56' bound to instance 'CU_RAMAddressControl_0' of component 'main_CU_RAMAddressControl_0_0' [c:/Development/SixteenShadesOfCpu/vivado/Integration/Integration.gen/sources_1/bd/main/synth/main.vhd:599]
INFO: [Synth 8-638] synthesizing module 'main_CU_RAMAddressControl_0_0' [c:/Development/SixteenShadesOfCpu/vivado/Integration/Integration.gen/sources_1/bd/main/ip/main_CU_RAMAddressControl_0_0/synth/main_CU_RAMAddressControl_0_0.vhd:67]
INFO: [Synth 8-3491] module 'CU_RAMAddressController' declared at 'C:/Development/SixteenShadesOfCpu/vivado/ControlUnit/ControlUnit.srcs/sources_1/new/CU_RAMAddressController.vhd:34' bound to instance 'U0' of component 'CU_RAMAddressController' [c:/Development/SixteenShadesOfCpu/vivado/Integration/Integration.gen/sources_1/bd/main/ip/main_CU_RAMAddressControl_0_0/synth/main_CU_RAMAddressControl_0_0.vhd:89]
INFO: [Synth 8-638] synthesizing module 'CU_RAMAddressController' [C:/Development/SixteenShadesOfCpu/vivado/ControlUnit/ControlUnit.srcs/sources_1/new/CU_RAMAddressController.vhd:43]
INFO: [Synth 8-226] default block is never used [C:/Development/SixteenShadesOfCpu/vivado/ControlUnit/ControlUnit.srcs/sources_1/new/CU_RAMAddressController.vhd:46]
INFO: [Synth 8-226] default block is never used [C:/Development/SixteenShadesOfCpu/vivado/ControlUnit/ControlUnit.srcs/sources_1/new/CU_RAMAddressController.vhd:51]
INFO: [Synth 8-256] done synthesizing module 'CU_RAMAddressController' (0#1) [C:/Development/SixteenShadesOfCpu/vivado/ControlUnit/ControlUnit.srcs/sources_1/new/CU_RAMAddressController.vhd:43]
INFO: [Synth 8-256] done synthesizing module 'main_CU_RAMAddressControl_0_0' (0#1) [c:/Development/SixteenShadesOfCpu/vivado/Integration/Integration.gen/sources_1/bd/main/ip/main_CU_RAMAddressControl_0_0/synth/main_CU_RAMAddressControl_0_0.vhd:67]
INFO: [Synth 8-3491] module 'main_CU_WriteSelector_0_0' declared at 'c:/Development/SixteenShadesOfCpu/vivado/Integration/Integration.gen/sources_1/bd/main/ip/main_CU_WriteSelector_0_0/synth/main_CU_WriteSelector_0_0.vhd:56' bound to instance 'CU_WriteSelector_0' of component 'main_CU_WriteSelector_0_0' [c:/Development/SixteenShadesOfCpu/vivado/Integration/Integration.gen/sources_1/bd/main/synth/main.vhd:608]
INFO: [Synth 8-638] synthesizing module 'main_CU_WriteSelector_0_0' [c:/Development/SixteenShadesOfCpu/vivado/Integration/Integration.gen/sources_1/bd/main/ip/main_CU_WriteSelector_0_0/synth/main_CU_WriteSelector_0_0.vhd:67]
INFO: [Synth 8-3491] module 'CU_WriteSelector' declared at 'C:/Development/SixteenShadesOfCpu/vivado/ControlUnit/ControlUnit.srcs/sources_1/new/CU_WriteSelector.vhd:34' bound to instance 'U0' of component 'CU_WriteSelector' [c:/Development/SixteenShadesOfCpu/vivado/Integration/Integration.gen/sources_1/bd/main/ip/main_CU_WriteSelector_0_0/synth/main_CU_WriteSelector_0_0.vhd:89]
INFO: [Synth 8-638] synthesizing module 'CU_WriteSelector' [C:/Development/SixteenShadesOfCpu/vivado/ControlUnit/ControlUnit.srcs/sources_1/new/CU_WriteSelector.vhd:43]
INFO: [Synth 8-226] default block is never used [C:/Development/SixteenShadesOfCpu/vivado/ControlUnit/ControlUnit.srcs/sources_1/new/CU_WriteSelector.vhd:47]
INFO: [Synth 8-256] done synthesizing module 'CU_WriteSelector' (0#1) [C:/Development/SixteenShadesOfCpu/vivado/ControlUnit/ControlUnit.srcs/sources_1/new/CU_WriteSelector.vhd:43]
INFO: [Synth 8-256] done synthesizing module 'main_CU_WriteSelector_0_0' (0#1) [c:/Development/SixteenShadesOfCpu/vivado/Integration/Integration.gen/sources_1/bd/main/ip/main_CU_WriteSelector_0_0/synth/main_CU_WriteSelector_0_0.vhd:67]
INFO: [Synth 8-3491] module 'main_Decoder_0_0' declared at 'c:/Development/SixteenShadesOfCpu/vivado/Integration/Integration.gen/sources_1/bd/main/ip/main_Decoder_0_0/synth/main_Decoder_0_0.vhd:56' bound to instance 'Decoder_0' of component 'main_Decoder_0_0' [c:/Development/SixteenShadesOfCpu/vivado/Integration/Integration.gen/sources_1/bd/main/synth/main.vhd:617]
INFO: [Synth 8-638] synthesizing module 'main_Decoder_0_0' [c:/Development/SixteenShadesOfCpu/vivado/Integration/Integration.gen/sources_1/bd/main/ip/main_Decoder_0_0/synth/main_Decoder_0_0.vhd:68]
INFO: [Synth 8-3491] module 'Decoder' declared at 'C:/Development/SixteenShadesOfCpu/vivado/Pipelining/Pipelining.srcs/sources_1/new/Decoder.vhd:34' bound to instance 'U0' of component 'Decoder' [c:/Development/SixteenShadesOfCpu/vivado/Integration/Integration.gen/sources_1/bd/main/ip/main_Decoder_0_0/synth/main_Decoder_0_0.vhd:91]
INFO: [Synth 8-638] synthesizing module 'Decoder' [C:/Development/SixteenShadesOfCpu/vivado/Pipelining/Pipelining.srcs/sources_1/new/Decoder.vhd:44]
INFO: [Synth 8-226] default block is never used [C:/Development/SixteenShadesOfCpu/vivado/Pipelining/Pipelining.srcs/sources_1/new/Decoder.vhd:52]
INFO: [Synth 8-226] default block is never used [C:/Development/SixteenShadesOfCpu/vivado/Pipelining/Pipelining.srcs/sources_1/new/Decoder.vhd:71]
INFO: [Synth 8-226] default block is never used [C:/Development/SixteenShadesOfCpu/vivado/Pipelining/Pipelining.srcs/sources_1/new/Decoder.vhd:90]
INFO: [Synth 8-226] default block is never used [C:/Development/SixteenShadesOfCpu/vivado/Pipelining/Pipelining.srcs/sources_1/new/Decoder.vhd:130]
INFO: [Synth 8-226] default block is never used [C:/Development/SixteenShadesOfCpu/vivado/Pipelining/Pipelining.srcs/sources_1/new/Decoder.vhd:150]
INFO: [Synth 8-256] done synthesizing module 'Decoder' (0#1) [C:/Development/SixteenShadesOfCpu/vivado/Pipelining/Pipelining.srcs/sources_1/new/Decoder.vhd:44]
INFO: [Synth 8-256] done synthesizing module 'main_Decoder_0_0' (0#1) [c:/Development/SixteenShadesOfCpu/vivado/Integration/Integration.gen/sources_1/bd/main/ip/main_Decoder_0_0/synth/main_Decoder_0_0.vhd:68]
INFO: [Synth 8-3491] module 'main_Pipelining_Controller_0_0' declared at 'c:/Development/SixteenShadesOfCpu/vivado/Integration/Integration.gen/sources_1/bd/main/ip/main_Pipelining_Controller_0_0/synth/main_Pipelining_Controller_0_0.vhd:56' bound to instance 'Pipelining_Controller_0' of component 'main_Pipelining_Controller_0_0' [c:/Development/SixteenShadesOfCpu/vivado/Integration/Integration.gen/sources_1/bd/main/synth/main.vhd:627]
INFO: [Synth 8-638] synthesizing module 'main_Pipelining_Controller_0_0' [c:/Development/SixteenShadesOfCpu/vivado/Integration/Integration.gen/sources_1/bd/main/ip/main_Pipelining_Controller_0_0/synth/main_Pipelining_Controller_0_0.vhd:69]
INFO: [Synth 8-3491] module 'Pipelining_Controller' declared at 'C:/Development/SixteenShadesOfCpu/vivado/Pipelining/Pipelining.srcs/sources_1/new/Pipelining_Controller.vhd:34' bound to instance 'U0' of component 'Pipelining_Controller' [c:/Development/SixteenShadesOfCpu/vivado/Integration/Integration.gen/sources_1/bd/main/ip/main_Pipelining_Controller_0_0/synth/main_Pipelining_Controller_0_0.vhd:101]
INFO: [Synth 8-638] synthesizing module 'Pipelining_Controller' [C:/Development/SixteenShadesOfCpu/vivado/Pipelining/Pipelining.srcs/sources_1/new/Pipelining_Controller.vhd:45]
INFO: [Synth 8-3491] module 'CU_Decoder' declared at 'C:/Development/SixteenShadesOfCpu/vivado/ControlUnit/ControlUnit.srcs/sources_1/new/CU_Decoder.vhd:34' bound to instance 'CU_Decoder_RF' of component 'CU_Decoder' [C:/Development/SixteenShadesOfCpu/vivado/Pipelining/Pipelining.srcs/sources_1/new/Pipelining_Controller.vhd:97]
INFO: [Synth 8-3491] module 'Decoder' declared at 'C:/Development/SixteenShadesOfCpu/vivado/Pipelining/Pipelining.srcs/sources_1/new/Decoder.vhd:34' bound to instance 'Decoder_RF' of component 'Decoder' [C:/Development/SixteenShadesOfCpu/vivado/Pipelining/Pipelining.srcs/sources_1/new/Pipelining_Controller.vhd:104]
INFO: [Synth 8-3491] module 'CU_Decoder' declared at 'C:/Development/SixteenShadesOfCpu/vivado/ControlUnit/ControlUnit.srcs/sources_1/new/CU_Decoder.vhd:34' bound to instance 'CU_Decoder_Exec' of component 'CU_Decoder' [C:/Development/SixteenShadesOfCpu/vivado/Pipelining/Pipelining.srcs/sources_1/new/Pipelining_Controller.vhd:111]
INFO: [Synth 8-3491] module 'Decoder' declared at 'C:/Development/SixteenShadesOfCpu/vivado/Pipelining/Pipelining.srcs/sources_1/new/Decoder.vhd:34' bound to instance 'Decoder_Exec' of component 'Decoder' [C:/Development/SixteenShadesOfCpu/vivado/Pipelining/Pipelining.srcs/sources_1/new/Pipelining_Controller.vhd:118]
WARNING: [Synth 8-614] signal 'taking_data' is read in the process but is not in the sensitivity list [C:/Development/SixteenShadesOfCpu/vivado/Pipelining/Pipelining.srcs/sources_1/new/Pipelining_Controller.vhd:135]
INFO: [Synth 8-256] done synthesizing module 'Pipelining_Controller' (0#1) [C:/Development/SixteenShadesOfCpu/vivado/Pipelining/Pipelining.srcs/sources_1/new/Pipelining_Controller.vhd:45]
INFO: [Synth 8-256] done synthesizing module 'main_Pipelining_Controller_0_0' (0#1) [c:/Development/SixteenShadesOfCpu/vivado/Integration/Integration.gen/sources_1/bd/main/ip/main_Pipelining_Controller_0_0/synth/main_Pipelining_Controller_0_0.vhd:69]
INFO: [Synth 8-3491] module 'main_Pipelining_Execution_0_0' declared at 'c:/Development/SixteenShadesOfCpu/vivado/Integration/Integration.gen/sources_1/bd/main/ip/main_Pipelining_Execution_0_0/synth/main_Pipelining_Execution_0_0.vhd:56' bound to instance 'Pipelining_Execution_0' of component 'main_Pipelining_Execution_0_0' [c:/Development/SixteenShadesOfCpu/vivado/Integration/Integration.gen/sources_1/bd/main/synth/main.vhd:638]
INFO: [Synth 8-638] synthesizing module 'main_Pipelining_Execution_0_0' [c:/Development/SixteenShadesOfCpu/vivado/Integration/Integration.gen/sources_1/bd/main/ip/main_Pipelining_Execution_0_0/synth/main_Pipelining_Execution_0_0.vhd:103]
INFO: [Synth 8-3491] module 'Pipelining_ExecutionStage' declared at 'C:/Development/SixteenShadesOfCpu/vivado/Pipelining/Pipelining.srcs/sources_1/new/Pipelining_ExecutionStage.vhd:34' bound to instance 'U0' of component 'Pipelining_ExecutionStage' [c:/Development/SixteenShadesOfCpu/vivado/Integration/Integration.gen/sources_1/bd/main/ip/main_Pipelining_Execution_0_0/synth/main_Pipelining_Execution_0_0.vhd:167]
INFO: [Synth 8-638] synthesizing module 'Pipelining_ExecutionStage' [C:/Development/SixteenShadesOfCpu/vivado/Pipelining/Pipelining.srcs/sources_1/new/Pipelining_ExecutionStage.vhd:78]
INFO: [Synth 8-256] done synthesizing module 'Pipelining_ExecutionStage' (0#1) [C:/Development/SixteenShadesOfCpu/vivado/Pipelining/Pipelining.srcs/sources_1/new/Pipelining_ExecutionStage.vhd:78]
INFO: [Synth 8-256] done synthesizing module 'main_Pipelining_Execution_0_0' (0#1) [c:/Development/SixteenShadesOfCpu/vivado/Integration/Integration.gen/sources_1/bd/main/ip/main_Pipelining_Execution_0_0/synth/main_Pipelining_Execution_0_0.vhd:103]
INFO: [Synth 8-3491] module 'main_Pipelining_Forwarder_0_0' declared at 'c:/Development/SixteenShadesOfCpu/vivado/Integration/Integration.gen/sources_1/bd/main/ip/main_Pipelining_Forwarder_0_0/synth/main_Pipelining_Forwarder_0_0.vhd:56' bound to instance 'Pipelining_Forwarder_0' of component 'main_Pipelining_Forwarder_0_0' [c:/Development/SixteenShadesOfCpu/vivado/Integration/Integration.gen/sources_1/bd/main/synth/main.vhd:683]
INFO: [Synth 8-638] synthesizing module 'main_Pipelining_Forwarder_0_0' [c:/Development/SixteenShadesOfCpu/vivado/Integration/Integration.gen/sources_1/bd/main/ip/main_Pipelining_Forwarder_0_0/synth/main_Pipelining_Forwarder_0_0.vhd:70]
INFO: [Synth 8-3491] module 'Pipelining_Forwarder' declared at 'C:/Development/SixteenShadesOfCpu/vivado/Pipelining/Pipelining.srcs/sources_1/new/Pipelining_Forwarder.vhd:34' bound to instance 'U0' of component 'Pipelining_Forwarder' [c:/Development/SixteenShadesOfCpu/vivado/Integration/Integration.gen/sources_1/bd/main/ip/main_Pipelining_Forwarder_0_0/synth/main_Pipelining_Forwarder_0_0.vhd:95]
INFO: [Synth 8-638] synthesizing module 'Pipelining_Forwarder' [C:/Development/SixteenShadesOfCpu/vivado/Pipelining/Pipelining.srcs/sources_1/new/Pipelining_Forwarder.vhd:46]
INFO: [Synth 8-226] default block is never used [C:/Development/SixteenShadesOfCpu/vivado/Pipelining/Pipelining.srcs/sources_1/new/Pipelining_Forwarder.vhd:55]
INFO: [Synth 8-226] default block is never used [C:/Development/SixteenShadesOfCpu/vivado/Pipelining/Pipelining.srcs/sources_1/new/Pipelining_Forwarder.vhd:62]
INFO: [Synth 8-226] default block is never used [C:/Development/SixteenShadesOfCpu/vivado/Pipelining/Pipelining.srcs/sources_1/new/Pipelining_Forwarder.vhd:69]
INFO: [Synth 8-256] done synthesizing module 'Pipelining_Forwarder' (0#1) [C:/Development/SixteenShadesOfCpu/vivado/Pipelining/Pipelining.srcs/sources_1/new/Pipelining_Forwarder.vhd:46]
INFO: [Synth 8-256] done synthesizing module 'main_Pipelining_Forwarder_0_0' (0#1) [c:/Development/SixteenShadesOfCpu/vivado/Integration/Integration.gen/sources_1/bd/main/ip/main_Pipelining_Forwarder_0_0/synth/main_Pipelining_Forwarder_0_0.vhd:70]
INFO: [Synth 8-3491] module 'main_Pipelining_WriteBack_0_0' declared at 'c:/Development/SixteenShadesOfCpu/vivado/Integration/Integration.gen/sources_1/bd/main/ip/main_Pipelining_WriteBack_0_0/synth/main_Pipelining_WriteBack_0_0.vhd:56' bound to instance 'Pipelining_WriteBack_0' of component 'main_Pipelining_WriteBack_0_0' [c:/Development/SixteenShadesOfCpu/vivado/Integration/Integration.gen/sources_1/bd/main/synth/main.vhd:695]
INFO: [Synth 8-638] synthesizing module 'main_Pipelining_WriteBack_0_0' [c:/Development/SixteenShadesOfCpu/vivado/Integration/Integration.gen/sources_1/bd/main/ip/main_Pipelining_WriteBack_0_0/synth/main_Pipelining_WriteBack_0_0.vhd:76]
INFO: [Synth 8-3491] module 'Pipelining_WriteBackStage' declared at 'C:/Development/SixteenShadesOfCpu/vivado/Pipelining/Pipelining.srcs/sources_1/new/Pipelining_WriteBackStage.vhd:34' bound to instance 'U0' of component 'Pipelining_WriteBackStage' [c:/Development/SixteenShadesOfCpu/vivado/Integration/Integration.gen/sources_1/bd/main/ip/main_Pipelining_WriteBack_0_0/synth/main_Pipelining_WriteBack_0_0.vhd:113]
INFO: [Synth 8-638] synthesizing module 'Pipelining_WriteBackStage' [C:/Development/SixteenShadesOfCpu/vivado/Pipelining/Pipelining.srcs/sources_1/new/Pipelining_WriteBackStage.vhd:52]
INFO: [Synth 8-256] done synthesizing module 'Pipelining_WriteBackStage' (0#1) [C:/Development/SixteenShadesOfCpu/vivado/Pipelining/Pipelining.srcs/sources_1/new/Pipelining_WriteBackStage.vhd:52]
INFO: [Synth 8-256] done synthesizing module 'main_Pipelining_WriteBack_0_0' (0#1) [c:/Development/SixteenShadesOfCpu/vivado/Integration/Integration.gen/sources_1/bd/main/ip/main_Pipelining_WriteBack_0_0/synth/main_Pipelining_WriteBack_0_0.vhd:76]
INFO: [Synth 8-3491] module 'main_ProgramCounter_0_0' declared at 'c:/Development/SixteenShadesOfCpu/vivado/Integration/Integration.gen/sources_1/bd/main/ip/main_ProgramCounter_0_0/synth/main_ProgramCounter_0_0.vhd:56' bound to instance 'ProgramCounter_0' of component 'main_ProgramCounter_0_0' [c:/Development/SixteenShadesOfCpu/vivado/Integration/Integration.gen/sources_1/bd/main/synth/main.vhd:713]
INFO: [Synth 8-638] synthesizing module 'main_ProgramCounter_0_0' [c:/Development/SixteenShadesOfCpu/vivado/Integration/Integration.gen/sources_1/bd/main/ip/main_ProgramCounter_0_0/synth/main_ProgramCounter_0_0.vhd:68]
INFO: [Synth 8-3491] module 'ProgramCounter' declared at 'C:/Development/SixteenShadesOfCpu/vivado/RegisterFile/RegFile.srcs/sources_1/new/ProgramCounter.vhd:35' bound to instance 'U0' of component 'ProgramCounter' [c:/Development/SixteenShadesOfCpu/vivado/Integration/Integration.gen/sources_1/bd/main/ip/main_ProgramCounter_0_0/synth/main_ProgramCounter_0_0.vhd:99]
INFO: [Synth 8-638] synthesizing module 'ProgramCounter' [C:/Development/SixteenShadesOfCpu/vivado/RegisterFile/RegFile.srcs/sources_1/new/ProgramCounter.vhd:48]
INFO: [Synth 8-256] done synthesizing module 'ProgramCounter' (0#1) [C:/Development/SixteenShadesOfCpu/vivado/RegisterFile/RegFile.srcs/sources_1/new/ProgramCounter.vhd:48]
INFO: [Synth 8-256] done synthesizing module 'main_ProgramCounter_0_0' (0#1) [c:/Development/SixteenShadesOfCpu/vivado/Integration/Integration.gen/sources_1/bd/main/ip/main_ProgramCounter_0_0/synth/main_ProgramCounter_0_0.vhd:68]
INFO: [Synth 8-3491] module 'main_RegFile_0_0' declared at 'c:/Development/SixteenShadesOfCpu/vivado/Integration/Integration.gen/sources_1/bd/main/ip/main_RegFile_0_0/synth/main_RegFile_0_0.vhd:56' bound to instance 'RegFile_0' of component 'main_RegFile_0_0' [c:/Development/SixteenShadesOfCpu/vivado/Integration/Integration.gen/sources_1/bd/main/synth/main.vhd:723]
INFO: [Synth 8-638] synthesizing module 'main_RegFile_0_0' [c:/Development/SixteenShadesOfCpu/vivado/Integration/Integration.gen/sources_1/bd/main/ip/main_RegFile_0_0/synth/main_RegFile_0_0.vhd:73]
INFO: [Synth 8-3491] module 'RegFile' declared at 'C:/Development/SixteenShadesOfCpu/vivado/RegisterFile/RegFile.srcs/sources_1/new/RegFile.vhd:34' bound to instance 'U0' of component 'RegFile' [c:/Development/SixteenShadesOfCpu/vivado/Integration/Integration.gen/sources_1/bd/main/ip/main_RegFile_0_0/synth/main_RegFile_0_0.vhd:105]
INFO: [Synth 8-638] synthesizing module 'RegFile' [C:/Development/SixteenShadesOfCpu/vivado/RegisterFile/RegFile.srcs/sources_1/new/RegFile.vhd:52]
INFO: [Synth 8-226] default block is never used [C:/Development/SixteenShadesOfCpu/vivado/RegisterFile/RegFile.srcs/sources_1/new/RegFile.vhd:59]
INFO: [Synth 8-226] default block is never used [C:/Development/SixteenShadesOfCpu/vivado/RegisterFile/RegFile.srcs/sources_1/new/RegFile.vhd:78]
INFO: [Synth 8-226] default block is never used [C:/Development/SixteenShadesOfCpu/vivado/RegisterFile/RegFile.srcs/sources_1/new/RegFile.vhd:104]
INFO: [Synth 8-256] done synthesizing module 'RegFile' (0#1) [C:/Development/SixteenShadesOfCpu/vivado/RegisterFile/RegFile.srcs/sources_1/new/RegFile.vhd:52]
INFO: [Synth 8-256] done synthesizing module 'main_RegFile_0_0' (0#1) [c:/Development/SixteenShadesOfCpu/vivado/Integration/Integration.gen/sources_1/bd/main/ip/main_RegFile_0_0/synth/main_RegFile_0_0.vhd:73]
INFO: [Synth 8-3491] module 'main_clk_wiz_0_0' declared at 'c:/Development/SixteenShadesOfCpu/vivado/Integration/Integration.gen/sources_1/bd/main/ip/main_clk_wiz_0_0/main_clk_wiz_0_0.v:66' bound to instance 'clk_wiz_0' of component 'main_clk_wiz_0_0' [c:/Development/SixteenShadesOfCpu/vivado/Integration/Integration.gen/sources_1/bd/main/synth/main.vhd:738]
INFO: [Synth 8-6157] synthesizing module 'main_clk_wiz_0_0' [c:/Development/SixteenShadesOfCpu/vivado/Integration/Integration.gen/sources_1/bd/main/ip/main_clk_wiz_0_0/main_clk_wiz_0_0.v:66]
INFO: [Synth 8-6157] synthesizing module 'main_clk_wiz_0_0_clk_wiz' [c:/Development/SixteenShadesOfCpu/vivado/Integration/Integration.gen/sources_1/bd/main/ip/main_clk_wiz_0_0/main_clk_wiz_0_0_clk_wiz.v:66]
INFO: [Synth 8-6157] synthesizing module 'IBUF' [C:/Xilinx/Vivado/2024.1/scripts/rt/data/unisim_comp.v:73643]
INFO: [Synth 8-6155] done synthesizing module 'IBUF' (0#1) [C:/Xilinx/Vivado/2024.1/scripts/rt/data/unisim_comp.v:73643]
INFO: [Synth 8-6157] synthesizing module 'MMCME2_ADV' [C:/Xilinx/Vivado/2024.1/scripts/rt/data/unisim_comp.v:82388]
	Parameter BANDWIDTH bound to: OPTIMIZED - type: string 
	Parameter CLKFBOUT_MULT_F bound to: 10.000000 - type: double 
	Parameter CLKFBOUT_PHASE bound to: 0.000000 - type: double 
	Parameter CLKFBOUT_USE_FINE_PS bound to: FALSE - type: string 
	Parameter CLKIN1_PERIOD bound to: 10.000000 - type: double 
	Parameter CLKOUT0_DIVIDE_F bound to: 10.000000 - type: double 
	Parameter CLKOUT0_DUTY_CYCLE bound to: 0.500000 - type: double 
	Parameter CLKOUT0_PHASE bound to: 0.000000 - type: double 
	Parameter CLKOUT0_USE_FINE_PS bound to: FALSE - type: string 
	Parameter CLKOUT1_DIVIDE bound to: 5 - type: integer 
	Parameter CLKOUT1_DUTY_CYCLE bound to: 0.500000 - type: double 
	Parameter CLKOUT1_PHASE bound to: 0.000000 - type: double 
	Parameter CLKOUT1_USE_FINE_PS bound to: FALSE - type: string 
	Parameter CLKOUT4_CASCADE bound to: FALSE - type: string 
	Parameter COMPENSATION bound to: ZHOLD - type: string 
	Parameter DIVCLK_DIVIDE bound to: 1 - type: integer 
	Parameter STARTUP_WAIT bound to: FALSE - type: string 
INFO: [Synth 8-6155] done synthesizing module 'MMCME2_ADV' (0#1) [C:/Xilinx/Vivado/2024.1/scripts/rt/data/unisim_comp.v:82388]
INFO: [Synth 8-6157] synthesizing module 'BUFG' [C:/Xilinx/Vivado/2024.1/scripts/rt/data/unisim_comp.v:1951]
INFO: [Synth 8-6155] done synthesizing module 'BUFG' (0#1) [C:/Xilinx/Vivado/2024.1/scripts/rt/data/unisim_comp.v:1951]
INFO: [Synth 8-6155] done synthesizing module 'main_clk_wiz_0_0_clk_wiz' (0#1) [c:/Development/SixteenShadesOfCpu/vivado/Integration/Integration.gen/sources_1/bd/main/ip/main_clk_wiz_0_0/main_clk_wiz_0_0_clk_wiz.v:66]
INFO: [Synth 8-6155] done synthesizing module 'main_clk_wiz_0_0' (0#1) [c:/Development/SixteenShadesOfCpu/vivado/Integration/Integration.gen/sources_1/bd/main/ip/main_clk_wiz_0_0/main_clk_wiz_0_0.v:66]
INFO: [Synth 8-3491] module 'main_clockcontroller_0_0' declared at 'c:/Development/SixteenShadesOfCpu/vivado/Integration/Integration.gen/sources_1/bd/main/ip/main_clockcontroller_0_0/synth/main_clockcontroller_0_0.vhd:56' bound to instance 'clockcontroller_0' of component 'main_clockcontroller_0_0' [c:/Development/SixteenShadesOfCpu/vivado/Integration/Integration.gen/sources_1/bd/main/synth/main.vhd:745]
INFO: [Synth 8-638] synthesizing module 'main_clockcontroller_0_0' [c:/Development/SixteenShadesOfCpu/vivado/Integration/Integration.gen/sources_1/bd/main/ip/main_clockcontroller_0_0/synth/main_clockcontroller_0_0.vhd:75]
INFO: [Synth 8-3491] module 'clockcontroller' declared at 'C:/Development/SixteenShadesOfCpu/vivado/mmu/mmu.srcs/sources_1/new/clockcontroller.vhd:34' bound to instance 'U0' of component 'clockcontroller' [c:/Development/SixteenShadesOfCpu/vivado/Integration/Integration.gen/sources_1/bd/main/ip/main_clockcontroller_0_0/synth/main_clockcontroller_0_0.vhd:117]
INFO: [Synth 8-638] synthesizing module 'clockcontroller' [C:/Development/SixteenShadesOfCpu/vivado/mmu/mmu.srcs/sources_1/new/clockcontroller.vhd:42]
INFO: [Synth 8-256] done synthesizing module 'clockcontroller' (0#1) [C:/Development/SixteenShadesOfCpu/vivado/mmu/mmu.srcs/sources_1/new/clockcontroller.vhd:42]
INFO: [Synth 8-256] done synthesizing module 'main_clockcontroller_0_0' (0#1) [c:/Development/SixteenShadesOfCpu/vivado/Integration/Integration.gen/sources_1/bd/main/ip/main_clockcontroller_0_0/synth/main_clockcontroller_0_0.vhd:75]
INFO: [Synth 8-3491] module 'main_blk_mem_gen_1_0' declared at 'c:/Development/SixteenShadesOfCpu/vivado/Integration/Integration.gen/sources_1/bd/main/ip/main_blk_mem_gen_1_0/synth/main_blk_mem_gen_1_0.vhd:59' bound to instance 'gram_bram' of component 'main_blk_mem_gen_1_0' [c:/Development/SixteenShadesOfCpu/vivado/Integration/Integration.gen/sources_1/bd/main/synth/main.vhd:762]
INFO: [Synth 8-638] synthesizing module 'main_blk_mem_gen_1_0' [c:/Development/SixteenShadesOfCpu/vivado/Integration/Integration.gen/sources_1/bd/main/ip/main_blk_mem_gen_1_0/synth/main_blk_mem_gen_1_0.vhd:74]
	Parameter C_FAMILY bound to: artix7 - type: string 
	Parameter C_XDEVICEFAMILY bound to: artix7 - type: string 
	Parameter C_ELABORATION_DIR bound to: ./ - type: string 
	Parameter C_INTERFACE_TYPE bound to: 0 - type: integer 
	Parameter C_AXI_TYPE bound to: 1 - type: integer 
	Parameter C_AXI_SLAVE_TYPE bound to: 0 - type: integer 
	Parameter C_USE_BRAM_BLOCK bound to: 0 - type: integer 
	Parameter C_ENABLE_32BIT_ADDRESS bound to: 0 - type: integer 
	Parameter C_CTRL_ECC_ALGO bound to: NONE - type: string 
	Parameter C_HAS_AXI_ID bound to: 0 - type: integer 
	Parameter C_AXI_ID_WIDTH bound to: 4 - type: integer 
	Parameter C_MEM_TYPE bound to: 2 - type: integer 
	Parameter C_BYTE_SIZE bound to: 9 - type: integer 
	Parameter C_ALGORITHM bound to: 0 - type: integer 
	Parameter C_PRIM_TYPE bound to: 1 - type: integer 
	Parameter C_LOAD_INIT_FILE bound to: 0 - type: integer 
	Parameter C_INIT_FILE_NAME bound to: no_coe_file_loaded - type: string 
	Parameter C_INIT_FILE bound to: NONE - type: string 
	Parameter C_USE_DEFAULT_DATA bound to: 0 - type: integer 
	Parameter C_DEFAULT_DATA bound to: 0 - type: string 
	Parameter C_HAS_RSTA bound to: 0 - type: integer 
	Parameter C_RST_PRIORITY_A bound to: CE - type: string 
	Parameter C_RSTRAM_A bound to: 0 - type: integer 
	Parameter C_INITA_VAL bound to: 0 - type: string 
	Parameter C_HAS_ENA bound to: 0 - type: integer 
	Parameter C_HAS_REGCEA bound to: 0 - type: integer 
	Parameter C_USE_BYTE_WEA bound to: 0 - type: integer 
	Parameter C_WEA_WIDTH bound to: 1 - type: integer 
	Parameter C_WRITE_MODE_A bound to: READ_FIRST - type: string 
	Parameter C_WRITE_WIDTH_A bound to: 16 - type: integer 
	Parameter C_READ_WIDTH_A bound to: 16 - type: integer 
	Parameter C_WRITE_DEPTH_A bound to: 16383 - type: integer 
	Parameter C_READ_DEPTH_A bound to: 16383 - type: integer 
	Parameter C_ADDRA_WIDTH bound to: 14 - type: integer 
	Parameter C_HAS_RSTB bound to: 0 - type: integer 
	Parameter C_RST_PRIORITY_B bound to: CE - type: string 
	Parameter C_RSTRAM_B bound to: 0 - type: integer 
	Parameter C_INITB_VAL bound to: 0 - type: string 
	Parameter C_HAS_ENB bound to: 0 - type: integer 
	Parameter C_HAS_REGCEB bound to: 0 - type: integer 
	Parameter C_USE_BYTE_WEB bound to: 0 - type: integer 
	Parameter C_WEB_WIDTH bound to: 1 - type: integer 
	Parameter C_WRITE_MODE_B bound to: READ_FIRST - type: string 
	Parameter C_WRITE_WIDTH_B bound to: 16 - type: integer 
	Parameter C_READ_WIDTH_B bound to: 16 - type: integer 
	Parameter C_WRITE_DEPTH_B bound to: 16383 - type: integer 
	Parameter C_READ_DEPTH_B bound to: 16383 - type: integer 
	Parameter C_ADDRB_WIDTH bound to: 14 - type: integer 
	Parameter C_HAS_MEM_OUTPUT_REGS_A bound to: 0 - type: integer 
	Parameter C_HAS_MEM_OUTPUT_REGS_B bound to: 0 - type: integer 
	Parameter C_HAS_MUX_OUTPUT_REGS_A bound to: 0 - type: integer 
	Parameter C_HAS_MUX_OUTPUT_REGS_B bound to: 0 - type: integer 
	Parameter C_MUX_PIPELINE_STAGES bound to: 0 - type: integer 
	Parameter C_HAS_SOFTECC_INPUT_REGS_A bound to: 0 - type: integer 
	Parameter C_HAS_SOFTECC_OUTPUT_REGS_B bound to: 0 - type: integer 
	Parameter C_USE_SOFTECC bound to: 0 - type: integer 
	Parameter C_USE_ECC bound to: 0 - type: integer 
	Parameter C_EN_ECC_PIPE bound to: 0 - type: integer 
	Parameter C_READ_LATENCY_A bound to: 1 - type: integer 
	Parameter C_READ_LATENCY_B bound to: 1 - type: integer 
	Parameter C_HAS_INJECTERR bound to: 0 - type: integer 
	Parameter C_SIM_COLLISION_CHECK bound to: ALL - type: string 
	Parameter C_COMMON_CLK bound to: 0 - type: integer 
	Parameter C_DISABLE_WARN_BHV_COLL bound to: 0 - type: integer 
	Parameter C_EN_SLEEP_PIN bound to: 0 - type: integer 
	Parameter C_USE_URAM bound to: 0 - type: integer 
	Parameter C_EN_RDADDRA_CHG bound to: 0 - type: integer 
	Parameter C_EN_RDADDRB_CHG bound to: 0 - type: integer 
	Parameter C_EN_DEEPSLEEP_PIN bound to: 0 - type: integer 
	Parameter C_EN_SHUTDOWN_PIN bound to: 0 - type: integer 
	Parameter C_EN_SAFETY_CKT bound to: 0 - type: integer 
	Parameter C_DISABLE_WARN_BHV_RANGE bound to: 0 - type: integer 
	Parameter C_COUNT_36K_BRAM bound to: 8 - type: string 
	Parameter C_COUNT_18K_BRAM bound to: 0 - type: string 
	Parameter C_EST_POWER_SUMMARY bound to: Estimated Power for IP     :     39.8278 mW - type: string 
INFO: [Synth 8-3491] module 'blk_mem_gen_v8_4_8' declared at 'c:/Development/SixteenShadesOfCpu/vivado/Integration/Integration.gen/sources_1/bd/main/ipshared/09bd/hdl/blk_mem_gen_v8_4_vhsyn_rfs.vhd:195208' bound to instance 'U0' of component 'blk_mem_gen_v8_4_8' [c:/Development/SixteenShadesOfCpu/vivado/Integration/Integration.gen/sources_1/bd/main/ip/main_blk_mem_gen_1_0/synth/main_blk_mem_gen_1_0.vhd:245]
INFO: [Synth 8-256] done synthesizing module 'main_blk_mem_gen_1_0' (0#1) [c:/Development/SixteenShadesOfCpu/vivado/Integration/Integration.gen/sources_1/bd/main/ip/main_blk_mem_gen_1_0/synth/main_blk_mem_gen_1_0.vhd:74]
INFO: [Synth 8-3491] module 'main_blk_mem_gen_2_0' declared at 'c:/Development/SixteenShadesOfCpu/vivado/Integration/Integration.gen/sources_1/bd/main/ip/main_blk_mem_gen_2_0/synth/main_blk_mem_gen_2_0.vhd:59' bound to instance 'iram_bram' of component 'main_blk_mem_gen_2_0' [c:/Development/SixteenShadesOfCpu/vivado/Integration/Integration.gen/sources_1/bd/main/synth/main.vhd:775]
INFO: [Synth 8-638] synthesizing module 'main_blk_mem_gen_2_0' [c:/Development/SixteenShadesOfCpu/vivado/Integration/Integration.gen/sources_1/bd/main/ip/main_blk_mem_gen_2_0/synth/main_blk_mem_gen_2_0.vhd:74]
	Parameter C_FAMILY bound to: artix7 - type: string 
	Parameter C_XDEVICEFAMILY bound to: artix7 - type: string 
	Parameter C_ELABORATION_DIR bound to: ./ - type: string 
	Parameter C_INTERFACE_TYPE bound to: 0 - type: integer 
	Parameter C_AXI_TYPE bound to: 1 - type: integer 
	Parameter C_AXI_SLAVE_TYPE bound to: 0 - type: integer 
	Parameter C_USE_BRAM_BLOCK bound to: 0 - type: integer 
	Parameter C_ENABLE_32BIT_ADDRESS bound to: 0 - type: integer 
	Parameter C_CTRL_ECC_ALGO bound to: NONE - type: string 
	Parameter C_HAS_AXI_ID bound to: 0 - type: integer 
	Parameter C_AXI_ID_WIDTH bound to: 4 - type: integer 
	Parameter C_MEM_TYPE bound to: 2 - type: integer 
	Parameter C_BYTE_SIZE bound to: 9 - type: integer 
	Parameter C_ALGORITHM bound to: 0 - type: integer 
	Parameter C_PRIM_TYPE bound to: 1 - type: integer 
	Parameter C_LOAD_INIT_FILE bound to: 0 - type: integer 
	Parameter C_INIT_FILE_NAME bound to: no_coe_file_loaded - type: string 
	Parameter C_INIT_FILE bound to: NONE - type: string 
	Parameter C_USE_DEFAULT_DATA bound to: 0 - type: integer 
	Parameter C_DEFAULT_DATA bound to: 0 - type: string 
	Parameter C_HAS_RSTA bound to: 0 - type: integer 
	Parameter C_RST_PRIORITY_A bound to: CE - type: string 
	Parameter C_RSTRAM_A bound to: 0 - type: integer 
	Parameter C_INITA_VAL bound to: 0 - type: string 
	Parameter C_HAS_ENA bound to: 0 - type: integer 
	Parameter C_HAS_REGCEA bound to: 0 - type: integer 
	Parameter C_USE_BYTE_WEA bound to: 0 - type: integer 
	Parameter C_WEA_WIDTH bound to: 1 - type: integer 
	Parameter C_WRITE_MODE_A bound to: READ_FIRST - type: string 
	Parameter C_WRITE_WIDTH_A bound to: 16 - type: integer 
	Parameter C_READ_WIDTH_A bound to: 16 - type: integer 
	Parameter C_WRITE_DEPTH_A bound to: 16383 - type: integer 
	Parameter C_READ_DEPTH_A bound to: 16383 - type: integer 
	Parameter C_ADDRA_WIDTH bound to: 14 - type: integer 
	Parameter C_HAS_RSTB bound to: 0 - type: integer 
	Parameter C_RST_PRIORITY_B bound to: CE - type: string 
	Parameter C_RSTRAM_B bound to: 0 - type: integer 
	Parameter C_INITB_VAL bound to: 0 - type: string 
	Parameter C_HAS_ENB bound to: 0 - type: integer 
	Parameter C_HAS_REGCEB bound to: 0 - type: integer 
	Parameter C_USE_BYTE_WEB bound to: 0 - type: integer 
	Parameter C_WEB_WIDTH bound to: 1 - type: integer 
	Parameter C_WRITE_MODE_B bound to: READ_FIRST - type: string 
	Parameter C_WRITE_WIDTH_B bound to: 16 - type: integer 
	Parameter C_READ_WIDTH_B bound to: 16 - type: integer 
	Parameter C_WRITE_DEPTH_B bound to: 16383 - type: integer 
	Parameter C_READ_DEPTH_B bound to: 16383 - type: integer 
	Parameter C_ADDRB_WIDTH bound to: 14 - type: integer 
	Parameter C_HAS_MEM_OUTPUT_REGS_A bound to: 0 - type: integer 
	Parameter C_HAS_MEM_OUTPUT_REGS_B bound to: 0 - type: integer 
	Parameter C_HAS_MUX_OUTPUT_REGS_A bound to: 0 - type: integer 
	Parameter C_HAS_MUX_OUTPUT_REGS_B bound to: 0 - type: integer 
	Parameter C_MUX_PIPELINE_STAGES bound to: 0 - type: integer 
	Parameter C_HAS_SOFTECC_INPUT_REGS_A bound to: 0 - type: integer 
	Parameter C_HAS_SOFTECC_OUTPUT_REGS_B bound to: 0 - type: integer 
	Parameter C_USE_SOFTECC bound to: 0 - type: integer 
	Parameter C_USE_ECC bound to: 0 - type: integer 
	Parameter C_EN_ECC_PIPE bound to: 0 - type: integer 
	Parameter C_READ_LATENCY_A bound to: 1 - type: integer 
	Parameter C_READ_LATENCY_B bound to: 1 - type: integer 
	Parameter C_HAS_INJECTERR bound to: 0 - type: integer 
	Parameter C_SIM_COLLISION_CHECK bound to: ALL - type: string 
	Parameter C_COMMON_CLK bound to: 0 - type: integer 
	Parameter C_DISABLE_WARN_BHV_COLL bound to: 0 - type: integer 
	Parameter C_EN_SLEEP_PIN bound to: 0 - type: integer 
	Parameter C_USE_URAM bound to: 0 - type: integer 
	Parameter C_EN_RDADDRA_CHG bound to: 0 - type: integer 
	Parameter C_EN_RDADDRB_CHG bound to: 0 - type: integer 
	Parameter C_EN_DEEPSLEEP_PIN bound to: 0 - type: integer 
	Parameter C_EN_SHUTDOWN_PIN bound to: 0 - type: integer 
	Parameter C_EN_SAFETY_CKT bound to: 0 - type: integer 
	Parameter C_DISABLE_WARN_BHV_RANGE bound to: 0 - type: integer 
	Parameter C_COUNT_36K_BRAM bound to: 8 - type: string 
	Parameter C_COUNT_18K_BRAM bound to: 0 - type: string 
	Parameter C_EST_POWER_SUMMARY bound to: Estimated Power for IP     :     39.8278 mW - type: string 
INFO: [Synth 8-3491] module 'blk_mem_gen_v8_4_8' declared at 'c:/Development/SixteenShadesOfCpu/vivado/Integration/Integration.gen/sources_1/bd/main/ipshared/09bd/hdl/blk_mem_gen_v8_4_vhsyn_rfs.vhd:195208' bound to instance 'U0' of component 'blk_mem_gen_v8_4_8' [c:/Development/SixteenShadesOfCpu/vivado/Integration/Integration.gen/sources_1/bd/main/ip/main_blk_mem_gen_2_0/synth/main_blk_mem_gen_2_0.vhd:245]
INFO: [Synth 8-256] done synthesizing module 'main_blk_mem_gen_2_0' (0#1) [c:/Development/SixteenShadesOfCpu/vivado/Integration/Integration.gen/sources_1/bd/main/ip/main_blk_mem_gen_2_0/synth/main_blk_mem_gen_2_0.vhd:74]
INFO: [Synth 8-3491] module 'main_mmio_0_0' declared at 'c:/Development/SixteenShadesOfCpu/vivado/Integration/Integration.gen/sources_1/bd/main/ip/main_mmio_0_0/synth/main_mmio_0_0.vhd:56' bound to instance 'mmio_0' of component 'main_mmio_0_0' [c:/Development/SixteenShadesOfCpu/vivado/Integration/Integration.gen/sources_1/bd/main/synth/main.vhd:788]
INFO: [Synth 8-638] synthesizing module 'main_mmio_0_0' [c:/Development/SixteenShadesOfCpu/vivado/Integration/Integration.gen/sources_1/bd/main/ip/main_mmio_0_0/synth/main_mmio_0_0.vhd:75]
INFO: [Synth 8-3491] module 'mmio' declared at 'C:/Development/SixteenShadesOfCpu/vivado/mmu/mmu.srcs/sources_1/new/mmio.vhd:34' bound to instance 'U0' of component 'mmio' [c:/Development/SixteenShadesOfCpu/vivado/Integration/Integration.gen/sources_1/bd/main/ip/main_mmio_0_0/synth/main_mmio_0_0.vhd:105]
INFO: [Synth 8-638] synthesizing module 'mmio' [C:/Development/SixteenShadesOfCpu/vivado/mmu/mmu.srcs/sources_1/new/mmio.vhd:49]
WARNING: [Synth 8-614] signal 'we' is read in the process but is not in the sensitivity list [C:/Development/SixteenShadesOfCpu/vivado/mmu/mmu.srcs/sources_1/new/mmio.vhd:102]
INFO: [Synth 8-256] done synthesizing module 'mmio' (0#1) [C:/Development/SixteenShadesOfCpu/vivado/mmu/mmu.srcs/sources_1/new/mmio.vhd:49]
INFO: [Synth 8-256] done synthesizing module 'main_mmio_0_0' (0#1) [c:/Development/SixteenShadesOfCpu/vivado/Integration/Integration.gen/sources_1/bd/main/ip/main_mmio_0_0/synth/main_mmio_0_0.vhd:75]
INFO: [Synth 8-3491] module 'main_mmu_0_0' declared at 'c:/Development/SixteenShadesOfCpu/vivado/Integration/Integration.gen/sources_1/bd/main/ip/main_mmu_0_0/synth/main_mmu_0_0.vhd:56' bound to instance 'mmu_0' of component 'main_mmu_0_0' [c:/Development/SixteenShadesOfCpu/vivado/Integration/Integration.gen/sources_1/bd/main/synth/main.vhd:805]
INFO: [Synth 8-638] synthesizing module 'main_mmu_0_0' [c:/Development/SixteenShadesOfCpu/vivado/Integration/Integration.gen/sources_1/bd/main/ip/main_mmu_0_0/synth/main_mmu_0_0.vhd:112]
INFO: [Synth 8-3491] module 'mmu' declared at 'C:/Development/SixteenShadesOfCpu/vivado/mmu/mmu.srcs/sources_1/new/mmu.vhd:34' bound to instance 'U0' of component 'mmu' [c:/Development/SixteenShadesOfCpu/vivado/Integration/Integration.gen/sources_1/bd/main/ip/main_mmu_0_0/synth/main_mmu_0_0.vhd:179]
INFO: [Synth 8-638] synthesizing module 'mmu' [C:/Development/SixteenShadesOfCpu/vivado/mmu/mmu.srcs/sources_1/new/mmu.vhd:90]
INFO: [Synth 8-256] done synthesizing module 'mmu' (0#1) [C:/Development/SixteenShadesOfCpu/vivado/mmu/mmu.srcs/sources_1/new/mmu.vhd:90]
INFO: [Synth 8-256] done synthesizing module 'main_mmu_0_0' (0#1) [c:/Development/SixteenShadesOfCpu/vivado/Integration/Integration.gen/sources_1/bd/main/ip/main_mmu_0_0/synth/main_mmu_0_0.vhd:112]
INFO: [Synth 8-3491] module 'main_blk_mem_gen_0_0' declared at 'c:/Development/SixteenShadesOfCpu/vivado/Integration/Integration.gen/sources_1/bd/main/ip/main_blk_mem_gen_0_0/synth/main_blk_mem_gen_0_0.vhd:59' bound to instance 'vram_bram' of component 'main_blk_mem_gen_0_0' [c:/Development/SixteenShadesOfCpu/vivado/Integration/Integration.gen/sources_1/bd/main/synth/main.vhd:859]
INFO: [Synth 8-638] synthesizing module 'main_blk_mem_gen_0_0' [c:/Development/SixteenShadesOfCpu/vivado/Integration/Integration.gen/sources_1/bd/main/ip/main_blk_mem_gen_0_0/synth/main_blk_mem_gen_0_0.vhd:74]
	Parameter C_FAMILY bound to: artix7 - type: string 
	Parameter C_XDEVICEFAMILY bound to: artix7 - type: string 
	Parameter C_ELABORATION_DIR bound to: ./ - type: string 
	Parameter C_INTERFACE_TYPE bound to: 0 - type: integer 
	Parameter C_AXI_TYPE bound to: 1 - type: integer 
	Parameter C_AXI_SLAVE_TYPE bound to: 0 - type: integer 
	Parameter C_USE_BRAM_BLOCK bound to: 0 - type: integer 
	Parameter C_ENABLE_32BIT_ADDRESS bound to: 0 - type: integer 
	Parameter C_CTRL_ECC_ALGO bound to: NONE - type: string 
	Parameter C_HAS_AXI_ID bound to: 0 - type: integer 
	Parameter C_AXI_ID_WIDTH bound to: 4 - type: integer 
	Parameter C_MEM_TYPE bound to: 2 - type: integer 
	Parameter C_BYTE_SIZE bound to: 9 - type: integer 
	Parameter C_ALGORITHM bound to: 0 - type: integer 
	Parameter C_PRIM_TYPE bound to: 1 - type: integer 
	Parameter C_LOAD_INIT_FILE bound to: 0 - type: integer 
	Parameter C_INIT_FILE_NAME bound to: no_coe_file_loaded - type: string 
	Parameter C_INIT_FILE bound to: NONE - type: string 
	Parameter C_USE_DEFAULT_DATA bound to: 0 - type: integer 
	Parameter C_DEFAULT_DATA bound to: 0 - type: string 
	Parameter C_HAS_RSTA bound to: 0 - type: integer 
	Parameter C_RST_PRIORITY_A bound to: CE - type: string 
	Parameter C_RSTRAM_A bound to: 0 - type: integer 
	Parameter C_INITA_VAL bound to: 0 - type: string 
	Parameter C_HAS_ENA bound to: 0 - type: integer 
	Parameter C_HAS_REGCEA bound to: 0 - type: integer 
	Parameter C_USE_BYTE_WEA bound to: 0 - type: integer 
	Parameter C_WEA_WIDTH bound to: 1 - type: integer 
	Parameter C_WRITE_MODE_A bound to: READ_FIRST - type: string 
	Parameter C_WRITE_WIDTH_A bound to: 16 - type: integer 
	Parameter C_READ_WIDTH_A bound to: 16 - type: integer 
	Parameter C_WRITE_DEPTH_A bound to: 65535 - type: integer 
	Parameter C_READ_DEPTH_A bound to: 65535 - type: integer 
	Parameter C_ADDRA_WIDTH bound to: 16 - type: integer 
	Parameter C_HAS_RSTB bound to: 0 - type: integer 
	Parameter C_RST_PRIORITY_B bound to: CE - type: string 
	Parameter C_RSTRAM_B bound to: 0 - type: integer 
	Parameter C_INITB_VAL bound to: 0 - type: string 
	Parameter C_HAS_ENB bound to: 0 - type: integer 
	Parameter C_HAS_REGCEB bound to: 0 - type: integer 
	Parameter C_USE_BYTE_WEB bound to: 0 - type: integer 
	Parameter C_WEB_WIDTH bound to: 1 - type: integer 
	Parameter C_WRITE_MODE_B bound to: READ_FIRST - type: string 
	Parameter C_WRITE_WIDTH_B bound to: 16 - type: integer 
	Parameter C_READ_WIDTH_B bound to: 16 - type: integer 
	Parameter C_WRITE_DEPTH_B bound to: 65535 - type: integer 
	Parameter C_READ_DEPTH_B bound to: 65535 - type: integer 
	Parameter C_ADDRB_WIDTH bound to: 16 - type: integer 
	Parameter C_HAS_MEM_OUTPUT_REGS_A bound to: 0 - type: integer 
	Parameter C_HAS_MEM_OUTPUT_REGS_B bound to: 0 - type: integer 
	Parameter C_HAS_MUX_OUTPUT_REGS_A bound to: 0 - type: integer 
	Parameter C_HAS_MUX_OUTPUT_REGS_B bound to: 0 - type: integer 
	Parameter C_MUX_PIPELINE_STAGES bound to: 0 - type: integer 
	Parameter C_HAS_SOFTECC_INPUT_REGS_A bound to: 0 - type: integer 
	Parameter C_HAS_SOFTECC_OUTPUT_REGS_B bound to: 0 - type: integer 
	Parameter C_USE_SOFTECC bound to: 0 - type: integer 
	Parameter C_USE_ECC bound to: 0 - type: integer 
	Parameter C_EN_ECC_PIPE bound to: 0 - type: integer 
	Parameter C_READ_LATENCY_A bound to: 1 - type: integer 
	Parameter C_READ_LATENCY_B bound to: 1 - type: integer 
	Parameter C_HAS_INJECTERR bound to: 0 - type: integer 
	Parameter C_SIM_COLLISION_CHECK bound to: ALL - type: string 
	Parameter C_COMMON_CLK bound to: 0 - type: integer 
	Parameter C_DISABLE_WARN_BHV_COLL bound to: 0 - type: integer 
	Parameter C_EN_SLEEP_PIN bound to: 0 - type: integer 
	Parameter C_USE_URAM bound to: 0 - type: integer 
	Parameter C_EN_RDADDRA_CHG bound to: 0 - type: integer 
	Parameter C_EN_RDADDRB_CHG bound to: 0 - type: integer 
	Parameter C_EN_DEEPSLEEP_PIN bound to: 0 - type: integer 
	Parameter C_EN_SHUTDOWN_PIN bound to: 0 - type: integer 
	Parameter C_EN_SAFETY_CKT bound to: 0 - type: integer 
	Parameter C_DISABLE_WARN_BHV_RANGE bound to: 0 - type: integer 
	Parameter C_COUNT_36K_BRAM bound to: 32 - type: string 
	Parameter C_COUNT_18K_BRAM bound to: 0 - type: string 
	Parameter C_EST_POWER_SUMMARY bound to: Estimated Power for IP     :     39.827796 mW - type: string 
INFO: [Synth 8-3491] module 'blk_mem_gen_v8_4_8' declared at 'c:/Development/SixteenShadesOfCpu/vivado/Integration/Integration.gen/sources_1/bd/main/ipshared/09bd/hdl/blk_mem_gen_v8_4_vhsyn_rfs.vhd:195208' bound to instance 'U0' of component 'blk_mem_gen_v8_4_8' [c:/Development/SixteenShadesOfCpu/vivado/Integration/Integration.gen/sources_1/bd/main/ip/main_blk_mem_gen_0_0/synth/main_blk_mem_gen_0_0.vhd:245]
INFO: [Synth 8-256] done synthesizing module 'main_blk_mem_gen_0_0' (0#1) [c:/Development/SixteenShadesOfCpu/vivado/Integration/Integration.gen/sources_1/bd/main/ip/main_blk_mem_gen_0_0/synth/main_blk_mem_gen_0_0.vhd:74]
INFO: [Synth 8-256] done synthesizing module 'main' (0#1) [c:/Development/SixteenShadesOfCpu/vivado/Integration/Integration.gen/sources_1/bd/main/synth/main.vhd:27]
INFO: [Synth 8-256] done synthesizing module 'main_wrapper' (0#1) [C:/Development/SixteenShadesOfCpu/vivado/Integration/Integration.gen/sources_1/bd/main/hdl/main_wrapper.vhd:23]
WARNING: [Synth 8-3848] Net led2_s in module/entity mmio does not have driver. [C:/Development/SixteenShadesOfCpu/vivado/mmu/mmu.srcs/sources_1/new/mmio.vhd:50]
WARNING: [Synth 8-3848] Net led3_s in module/entity mmio does not have driver. [C:/Development/SixteenShadesOfCpu/vivado/mmu/mmu.srcs/sources_1/new/mmio.vhd:50]
WARNING: [Synth 8-3848] Net btn1_pressed_s in module/entity mmio does not have driver. [C:/Development/SixteenShadesOfCpu/vivado/mmu/mmu.srcs/sources_1/new/mmio.vhd:53]
WARNING: [Synth 8-3848] Net btn2_pressed_s in module/entity mmio does not have driver. [C:/Development/SixteenShadesOfCpu/vivado/mmu/mmu.srcs/sources_1/new/mmio.vhd:53]
WARNING: [Synth 8-3848] Net btn3_pressed_s in module/entity mmio does not have driver. [C:/Development/SixteenShadesOfCpu/vivado/mmu/mmu.srcs/sources_1/new/mmio.vhd:53]
WARNING: [Synth 8-3848] Net led1 in module/entity mmio does not have driver. [C:/Development/SixteenShadesOfCpu/vivado/mmu/mmu.srcs/sources_1/new/mmio.vhd:40]
WARNING: [Synth 8-3848] Net led2 in module/entity mmio does not have driver. [C:/Development/SixteenShadesOfCpu/vivado/mmu/mmu.srcs/sources_1/new/mmio.vhd:40]
WARNING: [Synth 8-3848] Net led3 in module/entity mmio does not have driver. [C:/Development/SixteenShadesOfCpu/vivado/mmu/mmu.srcs/sources_1/new/mmio.vhd:40]
WARNING: [Synth 8-3848] Net rho in module/entity mmio does not have driver. [C:/Development/SixteenShadesOfCpu/vivado/mmu/mmu.srcs/sources_1/new/mmio.vhd:42]
WARNING: [Synth 8-3848] Net fault in module/entity mmu does not have driver. [C:/Development/SixteenShadesOfCpu/vivado/mmu/mmu.srcs/sources_1/new/mmu.vhd:38]
WARNING: [Synth 8-3848] Net vramb_mem_din in module/entity mmu does not have driver. [C:/Development/SixteenShadesOfCpu/vivado/mmu/mmu.srcs/sources_1/new/mmu.vhd:80]
WARNING: [Synth 8-3848] Net mmio_mem_oe in module/entity mmu does not have driver. [C:/Development/SixteenShadesOfCpu/vivado/mmu/mmu.srcs/sources_1/new/mmu.vhd:84]
WARNING: [Synth 8-7129] Port CLKB in module blk_mem_output_block__parameterized0 is either unconnected or has no load
WARNING: [Synth 8-7129] Port SBITERR_I in module blk_mem_output_block__parameterized0 is either unconnected or has no load
WARNING: [Synth 8-7129] Port DBITERR_I in module blk_mem_output_block__parameterized0 is either unconnected or has no load
WARNING: [Synth 8-7129] Port RDADDRECC_I[15] in module blk_mem_output_block__parameterized0 is either unconnected or has no load
WARNING: [Synth 8-7129] Port RDADDRECC_I[14] in module blk_mem_output_block__parameterized0 is either unconnected or has no load
WARNING: [Synth 8-7129] Port RDADDRECC_I[13] in module blk_mem_output_block__parameterized0 is either unconnected or has no load
WARNING: [Synth 8-7129] Port RDADDRECC_I[12] in module blk_mem_output_block__parameterized0 is either unconnected or has no load
WARNING: [Synth 8-7129] Port RDADDRECC_I[11] in module blk_mem_output_block__parameterized0 is either unconnected or has no load
WARNING: [Synth 8-7129] Port RDADDRECC_I[10] in module blk_mem_output_block__parameterized0 is either unconnected or has no load
WARNING: [Synth 8-7129] Port RDADDRECC_I[9] in module blk_mem_output_block__parameterized0 is either unconnected or has no load
WARNING: [Synth 8-7129] Port RDADDRECC_I[8] in module blk_mem_output_block__parameterized0 is either unconnected or has no load
WARNING: [Synth 8-7129] Port RDADDRECC_I[7] in module blk_mem_output_block__parameterized0 is either unconnected or has no load
WARNING: [Synth 8-7129] Port RDADDRECC_I[6] in module blk_mem_output_block__parameterized0 is either unconnected or has no load
WARNING: [Synth 8-7129] Port RDADDRECC_I[5] in module blk_mem_output_block__parameterized0 is either unconnected or has no load
WARNING: [Synth 8-7129] Port RDADDRECC_I[4] in module blk_mem_output_block__parameterized0 is either unconnected or has no load
WARNING: [Synth 8-7129] Port RDADDRECC_I[3] in module blk_mem_output_block__parameterized0 is either unconnected or has no load
WARNING: [Synth 8-7129] Port RDADDRECC_I[2] in module blk_mem_output_block__parameterized0 is either unconnected or has no load
WARNING: [Synth 8-7129] Port RDADDRECC_I[1] in module blk_mem_output_block__parameterized0 is either unconnected or has no load
WARNING: [Synth 8-7129] Port RDADDRECC_I[0] in module blk_mem_output_block__parameterized0 is either unconnected or has no load
WARNING: [Synth 8-7129] Port SBITERR in module blk_mem_gen_prim_wrapper is either unconnected or has no load
WARNING: [Synth 8-7129] Port DBITERR in module blk_mem_gen_prim_wrapper is either unconnected or has no load
WARNING: [Synth 8-7129] Port SSRA in module blk_mem_gen_prim_wrapper is either unconnected or has no load
WARNING: [Synth 8-7129] Port SSRB in module blk_mem_gen_prim_wrapper is either unconnected or has no load
WARNING: [Synth 8-7129] Port SLEEP in module blk_mem_gen_prim_wrapper is either unconnected or has no load
WARNING: [Synth 8-7129] Port INJECTSBITERR in module blk_mem_gen_prim_wrapper is either unconnected or has no load
WARNING: [Synth 8-7129] Port INJECTDBITERR in module blk_mem_gen_prim_wrapper is either unconnected or has no load
WARNING: [Synth 8-7129] Port ECCPIPECE in module blk_mem_gen_prim_wrapper is either unconnected or has no load
WARNING: [Synth 8-7129] Port MUX_RST[0] in module blk_mem_gen_mux__parameterized2 is either unconnected or has no load
WARNING: [Synth 8-7129] Port MEM_LAT_RST in module blk_mem_gen_mux__parameterized2 is either unconnected or has no load
WARNING: [Synth 8-7129] Port MEM_REG_RST in module blk_mem_gen_mux__parameterized2 is either unconnected or has no load
WARNING: [Synth 8-7129] Port MUX_REGCE[0] in module blk_mem_gen_mux__parameterized2 is either unconnected or has no load
WARNING: [Synth 8-7129] Port MEM_REGCE in module blk_mem_gen_mux__parameterized2 is either unconnected or has no load
WARNING: [Synth 8-7129] Port WE in module blk_mem_gen_mux__parameterized2 is either unconnected or has no load
WARNING: [Synth 8-7129] Port ADDR_IN[15] in module blk_mem_gen_mux__parameterized2 is either unconnected or has no load
WARNING: [Synth 8-7129] Port ADDR_IN[14] in module blk_mem_gen_mux__parameterized2 is either unconnected or has no load
WARNING: [Synth 8-7129] Port ADDR_IN[13] in module blk_mem_gen_mux__parameterized2 is either unconnected or has no load
WARNING: [Synth 8-7129] Port ADDR_IN[12] in module blk_mem_gen_mux__parameterized2 is either unconnected or has no load
WARNING: [Synth 8-7129] Port ADDR_IN[11] in module blk_mem_gen_mux__parameterized2 is either unconnected or has no load
WARNING: [Synth 8-7129] Port ADDR_IN[10] in module blk_mem_gen_mux__parameterized2 is either unconnected or has no load
WARNING: [Synth 8-7129] Port ADDR_IN[9] in module blk_mem_gen_mux__parameterized2 is either unconnected or has no load
WARNING: [Synth 8-7129] Port ADDR_IN[8] in module blk_mem_gen_mux__parameterized2 is either unconnected or has no load
WARNING: [Synth 8-7129] Port ADDR_IN[7] in module blk_mem_gen_mux__parameterized2 is either unconnected or has no load
WARNING: [Synth 8-7129] Port ADDR_IN[6] in module blk_mem_gen_mux__parameterized2 is either unconnected or has no load
WARNING: [Synth 8-7129] Port ADDR_IN[5] in module blk_mem_gen_mux__parameterized2 is either unconnected or has no load
WARNING: [Synth 8-7129] Port ADDR_IN[4] in module blk_mem_gen_mux__parameterized2 is either unconnected or has no load
WARNING: [Synth 8-7129] Port ADDR_IN[3] in module blk_mem_gen_mux__parameterized2 is either unconnected or has no load
WARNING: [Synth 8-7129] Port ADDR_IN[2] in module blk_mem_gen_mux__parameterized2 is either unconnected or has no load
WARNING: [Synth 8-7129] Port ADDR_IN[1] in module blk_mem_gen_mux__parameterized2 is either unconnected or has no load
WARNING: [Synth 8-7129] Port ADDR_IN[0] in module blk_mem_gen_mux__parameterized2 is either unconnected or has no load
WARNING: [Synth 8-7129] Port SBITERRIN[63] in module blk_mem_gen_mux__parameterized2 is either unconnected or has no load
WARNING: [Synth 8-7129] Port SBITERRIN[62] in module blk_mem_gen_mux__parameterized2 is either unconnected or has no load
WARNING: [Synth 8-7129] Port SBITERRIN[61] in module blk_mem_gen_mux__parameterized2 is either unconnected or has no load
WARNING: [Synth 8-7129] Port SBITERRIN[60] in module blk_mem_gen_mux__parameterized2 is either unconnected or has no load
WARNING: [Synth 8-7129] Port SBITERRIN[59] in module blk_mem_gen_mux__parameterized2 is either unconnected or has no load
WARNING: [Synth 8-7129] Port SBITERRIN[58] in module blk_mem_gen_mux__parameterized2 is either unconnected or has no load
WARNING: [Synth 8-7129] Port SBITERRIN[57] in module blk_mem_gen_mux__parameterized2 is either unconnected or has no load
WARNING: [Synth 8-7129] Port SBITERRIN[56] in module blk_mem_gen_mux__parameterized2 is either unconnected or has no load
WARNING: [Synth 8-7129] Port SBITERRIN[55] in module blk_mem_gen_mux__parameterized2 is either unconnected or has no load
WARNING: [Synth 8-7129] Port SBITERRIN[54] in module blk_mem_gen_mux__parameterized2 is either unconnected or has no load
WARNING: [Synth 8-7129] Port SBITERRIN[53] in module blk_mem_gen_mux__parameterized2 is either unconnected or has no load
WARNING: [Synth 8-7129] Port SBITERRIN[52] in module blk_mem_gen_mux__parameterized2 is either unconnected or has no load
WARNING: [Synth 8-7129] Port SBITERRIN[51] in module blk_mem_gen_mux__parameterized2 is either unconnected or has no load
WARNING: [Synth 8-7129] Port SBITERRIN[50] in module blk_mem_gen_mux__parameterized2 is either unconnected or has no load
WARNING: [Synth 8-7129] Port SBITERRIN[49] in module blk_mem_gen_mux__parameterized2 is either unconnected or has no load
WARNING: [Synth 8-7129] Port SBITERRIN[48] in module blk_mem_gen_mux__parameterized2 is either unconnected or has no load
WARNING: [Synth 8-7129] Port SBITERRIN[47] in module blk_mem_gen_mux__parameterized2 is either unconnected or has no load
WARNING: [Synth 8-7129] Port SBITERRIN[46] in module blk_mem_gen_mux__parameterized2 is either unconnected or has no load
WARNING: [Synth 8-7129] Port SBITERRIN[45] in module blk_mem_gen_mux__parameterized2 is either unconnected or has no load
WARNING: [Synth 8-7129] Port SBITERRIN[44] in module blk_mem_gen_mux__parameterized2 is either unconnected or has no load
WARNING: [Synth 8-7129] Port SBITERRIN[43] in module blk_mem_gen_mux__parameterized2 is either unconnected or has no load
WARNING: [Synth 8-7129] Port SBITERRIN[42] in module blk_mem_gen_mux__parameterized2 is either unconnected or has no load
WARNING: [Synth 8-7129] Port SBITERRIN[41] in module blk_mem_gen_mux__parameterized2 is either unconnected or has no load
WARNING: [Synth 8-7129] Port SBITERRIN[40] in module blk_mem_gen_mux__parameterized2 is either unconnected or has no load
WARNING: [Synth 8-7129] Port SBITERRIN[39] in module blk_mem_gen_mux__parameterized2 is either unconnected or has no load
WARNING: [Synth 8-7129] Port SBITERRIN[38] in module blk_mem_gen_mux__parameterized2 is either unconnected or has no load
WARNING: [Synth 8-7129] Port SBITERRIN[37] in module blk_mem_gen_mux__parameterized2 is either unconnected or has no load
WARNING: [Synth 8-7129] Port SBITERRIN[36] in module blk_mem_gen_mux__parameterized2 is either unconnected or has no load
WARNING: [Synth 8-7129] Port SBITERRIN[35] in module blk_mem_gen_mux__parameterized2 is either unconnected or has no load
WARNING: [Synth 8-7129] Port SBITERRIN[34] in module blk_mem_gen_mux__parameterized2 is either unconnected or has no load
WARNING: [Synth 8-7129] Port SBITERRIN[33] in module blk_mem_gen_mux__parameterized2 is either unconnected or has no load
WARNING: [Synth 8-7129] Port SBITERRIN[32] in module blk_mem_gen_mux__parameterized2 is either unconnected or has no load
WARNING: [Synth 8-7129] Port SBITERRIN[31] in module blk_mem_gen_mux__parameterized2 is either unconnected or has no load
WARNING: [Synth 8-7129] Port SBITERRIN[30] in module blk_mem_gen_mux__parameterized2 is either unconnected or has no load
WARNING: [Synth 8-7129] Port SBITERRIN[29] in module blk_mem_gen_mux__parameterized2 is either unconnected or has no load
WARNING: [Synth 8-7129] Port SBITERRIN[28] in module blk_mem_gen_mux__parameterized2 is either unconnected or has no load
WARNING: [Synth 8-7129] Port SBITERRIN[27] in module blk_mem_gen_mux__parameterized2 is either unconnected or has no load
WARNING: [Synth 8-7129] Port SBITERRIN[26] in module blk_mem_gen_mux__parameterized2 is either unconnected or has no load
WARNING: [Synth 8-7129] Port SBITERRIN[25] in module blk_mem_gen_mux__parameterized2 is either unconnected or has no load
WARNING: [Synth 8-7129] Port SBITERRIN[24] in module blk_mem_gen_mux__parameterized2 is either unconnected or has no load
WARNING: [Synth 8-7129] Port SBITERRIN[23] in module blk_mem_gen_mux__parameterized2 is either unconnected or has no load
WARNING: [Synth 8-7129] Port SBITERRIN[22] in module blk_mem_gen_mux__parameterized2 is either unconnected or has no load
WARNING: [Synth 8-7129] Port SBITERRIN[21] in module blk_mem_gen_mux__parameterized2 is either unconnected or has no load
WARNING: [Synth 8-7129] Port SBITERRIN[20] in module blk_mem_gen_mux__parameterized2 is either unconnected or has no load
WARNING: [Synth 8-7129] Port SBITERRIN[19] in module blk_mem_gen_mux__parameterized2 is either unconnected or has no load
WARNING: [Synth 8-7129] Port SBITERRIN[18] in module blk_mem_gen_mux__parameterized2 is either unconnected or has no load
WARNING: [Synth 8-7129] Port SBITERRIN[17] in module blk_mem_gen_mux__parameterized2 is either unconnected or has no load
WARNING: [Synth 8-7129] Port SBITERRIN[16] in module blk_mem_gen_mux__parameterized2 is either unconnected or has no load
WARNING: [Synth 8-7129] Port SBITERRIN[15] in module blk_mem_gen_mux__parameterized2 is either unconnected or has no load
WARNING: [Synth 8-7129] Port SBITERRIN[14] in module blk_mem_gen_mux__parameterized2 is either unconnected or has no load
WARNING: [Synth 8-7129] Port SBITERRIN[13] in module blk_mem_gen_mux__parameterized2 is either unconnected or has no load
INFO: [Common 17-14] Message 'Synth 8-7129' appears 100 times and further instances of the messages will be disabled. Use the Tcl command set_msg_config to change the current settings.
---------------------------------------------------------------------------------
Finished RTL Elaboration : Time (s): cpu = 00:00:10 ; elapsed = 00:00:18 . Memory (MB): peak = 1898.984 ; gain = 960.789
---------------------------------------------------------------------------------
---------------------------------------------------------------------------------
Start Handling Custom Attributes
---------------------------------------------------------------------------------
---------------------------------------------------------------------------------
Finished Handling Custom Attributes : Time (s): cpu = 00:00:10 ; elapsed = 00:00:18 . Memory (MB): peak = 1898.984 ; gain = 960.789
---------------------------------------------------------------------------------
---------------------------------------------------------------------------------
Finished RTL Optimization Phase 1 : Time (s): cpu = 00:00:10 ; elapsed = 00:00:18 . Memory (MB): peak = 1898.984 ; gain = 960.789
---------------------------------------------------------------------------------
Netlist sorting complete. Time (s): cpu = 00:00:00 ; elapsed = 00:00:00.060 . Memory (MB): peak = 1898.984 ; gain = 0.000
INFO: [Netlist 29-17] Analyzing 49 Unisim elements for replacement
INFO: [Netlist 29-28] Unisim Transformation completed in 0 CPU seconds
INFO: [Project 1-570] Preparing netlist for logic optimization

Processing XDC Constraints
Initializing timing engine
Parsing XDC File [c:/Development/SixteenShadesOfCpu/vivado/Integration/Integration.gen/sources_1/bd/main/ip/main_clk_wiz_0_0/main_clk_wiz_0_0_board.xdc] for cell 'main_i/clk_wiz_0/inst'
Finished Parsing XDC File [c:/Development/SixteenShadesOfCpu/vivado/Integration/Integration.gen/sources_1/bd/main/ip/main_clk_wiz_0_0/main_clk_wiz_0_0_board.xdc] for cell 'main_i/clk_wiz_0/inst'
Parsing XDC File [c:/Development/SixteenShadesOfCpu/vivado/Integration/Integration.gen/sources_1/bd/main/ip/main_clk_wiz_0_0/main_clk_wiz_0_0.xdc] for cell 'main_i/clk_wiz_0/inst'
Finished Parsing XDC File [c:/Development/SixteenShadesOfCpu/vivado/Integration/Integration.gen/sources_1/bd/main/ip/main_clk_wiz_0_0/main_clk_wiz_0_0.xdc] for cell 'main_i/clk_wiz_0/inst'
INFO: [Project 1-236] Implementation specific constraints were found while reading constraint file [c:/Development/SixteenShadesOfCpu/vivado/Integration/Integration.gen/sources_1/bd/main/ip/main_clk_wiz_0_0/main_clk_wiz_0_0.xdc]. These constraints will be ignored for synthesis but will be used in implementation. Impacted constraints are listed in the file [.Xil/main_wrapper_propImpl.xdc].
Resolution: To avoid this warning, move constraints listed in [.Xil/main_wrapper_propImpl.xdc] to another XDC file and exclude this new file from synthesis with the used_in_synthesis property (File Properties dialog in GUI) and re-run elaboration/synthesis.
INFO: [Timing 38-2] Deriving generated clocks
Parsing XDC File [C:/Development/SixteenShadesOfCpu/vivado/Integration/Integration.srcs/constrs_1/new/main.xdc]
Finished Parsing XDC File [C:/Development/SixteenShadesOfCpu/vivado/Integration/Integration.srcs/constrs_1/new/main.xdc]
INFO: [Project 1-236] Implementation specific constraints were found while reading constraint file [C:/Development/SixteenShadesOfCpu/vivado/Integration/Integration.srcs/constrs_1/new/main.xdc]. These constraints will be ignored for synthesis but will be used in implementation. Impacted constraints are listed in the file [.Xil/main_wrapper_propImpl.xdc].
Resolution: To avoid this warning, move constraints listed in [.Xil/main_wrapper_propImpl.xdc] to another XDC file and exclude this new file from synthesis with the used_in_synthesis property (File Properties dialog in GUI) and re-run elaboration/synthesis.
Parsing XDC File [C:/Development/SixteenShadesOfCpu/vivado/Integration/Integration.runs/synth_1/dont_touch.xdc]
Finished Parsing XDC File [C:/Development/SixteenShadesOfCpu/vivado/Integration/Integration.runs/synth_1/dont_touch.xdc]
INFO: [Project 1-236] Implementation specific constraints were found while reading constraint file [C:/Development/SixteenShadesOfCpu/vivado/Integration/Integration.runs/synth_1/dont_touch.xdc]. These constraints will be ignored for synthesis but will be used in implementation. Impacted constraints are listed in the file [.Xil/main_wrapper_propImpl.xdc].
Resolution: To avoid this warning, move constraints listed in [.Xil/main_wrapper_propImpl.xdc] to another XDC file and exclude this new file from synthesis with the used_in_synthesis property (File Properties dialog in GUI) and re-run elaboration/synthesis.
INFO: [Timing 38-2] Deriving generated clocks
Completed Processing XDC Constraints

Netlist sorting complete. Time (s): cpu = 00:00:00 ; elapsed = 00:00:00.001 . Memory (MB): peak = 1898.984 ; gain = 0.000
INFO: [Project 1-111] Unisim Transformation Summary:
No Unisim elements were transformed.

Constraint Validation Runtime : Time (s): cpu = 00:00:00 ; elapsed = 00:00:00.047 . Memory (MB): peak = 1898.984 ; gain = 0.000
INFO: [Designutils 20-5440] No compile time benefit to using incremental synthesis; A full resynthesis will be run
INFO: [Designutils 20-4379] Flow is switching to default flow due to incremental criteria not met. If you would like to alter this behaviour and have the flow terminate instead, please set the following parameter config_implementation {autoIncr.Synth.RejectBehavior Terminate}
---------------------------------------------------------------------------------
Finished Constraint Validation : Time (s): cpu = 00:00:14 ; elapsed = 00:00:26 . Memory (MB): peak = 1898.984 ; gain = 960.789
---------------------------------------------------------------------------------
---------------------------------------------------------------------------------
Start Loading Part and Timing Information
---------------------------------------------------------------------------------
Loading part: xc7a35ticsg324-1L
---------------------------------------------------------------------------------
Finished Loading Part and Timing Information : Time (s): cpu = 00:00:14 ; elapsed = 00:00:26 . Memory (MB): peak = 1898.984 ; gain = 960.789
---------------------------------------------------------------------------------
---------------------------------------------------------------------------------
Start Applying 'set_property' XDC Constraints
---------------------------------------------------------------------------------
Applied set_property KEEP_HIERARCHY = SOFT for main_i/clk_wiz_0/inst. (constraint file  C:/Development/SixteenShadesOfCpu/vivado/Integration/Integration.runs/synth_1/dont_touch.xdc, line 82).
Applied set_property KEEP_HIERARCHY = SOFT for main_i. (constraint file  auto generated constraint).
Applied set_property KEEP_HIERARCHY = SOFT for main_i/Pipelining_Controller_0. (constraint file  auto generated constraint).
Applied set_property KEEP_HIERARCHY = SOFT for main_i/ProgramCounter_0. (constraint file  auto generated constraint).
Applied set_property KEEP_HIERARCHY = SOFT for main_i/CU_Decoder_0. (constraint file  auto generated constraint).
Applied set_property KEEP_HIERARCHY = SOFT for main_i/Decoder_0. (constraint file  auto generated constraint).
Applied set_property KEEP_HIERARCHY = SOFT for main_i/RegFile_0. (constraint file  auto generated constraint).
Applied set_property KEEP_HIERARCHY = SOFT for main_i/Pipelining_Forwarder_0. (constraint file  auto generated constraint).
Applied set_property KEEP_HIERARCHY = SOFT for main_i/Pipelining_Execution_0. (constraint file  auto generated constraint).
Applied set_property KEEP_HIERARCHY = SOFT for main_i/CU_RAMAddressControl_0. (constraint file  auto generated constraint).
Applied set_property KEEP_HIERARCHY = SOFT for main_i/ALU_0. (constraint file  auto generated constraint).
Applied set_property KEEP_HIERARCHY = SOFT for main_i/CU_ImmediateManipula_0. (constraint file  auto generated constraint).
Applied set_property KEEP_HIERARCHY = SOFT for main_i/CU_JumpDestinationSe_0. (constraint file  auto generated constraint).
Applied set_property KEEP_HIERARCHY = SOFT for main_i/CU_JumpController_0. (constraint file  auto generated constraint).
Applied set_property KEEP_HIERARCHY = SOFT for main_i/CU_WriteSelector_0. (constraint file  auto generated constraint).
Applied set_property KEEP_HIERARCHY = SOFT for main_i/Pipelining_WriteBack_0. (constraint file  auto generated constraint).
Applied set_property KEEP_HIERARCHY = SOFT for main_i/ALU_FLAG_PACKER_0. (constraint file  auto generated constraint).
Applied set_property KEEP_HIERARCHY = SOFT for main_i/clockcontroller_0. (constraint file  auto generated constraint).
Applied set_property KEEP_HIERARCHY = SOFT for main_i/mmu_0. (constraint file  auto generated constraint).
Applied set_property KEEP_HIERARCHY = SOFT for main_i/mmio_0. (constraint file  auto generated constraint).
Applied set_property KEEP_HIERARCHY = SOFT for main_i/vram_bram. (constraint file  auto generated constraint).
Applied set_property KEEP_HIERARCHY = SOFT for main_i/gram_bram. (constraint file  auto generated constraint).
Applied set_property KEEP_HIERARCHY = SOFT for main_i/iram_bram. (constraint file  auto generated constraint).
Applied set_property KEEP_HIERARCHY = SOFT for main_i/clk_wiz_0. (constraint file  auto generated constraint).
---------------------------------------------------------------------------------
Finished applying 'set_property' XDC Constraints : Time (s): cpu = 00:00:14 ; elapsed = 00:00:26 . Memory (MB): peak = 1898.984 ; gain = 960.789
---------------------------------------------------------------------------------
---------------------------------------------------------------------------------
Finished RTL Optimization Phase 2 : Time (s): cpu = 00:00:14 ; elapsed = 00:00:26 . Memory (MB): peak = 1898.984 ; gain = 960.789
---------------------------------------------------------------------------------
---------------------------------------------------------------------------------
Start RTL Component Statistics 
---------------------------------------------------------------------------------
Detailed RTL Component Info : 
+---Adders : 
	   2 Input   18 Bit       Adders := 1     
	   2 Input   17 Bit       Adders := 2     
	   3 Input   17 Bit       Adders := 1     
	   3 Input   16 Bit       Adders := 1     
	   2 Input   16 Bit       Adders := 2     
+---XORs : 
	   2 Input     16 Bit         XORs := 2     
	   2 Input      1 Bit         XORs := 3     
+---Registers : 
	               16 Bit    Registers := 28    
	                5 Bit    Registers := 5     
	                4 Bit    Registers := 3     
	                3 Bit    Registers := 3     
	                2 Bit    Registers := 1     
	                1 Bit    Registers := 25    
+---Muxes : 
	   2 Input   18 Bit        Muxes := 1     
	   2 Input   17 Bit        Muxes := 3     
	   4 Input   16 Bit        Muxes := 4     
	   2 Input   16 Bit        Muxes := 23    
	  16 Input   16 Bit        Muxes := 1     
	   7 Input   16 Bit        Muxes := 1     
	   2 Input   14 Bit        Muxes := 3     
	  16 Input    4 Bit        Muxes := 9     
	   2 Input    4 Bit        Muxes := 1     
	   2 Input    2 Bit        Muxes := 9     
	   3 Input    2 Bit        Muxes := 2     
	  16 Input    1 Bit        Muxes := 19    
	   2 Input    1 Bit        Muxes := 34    
	   4 Input    1 Bit        Muxes := 2     
---------------------------------------------------------------------------------
Finished RTL Component Statistics 
---------------------------------------------------------------------------------
---------------------------------------------------------------------------------
Start Part Resource Summary
---------------------------------------------------------------------------------
Part Resources:
DSPs: 90 (col length:60)
BRAMs: 100 (col length: RAMB18 60 RAMB36 30)
---------------------------------------------------------------------------------
Finished Part Resource Summary
---------------------------------------------------------------------------------
---------------------------------------------------------------------------------
Start Cross Boundary and Area Optimization
---------------------------------------------------------------------------------
WARNING: [Synth 8-7080] Parallel synthesis criteria is not met
---------------------------------------------------------------------------------
Finished Cross Boundary and Area Optimization : Time (s): cpu = 00:00:18 ; elapsed = 00:00:33 . Memory (MB): peak = 1898.984 ; gain = 960.789
---------------------------------------------------------------------------------
---------------------------------------------------------------------------------
Start Applying XDC Timing Constraints
---------------------------------------------------------------------------------
---------------------------------------------------------------------------------
Finished Applying XDC Timing Constraints : Time (s): cpu = 00:00:21 ; elapsed = 00:00:37 . Memory (MB): peak = 1898.984 ; gain = 960.789
---------------------------------------------------------------------------------
---------------------------------------------------------------------------------
Start Timing Optimization
---------------------------------------------------------------------------------
---------------------------------------------------------------------------------
Finished Timing Optimization : Time (s): cpu = 00:00:21 ; elapsed = 00:00:37 . Memory (MB): peak = 1898.984 ; gain = 960.789
---------------------------------------------------------------------------------
---------------------------------------------------------------------------------
Start Technology Mapping
---------------------------------------------------------------------------------
Found timing loop:
     0: main_i/mmio_0/i_12/O (LUT2)
      [c:/Development/SixteenShadesOfCpu/vivado/Integration/Integration.gen/sources_1/bd/main/ip/main_mmio_0_0/synth/main_mmio_0_0.vhd:56]
     1: main_i/mmio_0/i_12/I0 (LUT2)
     2: main_i/mmio_0/i_12/O (LUT2)
CRITICAL WARNING: [Synth 8-295] found timing loop. [c:/Development/SixteenShadesOfCpu/vivado/Integration/Integration.gen/sources_1/bd/main/ip/main_mmio_0_0/synth/main_mmio_0_0.vhd:56]
Inferred a: "set_disable_timing -from I0 -to O main_i/mmio_0/i_12"
Found timing loop:
     0: main_i/mmu_0/i_6/O (LUT2)
      [C:/Development/SixteenShadesOfCpu/vivado/mmu/mmu.srcs/sources_1/new/mmu.vhd:211]
     1: main_i/mmu_0/i_6/I0 (LUT2)
     2: main_i/mmu_0/i_6/O (LUT2)
CRITICAL WARNING: [Synth 8-295] found timing loop. [c:/Development/SixteenShadesOfCpu/vivado/Integration/Integration.gen/sources_1/bd/main/ip/main_mmu_0_0/synth/main_mmu_0_0.vhd:56]
Inferred a: "set_disable_timing -from I0 -to O main_i/mmu_0/i_6"
---------------------------------------------------------------------------------
Finished Technology Mapping : Time (s): cpu = 00:00:21 ; elapsed = 00:00:38 . Memory (MB): peak = 1898.984 ; gain = 960.789
---------------------------------------------------------------------------------
---------------------------------------------------------------------------------
Start IO Insertion
---------------------------------------------------------------------------------
---------------------------------------------------------------------------------
Start Flattening Before IO Insertion
---------------------------------------------------------------------------------
---------------------------------------------------------------------------------
Finished Flattening Before IO Insertion
---------------------------------------------------------------------------------
---------------------------------------------------------------------------------
Start Final Netlist Cleanup
---------------------------------------------------------------------------------
---------------------------------------------------------------------------------
Finished Final Netlist Cleanup
---------------------------------------------------------------------------------
---------------------------------------------------------------------------------
Finished IO Insertion : Time (s): cpu = 00:00:23 ; elapsed = 00:00:41 . Memory (MB): peak = 1898.984 ; gain = 960.789
---------------------------------------------------------------------------------
---------------------------------------------------------------------------------
Start Renaming Generated Instances
---------------------------------------------------------------------------------
---------------------------------------------------------------------------------
Finished Renaming Generated Instances : Time (s): cpu = 00:00:23 ; elapsed = 00:00:41 . Memory (MB): peak = 1898.984 ; gain = 960.789
---------------------------------------------------------------------------------
---------------------------------------------------------------------------------
Start Rebuilding User Hierarchy
---------------------------------------------------------------------------------
---------------------------------------------------------------------------------
Finished Rebuilding User Hierarchy : Time (s): cpu = 00:00:23 ; elapsed = 00:00:41 . Memory (MB): peak = 1898.984 ; gain = 960.789
---------------------------------------------------------------------------------
---------------------------------------------------------------------------------
Start Renaming Generated Ports
---------------------------------------------------------------------------------
---------------------------------------------------------------------------------
Finished Renaming Generated Ports : Time (s): cpu = 00:00:23 ; elapsed = 00:00:41 . Memory (MB): peak = 1898.984 ; gain = 960.789
---------------------------------------------------------------------------------
---------------------------------------------------------------------------------
Start Handling Custom Attributes
---------------------------------------------------------------------------------
---------------------------------------------------------------------------------
Finished Handling Custom Attributes : Time (s): cpu = 00:00:23 ; elapsed = 00:00:41 . Memory (MB): peak = 1898.984 ; gain = 960.789
---------------------------------------------------------------------------------
---------------------------------------------------------------------------------
Start Renaming Generated Nets
---------------------------------------------------------------------------------
---------------------------------------------------------------------------------
Finished Renaming Generated Nets : Time (s): cpu = 00:00:23 ; elapsed = 00:00:41 . Memory (MB): peak = 1898.984 ; gain = 960.789
---------------------------------------------------------------------------------
---------------------------------------------------------------------------------
Start Writing Synthesis Report
---------------------------------------------------------------------------------

Report BlackBoxes: 
+-+--------------+----------+
| |BlackBox name |Instances |
+-+--------------+----------+
+-+--------------+----------+

Report Cell Usage: 
+------+-----------+------+
|      |Cell       |Count |
+------+-----------+------+
|1     |BUFG       |     3|
|2     |CARRY4     |    14|
|3     |LUT1       |     6|
|4     |LUT2       |    78|
|5     |LUT3       |    88|
|6     |LUT4       |    95|
|7     |LUT5       |   158|
|8     |LUT6       |   501|
|9     |MMCME2_ADV |     1|
|10    |RAMB36E1   |    48|
|11    |FDCE       |   195|
|12    |FDRE       |   280|
|13    |IBUF       |     2|
|14    |OBUF       |     1|
+------+-----------+------+
---------------------------------------------------------------------------------
Finished Writing Synthesis Report : Time (s): cpu = 00:00:23 ; elapsed = 00:00:41 . Memory (MB): peak = 1898.984 ; gain = 960.789
---------------------------------------------------------------------------------
Synthesis finished with 0 errors, 2 critical warnings and 352 warnings.
Synthesis Optimization Runtime : Time (s): cpu = 00:00:12 ; elapsed = 00:00:38 . Memory (MB): peak = 1898.984 ; gain = 960.789
Synthesis Optimization Complete : Time (s): cpu = 00:00:23 ; elapsed = 00:00:41 . Memory (MB): peak = 1898.984 ; gain = 960.789
INFO: [Project 1-571] Translating synthesized netlist
Netlist sorting complete. Time (s): cpu = 00:00:00 ; elapsed = 00:00:00.027 . Memory (MB): peak = 1898.984 ; gain = 0.000
INFO: [Netlist 29-17] Analyzing 63 Unisim elements for replacement
INFO: [Netlist 29-28] Unisim Transformation completed in 0 CPU seconds
INFO: [Project 1-570] Preparing netlist for logic optimization
INFO: [Opt 31-138] Pushed 1 inverter(s) to 8 load pin(s).
Netlist sorting complete. Time (s): cpu = 00:00:00 ; elapsed = 00:00:00.001 . Memory (MB): peak = 1898.984 ; gain = 0.000
INFO: [Project 1-111] Unisim Transformation Summary:
No Unisim elements were transformed.

Synth Design complete | Checksum: 8e3ea6d3
INFO: [Common 17-83] Releasing license: Synthesis
193 Infos, 119 Warnings, 2 Critical Warnings and 0 Errors encountered.
synth_design completed successfully
synth_design: Time (s): cpu = 00:00:27 ; elapsed = 00:00:46 . Memory (MB): peak = 1898.984 ; gain = 1365.484
INFO: [runtcl-6] Synthesis results are not added to the cache due to CRITICAL_WARNING
Write ShapeDB Complete: Time (s): cpu = 00:00:00 ; elapsed = 00:00:00.001 . Memory (MB): peak = 1898.984 ; gain = 0.000
INFO: [Common 17-1381] The checkpoint 'C:/Development/SixteenShadesOfCpu/vivado/Integration/Integration.runs/synth_1/main_wrapper.dcp' has been generated.
INFO: [Vivado 12-24828] Executing command : report_utilization -file main_wrapper_utilization_synth.rpt -pb main_wrapper_utilization_synth.pb
INFO: [Common 17-206] Exiting Vivado at Wed Nov 20 17:07:47 2024...
