
*** Running vivado
    with args -log main_IROM_0_1.vds -m64 -product Vivado -mode batch -messageDb vivado.pb -notrace -source main_IROM_0_1.tcl



****** Vivado v2024.1 (64-bit)
  **** SW Build 5076996 on Wed May 22 18:37:14 MDT 2024
  **** IP Build 5075265 on Wed May 22 21:45:21 MDT 2024
  **** SharedData Build 5076995 on Wed May 22 18:29:18 MDT 2024
  **** Start of session at: Fri Nov 15 10:55:31 2024
    ** Copyright 1986-2022 Xilinx, Inc. All Rights Reserved.
    ** Copyright 2022-2024 Advanced Micro Devices, Inc. All Rights Reserved.

source main_IROM_0_1.tcl -notrace
create_project: Time (s): cpu = 00:00:11 ; elapsed = 00:00:23 . Memory (MB): peak = 491.359 ; gain = 199.879
INFO: [IP_Flow 19-234] Refreshing IP repositories
INFO: [IP_Flow 19-1704] No user IP repositories specified
INFO: [IP_Flow 19-2313] Loaded Vivado IP repository 'D:/Vivado/Vivado/2024.1/data/ip'.
Command: synth_design -top main_IROM_0_1 -part xc7a35ticsg324-1L -incremental_mode off -mode out_of_context
Starting synth_design
Attempting to get a license for feature 'Synthesis' and/or device 'xc7a35ti'
INFO: [Common 17-349] Got license for feature 'Synthesis' and/or device 'xc7a35ti'
INFO: [Designutils 20-5008] Incremental synthesis strategy off
INFO: [Synth 8-7079] Multithreading enabled for synth_design using a maximum of 2 processes.
INFO: [Synth 8-7078] Launching helper process for spawning children vivado processes
INFO: [Synth 8-7075] Helper process launched with PID 9672
---------------------------------------------------------------------------------
Starting Synthesize : Time (s): cpu = 00:00:14 ; elapsed = 00:00:24 . Memory (MB): peak = 963.422 ; gain = 450.238
---------------------------------------------------------------------------------
INFO: [Synth 8-638] synthesizing module 'main_IROM_0_1' [d:/FPGA_CPU/vivado/Integration/Integration.gen/sources_1/bd/main/ip/main_IROM_0_1/synth/main_IROM_0_1.vhd:63]
INFO: [Synth 8-3491] module 'IROM' declared at 'D:/FPGA_CPU/vivado/Integration/Integration.srcs/sources_1/new/IROM.vhd:34' bound to instance 'U0' of component 'IROM' [d:/FPGA_CPU/vivado/Integration/Integration.gen/sources_1/bd/main/ip/main_IROM_0_1/synth/main_IROM_0_1.vhd:81]
INFO: [Synth 8-638] synthesizing module 'IROM' [D:/FPGA_CPU/vivado/Integration/Integration.srcs/sources_1/new/IROM.vhd:39]
INFO: [Synth 8-256] done synthesizing module 'IROM' (0#1) [D:/FPGA_CPU/vivado/Integration/Integration.srcs/sources_1/new/IROM.vhd:39]
INFO: [Synth 8-256] done synthesizing module 'main_IROM_0_1' (0#1) [d:/FPGA_CPU/vivado/Integration/Integration.gen/sources_1/bd/main/ip/main_IROM_0_1/synth/main_IROM_0_1.vhd:63]
---------------------------------------------------------------------------------
Finished Synthesize : Time (s): cpu = 00:00:19 ; elapsed = 00:00:35 . Memory (MB): peak = 1073.379 ; gain = 560.195
---------------------------------------------------------------------------------
---------------------------------------------------------------------------------
Finished Constraint Validation : Time (s): cpu = 00:00:20 ; elapsed = 00:00:37 . Memory (MB): peak = 1073.379 ; gain = 560.195
---------------------------------------------------------------------------------
---------------------------------------------------------------------------------
Start Loading Part and Timing Information
---------------------------------------------------------------------------------
Loading part: xc7a35ticsg324-1L
---------------------------------------------------------------------------------
Finished Loading Part and Timing Information : Time (s): cpu = 00:00:20 ; elapsed = 00:00:37 . Memory (MB): peak = 1073.379 ; gain = 560.195
---------------------------------------------------------------------------------
INFO: [Device 21-403] Loading part xc7a35ticsg324-1L
---------------------------------------------------------------------------------
Finished RTL Optimization Phase 2 : Time (s): cpu = 00:00:20 ; elapsed = 00:00:39 . Memory (MB): peak = 1073.379 ; gain = 560.195
---------------------------------------------------------------------------------
No constraint files found.
---------------------------------------------------------------------------------
Start RTL Component Statistics 
---------------------------------------------------------------------------------
Detailed RTL Component Info : 
+---Muxes : 
	   2 Input   16 Bit        Muxes := 1     
---------------------------------------------------------------------------------
Finished RTL Component Statistics 
---------------------------------------------------------------------------------
---------------------------------------------------------------------------------
Start Part Resource Summary
---------------------------------------------------------------------------------
INFO: [Device 21-9227] Part: xc7a35ticsg324-1L does not have CEAM library.
Part Resources:
DSPs: 90 (col length:60)
BRAMs: 100 (col length: RAMB18 60 RAMB36 30)
---------------------------------------------------------------------------------
Finished Part Resource Summary
---------------------------------------------------------------------------------
No constraint files found.
---------------------------------------------------------------------------------
Start Cross Boundary and Area Optimization
---------------------------------------------------------------------------------
WARNING: [Synth 8-7080] Parallel synthesis criteria is not met
---------------------------------------------------------------------------------
Finished Cross Boundary and Area Optimization : Time (s): cpu = 00:00:31 ; elapsed = 00:00:59 . Memory (MB): peak = 1258.047 ; gain = 744.863
---------------------------------------------------------------------------------
---------------------------------------------------------------------------------
Start ROM, RAM, DSP, Shift Register and Retiming Reporting
---------------------------------------------------------------------------------

ROM: Preliminary Mapping Report
+--------------+------------+---------------+----------------+
|Module Name   | RTL Object | Depth x Width | Implemented As | 
+--------------+------------+---------------+----------------+
|main_IROM_0_1 | U0/Data    | 32x16         | LUT            | 
+--------------+------------+---------------+----------------+

---------------------------------------------------------------------------------
Finished ROM, RAM, DSP, Shift Register and Retiming Reporting
---------------------------------------------------------------------------------
No constraint files found.
---------------------------------------------------------------------------------
Start Timing Optimization
---------------------------------------------------------------------------------
---------------------------------------------------------------------------------
Finished Timing Optimization : Time (s): cpu = 00:00:31 ; elapsed = 00:01:00 . Memory (MB): peak = 1258.047 ; gain = 744.863
---------------------------------------------------------------------------------
---------------------------------------------------------------------------------
Start Technology Mapping
---------------------------------------------------------------------------------
---------------------------------------------------------------------------------
Finished Technology Mapping : Time (s): cpu = 00:00:31 ; elapsed = 00:01:00 . Memory (MB): peak = 1258.047 ; gain = 744.863
---------------------------------------------------------------------------------
---------------------------------------------------------------------------------
Start IO Insertion
---------------------------------------------------------------------------------
---------------------------------------------------------------------------------
Start Flattening Before IO Insertion
---------------------------------------------------------------------------------
---------------------------------------------------------------------------------
Finished Flattening Before IO Insertion
---------------------------------------------------------------------------------
---------------------------------------------------------------------------------
Start Final Netlist Cleanup
---------------------------------------------------------------------------------
---------------------------------------------------------------------------------
Finished Final Netlist Cleanup
---------------------------------------------------------------------------------
---------------------------------------------------------------------------------
Finished IO Insertion : Time (s): cpu = 00:00:42 ; elapsed = 00:01:14 . Memory (MB): peak = 1258.047 ; gain = 744.863
---------------------------------------------------------------------------------
---------------------------------------------------------------------------------
Start Renaming Generated Instances
---------------------------------------------------------------------------------
---------------------------------------------------------------------------------
Finished Renaming Generated Instances : Time (s): cpu = 00:00:42 ; elapsed = 00:01:14 . Memory (MB): peak = 1258.047 ; gain = 744.863
---------------------------------------------------------------------------------
---------------------------------------------------------------------------------
Start Rebuilding User Hierarchy
---------------------------------------------------------------------------------
---------------------------------------------------------------------------------
Finished Rebuilding User Hierarchy : Time (s): cpu = 00:00:42 ; elapsed = 00:01:14 . Memory (MB): peak = 1258.047 ; gain = 744.863
---------------------------------------------------------------------------------
---------------------------------------------------------------------------------
Start Renaming Generated Ports
---------------------------------------------------------------------------------
---------------------------------------------------------------------------------
Finished Renaming Generated Ports : Time (s): cpu = 00:00:42 ; elapsed = 00:01:14 . Memory (MB): peak = 1258.047 ; gain = 744.863
---------------------------------------------------------------------------------
---------------------------------------------------------------------------------
Start Handling Custom Attributes
---------------------------------------------------------------------------------
---------------------------------------------------------------------------------
Finished Handling Custom Attributes : Time (s): cpu = 00:00:42 ; elapsed = 00:01:14 . Memory (MB): peak = 1258.047 ; gain = 744.863
---------------------------------------------------------------------------------
---------------------------------------------------------------------------------
Start Renaming Generated Nets
---------------------------------------------------------------------------------
---------------------------------------------------------------------------------
Finished Renaming Generated Nets : Time (s): cpu = 00:00:42 ; elapsed = 00:01:14 . Memory (MB): peak = 1258.047 ; gain = 744.863
---------------------------------------------------------------------------------
---------------------------------------------------------------------------------
Start Writing Synthesis Report
---------------------------------------------------------------------------------

Report BlackBoxes: 
+-+--------------+----------+
| |BlackBox name |Instances |
+-+--------------+----------+
+-+--------------+----------+

Report Cell Usage: 
+------+-----+------+
|      |Cell |Count |
+------+-----+------+
|1     |LUT4 |     2|
|2     |LUT5 |    16|
|3     |LUT6 |    16|
+------+-----+------+

Report Instance Areas: 
+------+---------+-------+------+
|      |Instance |Module |Cells |
+------+---------+-------+------+
|1     |top      |       |    34|
+------+---------+-------+------+
---------------------------------------------------------------------------------
Finished Writing Synthesis Report : Time (s): cpu = 00:00:42 ; elapsed = 00:01:14 . Memory (MB): peak = 1258.047 ; gain = 744.863
---------------------------------------------------------------------------------
Synthesis finished with 0 errors, 0 critical warnings and 1 warnings.
Synthesis Optimization Runtime : Time (s): cpu = 00:00:42 ; elapsed = 00:01:14 . Memory (MB): peak = 1258.047 ; gain = 744.863
Synthesis Optimization Complete : Time (s): cpu = 00:00:42 ; elapsed = 00:01:14 . Memory (MB): peak = 1258.047 ; gain = 744.863
INFO: [Project 1-571] Translating synthesized netlist
Netlist sorting complete. Time (s): cpu = 00:00:00 ; elapsed = 00:00:00.023 . Memory (MB): peak = 1267.016 ; gain = 0.000
INFO: [Project 1-570] Preparing netlist for logic optimization
INFO: [Opt 31-138] Pushed 0 inverter(s) to 0 load pin(s).
Netlist sorting complete. Time (s): cpu = 00:00:00 ; elapsed = 00:00:00 . Memory (MB): peak = 1363.469 ; gain = 0.000
INFO: [Project 1-111] Unisim Transformation Summary:
No Unisim elements were transformed.

Synth Design complete | Checksum: 1b2c9a68
INFO: [Common 17-83] Releasing license: Synthesis
20 Infos, 1 Warnings, 0 Critical Warnings and 0 Errors encountered.
synth_design completed successfully
synth_design: Time (s): cpu = 00:00:45 ; elapsed = 00:01:25 . Memory (MB): peak = 1363.469 ; gain = 857.852
INFO: [Timing 38-35] Done setting XDC timing constraints.
Write ShapeDB Complete: Time (s): cpu = 00:00:00 ; elapsed = 00:00:00.090 . Memory (MB): peak = 1666.234 ; gain = 0.133
INFO: [Common 17-1381] The checkpoint 'D:/FPGA_CPU/vivado/Integration/Integration.runs/main_IROM_0_1_synth_1/main_IROM_0_1.dcp' has been generated.
write_checkpoint: Time (s): cpu = 00:00:13 ; elapsed = 00:00:25 . Memory (MB): peak = 1666.234 ; gain = 302.766
INFO: [Vivado 12-24828] Executing command : report_utilization -file main_IROM_0_1_utilization_synth.rpt -pb main_IROM_0_1_utilization_synth.pb
INFO: [Common 17-206] Exiting Vivado at Fri Nov 15 10:58:33 2024...
