
*** Running vivado
    with args -log main_Pipelining_WriteBack_0_0.vds -m64 -product Vivado -mode batch -messageDb vivado.pb -notrace -source main_Pipelining_WriteBack_0_0.tcl



****** Vivado v2024.1 (64-bit)
  **** SW Build 5076996 on Wed May 22 18:37:14 MDT 2024
  **** IP Build 5075265 on Wed May 22 21:45:21 MDT 2024
  **** SharedData Build 5076995 on Wed May 22 18:29:18 MDT 2024
  **** Start of session at: Fri Nov 15 10:18:20 2024
    ** Copyright 1986-2022 Xilinx, Inc. All Rights Reserved.
    ** Copyright 2022-2024 Advanced Micro Devices, Inc. All Rights Reserved.

source main_Pipelining_WriteBack_0_0.tcl -notrace
create_project: Time (s): cpu = 00:00:21 ; elapsed = 00:00:32 . Memory (MB): peak = 491.836 ; gain = 199.613
INFO: [IP_Flow 19-234] Refreshing IP repositories
INFO: [IP_Flow 19-1704] No user IP repositories specified
INFO: [IP_Flow 19-2313] Loaded Vivado IP repository 'D:/Vivado/Vivado/2024.1/data/ip'.
Command: synth_design -top main_Pipelining_WriteBack_0_0 -part xc7a35ticsg324-1L -incremental_mode off -mode out_of_context
Starting synth_design
Attempting to get a license for feature 'Synthesis' and/or device 'xc7a35ti'
INFO: [Common 17-349] Got license for feature 'Synthesis' and/or device 'xc7a35ti'
INFO: [Designutils 20-5008] Incremental synthesis strategy off
INFO: [Synth 8-7079] Multithreading enabled for synth_design using a maximum of 2 processes.
INFO: [Synth 8-7078] Launching helper process for spawning children vivado processes
INFO: [Synth 8-7075] Helper process launched with PID 8468
---------------------------------------------------------------------------------
Starting Synthesize : Time (s): cpu = 00:00:17 ; elapsed = 00:00:30 . Memory (MB): peak = 966.137 ; gain = 450.680
---------------------------------------------------------------------------------
INFO: [Synth 8-638] synthesizing module 'main_Pipelining_WriteBack_0_0' [d:/FPGA_CPU/vivado/Integration/Integration.gen/sources_1/bd/main/ip/main_Pipelining_WriteBack_0_0/synth/main_Pipelining_WriteBack_0_0.vhd:76]
INFO: [Synth 8-3491] module 'Pipelining_WriteBackStage' declared at 'D:/FPGA_CPU/vivado/Pipelining/Pipelining.srcs/sources_1/new/Pipelining_WriteBackStage.vhd:34' bound to instance 'U0' of component 'Pipelining_WriteBackStage' [d:/FPGA_CPU/vivado/Integration/Integration.gen/sources_1/bd/main/ip/main_Pipelining_WriteBack_0_0/synth/main_Pipelining_WriteBack_0_0.vhd:113]
INFO: [Synth 8-638] synthesizing module 'Pipelining_WriteBackStage' [D:/FPGA_CPU/vivado/Pipelining/Pipelining.srcs/sources_1/new/Pipelining_WriteBackStage.vhd:52]
INFO: [Synth 8-256] done synthesizing module 'Pipelining_WriteBackStage' (0#1) [D:/FPGA_CPU/vivado/Pipelining/Pipelining.srcs/sources_1/new/Pipelining_WriteBackStage.vhd:52]
INFO: [Synth 8-256] done synthesizing module 'main_Pipelining_WriteBack_0_0' (0#1) [d:/FPGA_CPU/vivado/Integration/Integration.gen/sources_1/bd/main/ip/main_Pipelining_WriteBack_0_0/synth/main_Pipelining_WriteBack_0_0.vhd:76]
---------------------------------------------------------------------------------
Finished Synthesize : Time (s): cpu = 00:00:23 ; elapsed = 00:00:43 . Memory (MB): peak = 1075.340 ; gain = 559.883
---------------------------------------------------------------------------------
---------------------------------------------------------------------------------
Finished Constraint Validation : Time (s): cpu = 00:00:24 ; elapsed = 00:00:45 . Memory (MB): peak = 1075.340 ; gain = 559.883
---------------------------------------------------------------------------------
---------------------------------------------------------------------------------
Start Loading Part and Timing Information
---------------------------------------------------------------------------------
Loading part: xc7a35ticsg324-1L
---------------------------------------------------------------------------------
Finished Loading Part and Timing Information : Time (s): cpu = 00:00:25 ; elapsed = 00:00:45 . Memory (MB): peak = 1075.340 ; gain = 559.883
---------------------------------------------------------------------------------
INFO: [Device 21-403] Loading part xc7a35ticsg324-1L
---------------------------------------------------------------------------------
Finished RTL Optimization Phase 2 : Time (s): cpu = 00:00:25 ; elapsed = 00:00:46 . Memory (MB): peak = 1075.340 ; gain = 559.883
---------------------------------------------------------------------------------
No constraint files found.
---------------------------------------------------------------------------------
Start RTL Component Statistics 
---------------------------------------------------------------------------------
Detailed RTL Component Info : 
+---Registers : 
	               16 Bit    Registers := 2     
	                4 Bit    Registers := 1     
	                1 Bit    Registers := 3     
---------------------------------------------------------------------------------
Finished RTL Component Statistics 
---------------------------------------------------------------------------------
---------------------------------------------------------------------------------
Start Part Resource Summary
---------------------------------------------------------------------------------
INFO: [Device 21-9227] Part: xc7a35ticsg324-1L does not have CEAM library.
Part Resources:
DSPs: 90 (col length:60)
BRAMs: 100 (col length: RAMB18 60 RAMB36 30)
---------------------------------------------------------------------------------
Finished Part Resource Summary
---------------------------------------------------------------------------------
No constraint files found.
---------------------------------------------------------------------------------
Start Cross Boundary and Area Optimization
---------------------------------------------------------------------------------
WARNING: [Synth 8-7080] Parallel synthesis criteria is not met
---------------------------------------------------------------------------------
Finished Cross Boundary and Area Optimization : Time (s): cpu = 00:00:36 ; elapsed = 00:01:07 . Memory (MB): peak = 1252.090 ; gain = 736.633
---------------------------------------------------------------------------------
No constraint files found.
---------------------------------------------------------------------------------
Start Timing Optimization
---------------------------------------------------------------------------------
---------------------------------------------------------------------------------
Finished Timing Optimization : Time (s): cpu = 00:00:37 ; elapsed = 00:01:07 . Memory (MB): peak = 1252.090 ; gain = 736.633
---------------------------------------------------------------------------------
---------------------------------------------------------------------------------
Start Technology Mapping
---------------------------------------------------------------------------------
---------------------------------------------------------------------------------
Finished Technology Mapping : Time (s): cpu = 00:00:37 ; elapsed = 00:01:07 . Memory (MB): peak = 1252.090 ; gain = 736.633
---------------------------------------------------------------------------------
---------------------------------------------------------------------------------
Start IO Insertion
---------------------------------------------------------------------------------
---------------------------------------------------------------------------------
Start Flattening Before IO Insertion
---------------------------------------------------------------------------------
---------------------------------------------------------------------------------
Finished Flattening Before IO Insertion
---------------------------------------------------------------------------------
---------------------------------------------------------------------------------
Start Final Netlist Cleanup
---------------------------------------------------------------------------------
---------------------------------------------------------------------------------
Finished Final Netlist Cleanup
---------------------------------------------------------------------------------
---------------------------------------------------------------------------------
Finished IO Insertion : Time (s): cpu = 00:00:52 ; elapsed = 00:01:26 . Memory (MB): peak = 1252.090 ; gain = 736.633
---------------------------------------------------------------------------------
---------------------------------------------------------------------------------
Start Renaming Generated Instances
---------------------------------------------------------------------------------
---------------------------------------------------------------------------------
Finished Renaming Generated Instances : Time (s): cpu = 00:00:52 ; elapsed = 00:01:26 . Memory (MB): peak = 1252.090 ; gain = 736.633
---------------------------------------------------------------------------------
---------------------------------------------------------------------------------
Start Rebuilding User Hierarchy
---------------------------------------------------------------------------------
---------------------------------------------------------------------------------
Finished Rebuilding User Hierarchy : Time (s): cpu = 00:00:52 ; elapsed = 00:01:26 . Memory (MB): peak = 1252.090 ; gain = 736.633
---------------------------------------------------------------------------------
---------------------------------------------------------------------------------
Start Renaming Generated Ports
---------------------------------------------------------------------------------
---------------------------------------------------------------------------------
Finished Renaming Generated Ports : Time (s): cpu = 00:00:52 ; elapsed = 00:01:26 . Memory (MB): peak = 1252.090 ; gain = 736.633
---------------------------------------------------------------------------------
---------------------------------------------------------------------------------
Start Handling Custom Attributes
---------------------------------------------------------------------------------
---------------------------------------------------------------------------------
Finished Handling Custom Attributes : Time (s): cpu = 00:00:52 ; elapsed = 00:01:26 . Memory (MB): peak = 1252.090 ; gain = 736.633
---------------------------------------------------------------------------------
---------------------------------------------------------------------------------
Start Renaming Generated Nets
---------------------------------------------------------------------------------
---------------------------------------------------------------------------------
Finished Renaming Generated Nets : Time (s): cpu = 00:00:52 ; elapsed = 00:01:26 . Memory (MB): peak = 1252.090 ; gain = 736.633
---------------------------------------------------------------------------------
---------------------------------------------------------------------------------
Start Writing Synthesis Report
---------------------------------------------------------------------------------

Report BlackBoxes: 
+-+--------------+----------+
| |BlackBox name |Instances |
+-+--------------+----------+
+-+--------------+----------+

Report Cell Usage: 
+------+-----+------+
|      |Cell |Count |
+------+-----+------+
|1     |LUT2 |     1|
|2     |FDCE |    39|
+------+-----+------+

Report Instance Areas: 
+------+---------+--------------------------+------+
|      |Instance |Module                    |Cells |
+------+---------+--------------------------+------+
|1     |top      |                          |    40|
|2     |  U0     |Pipelining_WriteBackStage |    40|
+------+---------+--------------------------+------+
---------------------------------------------------------------------------------
Finished Writing Synthesis Report : Time (s): cpu = 00:00:52 ; elapsed = 00:01:26 . Memory (MB): peak = 1252.090 ; gain = 736.633
---------------------------------------------------------------------------------
Synthesis finished with 0 errors, 0 critical warnings and 1 warnings.
Synthesis Optimization Runtime : Time (s): cpu = 00:00:52 ; elapsed = 00:01:26 . Memory (MB): peak = 1252.090 ; gain = 736.633
Synthesis Optimization Complete : Time (s): cpu = 00:00:52 ; elapsed = 00:01:26 . Memory (MB): peak = 1252.090 ; gain = 736.633
INFO: [Project 1-571] Translating synthesized netlist
Netlist sorting complete. Time (s): cpu = 00:00:00 ; elapsed = 00:00:00.025 . Memory (MB): peak = 1263.062 ; gain = 0.000
INFO: [Project 1-570] Preparing netlist for logic optimization
INFO: [Opt 31-138] Pushed 0 inverter(s) to 0 load pin(s).
Netlist sorting complete. Time (s): cpu = 00:00:00 ; elapsed = 00:00:00.001 . Memory (MB): peak = 1361.090 ; gain = 0.000
INFO: [Project 1-111] Unisim Transformation Summary:
No Unisim elements were transformed.

Synth Design complete | Checksum: 2c953db
INFO: [Common 17-83] Releasing license: Synthesis
20 Infos, 1 Warnings, 0 Critical Warnings and 0 Errors encountered.
synth_design completed successfully
synth_design: Time (s): cpu = 00:00:56 ; elapsed = 00:01:40 . Memory (MB): peak = 1361.090 ; gain = 853.895
INFO: [Timing 38-35] Done setting XDC timing constraints.
INFO: [Common 17-1381] The checkpoint 'D:/FPGA_CPU/vivado/Integration/Integration.runs/main_Pipelining_WriteBack_0_0_synth_1/main_Pipelining_WriteBack_0_0.dcp' has been generated.
write_checkpoint: Time (s): cpu = 00:00:20 ; elapsed = 00:00:30 . Memory (MB): peak = 1662.832 ; gain = 301.742
INFO: [Vivado 12-24828] Executing command : report_utilization -file main_Pipelining_WriteBack_0_0_utilization_synth.rpt -pb main_Pipelining_WriteBack_0_0_utilization_synth.pb
INFO: [Common 17-206] Exiting Vivado at Fri Nov 15 10:21:32 2024...
