Copyright 1986-2022 Xilinx, Inc. All Rights Reserved. Copyright 2022-2024 Advanced Micro Devices, Inc. All Rights Reserved.
----------------------------------------------------------------------------------------------------------------------------------------------------------
| Tool Version     : Vivado v.2024.1 (win64) Build 5076996 Wed May 22 18:37:14 MDT 2024
| Date             : Tue Nov 19 16:23:07 2024
| Host             : BOOK-69BD3QPCMV running 64-bit major release  (build 9200)
| Command          : report_power -file main_wrapper_power_routed.rpt -pb main_wrapper_power_summary_routed.pb -rpx main_wrapper_power_routed.rpx
| Design           : main_wrapper
| Device           : xc7a35ticsg324-1L
| Design State     : routed
| Grade            : industrial
| Process          : typical
| Characterization : Production
----------------------------------------------------------------------------------------------------------------------------------------------------------

Power Report

Table of Contents
-----------------
1. Summary
1.1 On-Chip Components
1.2 Power Supply Summary
1.3 Confidence Level
2. Settings
2.1 Environment
2.2 Clock Constraints
3. Detailed Reports
3.1 By Hierarchy

1. Summary
----------

+--------------------------+--------------+
| Total On-Chip Power (W)  | 0.190        |
| Design Power Budget (W)  | Unspecified* |
| Power Budget Margin (W)  | NA           |
| Dynamic (W)              | 0.128        |
| Device Static (W)        | 0.062        |
| Effective TJA (C/W)      | 4.8          |
| Max Ambient (C)          | 99.1         |
| Junction Temperature (C) | 25.9         |
| Confidence Level         | Medium       |
| Setting File             | ---          |
| Simulation Activity File | ---          |
| Design Nets Matched      | NA           |
+--------------------------+--------------+
* Specify Design Power Budget using, set_operating_conditions -design_power_budget <value in Watts>


1.1 On-Chip Components
----------------------

+--------------------------+-----------+----------+-----------+-----------------+
| On-Chip                  | Power (W) | Used     | Available | Utilization (%) |
+--------------------------+-----------+----------+-----------+-----------------+
| Clocks                   |     0.007 |       12 |       --- |             --- |
| Slice Logic              |     0.004 |     1803 |       --- |             --- |
|   LUT as Logic           |     0.004 |     1031 |     20800 |            4.96 |
|   LUT as Distributed RAM |    <0.001 |       64 |      9600 |            0.67 |
|   F7/F8 Muxes            |    <0.001 |       48 |     32600 |            0.15 |
|   Register               |    <0.001 |      579 |     41600 |            1.39 |
|   CARRY4                 |    <0.001 |        6 |      8150 |            0.07 |
|   Others                 |     0.000 |       20 |       --- |             --- |
| Signals                  |     0.008 |     1595 |       --- |             --- |
| MMCM                     |     0.106 |        1 |         5 |           20.00 |
| DSPs                     |     0.003 |        4 |        90 |            4.44 |
| I/O                      |    <0.001 |        5 |       210 |            2.38 |
| Static Power             |     0.062 |          |           |                 |
| Total                    |     0.190 |          |           |                 |
+--------------------------+-----------+----------+-----------+-----------------+


1.2 Power Supply Summary
------------------------

+-----------+-------------+-----------+-------------+------------+-------------+-------------+------------+
| Source    | Voltage (V) | Total (A) | Dynamic (A) | Static (A) | Powerup (A) | Budget (A)  | Margin (A) |
+-----------+-------------+-----------+-------------+------------+-------------+-------------+------------+
| Vccint    |       0.950 |     0.030 |       0.024 |      0.006 |       NA    | Unspecified | NA         |
| Vccaux    |       1.800 |     0.070 |       0.059 |      0.011 |       NA    | Unspecified | NA         |
| Vcco33    |       3.300 |     0.001 |       0.000 |      0.001 |       NA    | Unspecified | NA         |
| Vcco25    |       2.500 |     0.000 |       0.000 |      0.000 |       NA    | Unspecified | NA         |
| Vcco18    |       1.800 |     0.000 |       0.000 |      0.000 |       NA    | Unspecified | NA         |
| Vcco15    |       1.500 |     0.000 |       0.000 |      0.000 |       NA    | Unspecified | NA         |
| Vcco135   |       1.350 |     0.000 |       0.000 |      0.000 |       NA    | Unspecified | NA         |
| Vcco12    |       1.200 |     0.000 |       0.000 |      0.000 |       NA    | Unspecified | NA         |
| Vccaux_io |       1.800 |     0.000 |       0.000 |      0.000 |       NA    | Unspecified | NA         |
| Vccbram   |       0.950 |     0.000 |       0.000 |      0.000 |       NA    | Unspecified | NA         |
| MGTAVcc   |       1.000 |     0.000 |       0.000 |      0.000 |       NA    | Unspecified | NA         |
| MGTAVtt   |       1.200 |     0.000 |       0.000 |      0.000 |       NA    | Unspecified | NA         |
| Vccadc    |       1.800 |     0.018 |       0.000 |      0.018 |       NA    | Unspecified | NA         |
+-----------+-------------+-----------+-------------+------------+-------------+-------------+------------+


1.3 Confidence Level
--------------------

+-----------------------------+------------+-------------------------------------------------------+------------------------------------------------------------------------------------------------------------+
| User Input Data             | Confidence | Details                                               | Action                                                                                                     |
+-----------------------------+------------+-------------------------------------------------------+------------------------------------------------------------------------------------------------------------+
| Design implementation state | High       | Design is routed                                      |                                                                                                            |
| Clock nodes activity        | High       | User specified more than 95% of clocks                |                                                                                                            |
| I/O nodes activity          | Medium     | More than 5% of inputs are missing user specification | Provide missing input activity with simulation results or by editing the "By Resource Type -> I/Os" view   |
| Internal nodes activity     | Medium     | User specified less than 25% of internal nodes        | Provide missing internal nodes activity with simulation results or by editing the "By Resource Type" views |
| Device models               | High       | Device models are Production                          |                                                                                                            |
|                             |            |                                                       |                                                                                                            |
| Overall confidence level    | Medium     |                                                       |                                                                                                            |
+-----------------------------+------------+-------------------------------------------------------+------------------------------------------------------------------------------------------------------------+


2. Settings
-----------

2.1 Environment
---------------

+-----------------------+--------------------------+
| Ambient Temp (C)      | 25.0                     |
| ThetaJA (C/W)         | 4.8                      |
| Airflow (LFM)         | 250                      |
| Heat Sink             | medium (Medium Profile)  |
| ThetaSA (C/W)         | 4.6                      |
| Board Selection       | medium (10"x10")         |
| # of Board Layers     | 12to15 (12 to 15 Layers) |
| Board Temperature (C) | 25.0                     |
+-----------------------+--------------------------+


2.2 Clock Constraints
---------------------

+------------------------------------+--------------------------------------------------------+-----------------+
| Clock                              | Domain                                                 | Constraint (ns) |
+------------------------------------+--------------------------------------------------------+-----------------+
| CLK100MHZ                          | CLK100MHZ                                              |            10.0 |
| Debug_CLK100MHZ_main_clk_wiz_0_0   | main_i/clk_wiz_0/inst/Debug_CLK100MHZ_main_clk_wiz_0_0 |            10.0 |
| Debug_CLK100MHZ_main_clk_wiz_0_0_1 | main_i/clk_wiz_0/inst/Debug_CLK100MHZ_main_clk_wiz_0_0 |            10.0 |
| InstrExec_CLK_main_clk_wiz_0_0     | main_i/clk_wiz_0/inst/InstrExec_CLK_main_clk_wiz_0_0   |            10.0 |
| InstrExec_CLK_main_clk_wiz_0_0_1   | main_i/clk_wiz_0/inst/InstrExec_CLK_main_clk_wiz_0_0   |            10.0 |
| InstrLoad_CLK_main_clk_wiz_0_0     | main_i/clk_wiz_0/inst/InstrLoad_CLK_main_clk_wiz_0_0   |            10.0 |
| InstrLoad_CLK_main_clk_wiz_0_0_1   | main_i/clk_wiz_0/inst/InstrLoad_CLK_main_clk_wiz_0_0   |            10.0 |
| clkfbout_main_clk_wiz_0_0          | main_i/clk_wiz_0/inst/clkfbout_main_clk_wiz_0_0        |            10.0 |
| clkfbout_main_clk_wiz_0_0_1        | main_i/clk_wiz_0/inst/clkfbout_main_clk_wiz_0_0        |            10.0 |
| sys_clk_pin                        | CLK100MHZ                                              |            10.0 |
+------------------------------------+--------------------------------------------------------+-----------------+


3. Detailed Reports
-------------------

3.1 By Hierarchy
----------------

+-----------------------------+-----------+
| Name                        | Power (W) |
+-----------------------------+-----------+
| main_wrapper                |     0.128 |
|   main_i                    |     0.128 |
|     ALU_0                   |     0.007 |
|       U0                    |     0.007 |
|     CU_RAMAddressControl_0  |     0.001 |
|       U0                    |     0.001 |
|     Debugger_0              |     0.001 |
|       U0                    |     0.001 |
|     Pipelining_Controller_0 |     0.001 |
|       U0                    |     0.001 |
|     Pipelining_Execution_0  |     0.003 |
|       U0                    |     0.003 |
|     Pipelining_WriteBack_0  |     0.001 |
|       U0                    |     0.001 |
|     RegFile_0               |     0.001 |
|       U0                    |     0.001 |
|     clk_wiz_0               |     0.107 |
|       inst                  |     0.107 |
+-----------------------------+-----------+


