
*** Running vivado
    with args -log main_wrapper.vdi -applog -m64 -product Vivado -messageDb vivado.pb -mode batch -source main_wrapper.tcl -notrace



****** Vivado v2024.1 (64-bit)
  **** SW Build 5076996 on Wed May 22 18:37:14 MDT 2024
  **** IP Build 5075265 on Wed May 22 21:45:21 MDT 2024
  **** SharedData Build 5076995 on Wed May 22 18:29:18 MDT 2024
  **** Start of session at: Fri Nov 15 15:05:31 2024
    ** Copyright 1986-2022 Xilinx, Inc. All Rights Reserved.
    ** Copyright 2022-2024 Advanced Micro Devices, Inc. All Rights Reserved.

source main_wrapper.tcl -notrace
create_project: Time (s): cpu = 00:00:09 ; elapsed = 00:00:16 . Memory (MB): peak = 492.383 ; gain = 200.234
INFO: [IP_Flow 19-234] Refreshing IP repositories
INFO: [IP_Flow 19-1704] No user IP repositories specified
INFO: [IP_Flow 19-2313] Loaded Vivado IP repository 'D:/Vivado/Vivado/2024.1/data/ip'.
Command: link_design -top main_wrapper -part xc7a35ticsg324-1L
Design is defaulting to srcset: sources_1
Design is defaulting to constrset: constrs_1
INFO: [Device 21-403] Loading part xc7a35ticsg324-1L
INFO: [Device 21-9227] Part: xc7a35ticsg324-1L does not have CEAM library.
Netlist sorting complete. Time (s): cpu = 00:00:00 ; elapsed = 00:00:00.031 . Memory (MB): peak = 911.645 ; gain = 0.000
INFO: [Netlist 29-17] Analyzing 144 Unisim elements for replacement
INFO: [Netlist 29-28] Unisim Transformation completed in 0 CPU seconds
INFO: [Project 1-479] Netlist was created with Vivado 2024.1
INFO: [Project 1-570] Preparing netlist for logic optimization
Parsing XDC File [D:/FPGA/SixteenShadesOfCpu/vivado/Integration/Integration.srcs/constrs_1/new/main.xdc]
Finished Parsing XDC File [D:/FPGA/SixteenShadesOfCpu/vivado/Integration/Integration.srcs/constrs_1/new/main.xdc]
INFO: [Opt 31-138] Pushed 0 inverter(s) to 0 load pin(s).
Netlist sorting complete. Time (s): cpu = 00:00:00 ; elapsed = 00:00:00.001 . Memory (MB): peak = 1038.902 ; gain = 0.000
INFO: [Project 1-111] Unisim Transformation Summary:
  A total of 16 instances were transformed.
  RAM256X1S => RAM256X1S (inverted pins: WCLK) (MUXF7(x2), MUXF8, RAMS64E(x4)): 16 instances

11 Infos, 0 Warnings, 0 Critical Warnings and 0 Errors encountered.
link_design completed successfully
link_design: Time (s): cpu = 00:00:07 ; elapsed = 00:00:14 . Memory (MB): peak = 1038.902 ; gain = 533.641
Command: opt_design
Attempting to get a license for feature 'Implementation' and/or device 'xc7a35ti'
INFO: [Common 17-349] Got license for feature 'Implementation' and/or device 'xc7a35ti'
Running DRC as a precondition to command opt_design

Starting DRC Task
INFO: [DRC 23-27] Running DRC with 2 threads
INFO: [Project 1-461] DRC finished with 0 Errors
INFO: [Project 1-462] Please refer to the DRC report (report_drc) for more information.

Time (s): cpu = 00:00:01 ; elapsed = 00:00:02 . Memory (MB): peak = 1066.180 ; gain = 27.277

Starting Cache Timing Information Task
INFO: [Timing 38-35] Done setting XDC timing constraints.
Ending Cache Timing Information Task | Checksum: 287cce3d6

Time (s): cpu = 00:00:11 ; elapsed = 00:00:16 . Memory (MB): peak = 1610.410 ; gain = 544.230

Starting Logic Optimization Task

Phase 1 Initialization

Phase 1.1 Core Generation And Design Setup
Phase 1.1 Core Generation And Design Setup | Checksum: 287cce3d6

Time (s): cpu = 00:00:00 ; elapsed = 00:00:00.013 . Memory (MB): peak = 1987.742 ; gain = 0.000

Phase 1.2 Setup Constraints And Sort Netlist
Phase 1.2 Setup Constraints And Sort Netlist | Checksum: 287cce3d6

Time (s): cpu = 00:00:00 ; elapsed = 00:00:00.023 . Memory (MB): peak = 1987.742 ; gain = 0.000
Phase 1 Initialization | Checksum: 287cce3d6

Time (s): cpu = 00:00:00 ; elapsed = 00:00:00.023 . Memory (MB): peak = 1987.742 ; gain = 0.000

Phase 2 Timer Update And Timing Data Collection

Phase 2.1 Timer Update
Phase 2.1 Timer Update | Checksum: 287cce3d6

Time (s): cpu = 00:00:00 ; elapsed = 00:00:00.178 . Memory (MB): peak = 1987.742 ; gain = 0.000

Phase 2.2 Timing Data Collection
Phase 2.2 Timing Data Collection | Checksum: 287cce3d6

Time (s): cpu = 00:00:00 ; elapsed = 00:00:00.233 . Memory (MB): peak = 1987.742 ; gain = 0.000
Phase 2 Timer Update And Timing Data Collection | Checksum: 287cce3d6

Time (s): cpu = 00:00:00 ; elapsed = 00:00:00.234 . Memory (MB): peak = 1987.742 ; gain = 0.000

Phase 3 Retarget
INFO: [Opt 31-1834] Total Chains To Be Transformed Were: 0 AND Number of Transformed insts Created are: 0
INFO: [Opt 31-138] Pushed 1 inverter(s) to 276 load pin(s).
INFO: [Opt 31-49] Retargeted 0 cell(s).
Phase 3 Retarget | Checksum: 1e9ede3ba

Time (s): cpu = 00:00:00 ; elapsed = 00:00:00.531 . Memory (MB): peak = 1987.742 ; gain = 0.000
Retarget | Checksum: 1e9ede3ba
INFO: [Opt 31-389] Phase Retarget created 0 cells and removed 1 cells

Phase 4 Constant propagation
INFO: [Opt 31-138] Pushed 0 inverter(s) to 0 load pin(s).
Phase 4 Constant propagation | Checksum: 1e9ede3ba

Time (s): cpu = 00:00:00 ; elapsed = 00:00:00.559 . Memory (MB): peak = 1987.742 ; gain = 0.000
Constant propagation | Checksum: 1e9ede3ba
INFO: [Opt 31-389] Phase Constant propagation created 0 cells and removed 0 cells

Phase 5 Sweep
Phase 5 Sweep | Checksum: 1bb7d354a

Time (s): cpu = 00:00:00 ; elapsed = 00:00:00.612 . Memory (MB): peak = 1987.742 ; gain = 0.000
Sweep | Checksum: 1bb7d354a
INFO: [Opt 31-389] Phase Sweep created 0 cells and removed 0 cells

Phase 6 BUFG optimization
Phase 6 BUFG optimization | Checksum: 1bb7d354a

Time (s): cpu = 00:00:00 ; elapsed = 00:00:00.735 . Memory (MB): peak = 1987.742 ; gain = 0.000
BUFG optimization | Checksum: 1bb7d354a
INFO: [Opt 31-662] Phase BUFG optimization created 0 cells of which 0 are BUFGs and removed 0 cells.

Phase 7 Shift Register Optimization
INFO: [Opt 31-1064] SRL Remap converted 0 SRLs to 0 registers and converted 0 registers of register chains to 0 SRLs
Phase 7 Shift Register Optimization | Checksum: 1bb7d354a

Time (s): cpu = 00:00:00 ; elapsed = 00:00:00.751 . Memory (MB): peak = 1987.742 ; gain = 0.000
Shift Register Optimization | Checksum: 1bb7d354a
INFO: [Opt 31-389] Phase Shift Register Optimization created 0 cells and removed 0 cells

Phase 8 Post Processing Netlist
Phase 8 Post Processing Netlist | Checksum: 1bb7d354a

Time (s): cpu = 00:00:00 ; elapsed = 00:00:00.768 . Memory (MB): peak = 1987.742 ; gain = 0.000
Post Processing Netlist | Checksum: 1bb7d354a
INFO: [Opt 31-389] Phase Post Processing Netlist created 0 cells and removed 0 cells

Phase 9 Finalization

Phase 9.1 Finalizing Design Cores and Updating Shapes
Phase 9.1 Finalizing Design Cores and Updating Shapes | Checksum: 2d2df8328

Time (s): cpu = 00:00:00 ; elapsed = 00:00:00.810 . Memory (MB): peak = 1987.742 ; gain = 0.000

Phase 9.2 Verifying Netlist Connectivity

Starting Connectivity Check Task

Time (s): cpu = 00:00:00 ; elapsed = 00:00:00.008 . Memory (MB): peak = 1987.742 ; gain = 0.000
Phase 9.2 Verifying Netlist Connectivity | Checksum: 2d2df8328

Time (s): cpu = 00:00:00 ; elapsed = 00:00:00.823 . Memory (MB): peak = 1987.742 ; gain = 0.000
Phase 9 Finalization | Checksum: 2d2df8328

Time (s): cpu = 00:00:00 ; elapsed = 00:00:00.824 . Memory (MB): peak = 1987.742 ; gain = 0.000
Opt_design Change Summary
=========================


-------------------------------------------------------------------------------------------------------------------------
|  Phase                        |  #Cells created  |  #Cells Removed  |  #Constrained objects preventing optimizations  |
-------------------------------------------------------------------------------------------------------------------------
|  Retarget                     |               0  |               1  |                                              0  |
|  Constant propagation         |               0  |               0  |                                              0  |
|  Sweep                        |               0  |               0  |                                              0  |
|  BUFG optimization            |               0  |               0  |                                              0  |
|  Shift Register Optimization  |               0  |               0  |                                              0  |
|  Post Processing Netlist      |               0  |               0  |                                              0  |
-------------------------------------------------------------------------------------------------------------------------


Ending Logic Optimization Task | Checksum: 2d2df8328

Time (s): cpu = 00:00:00 ; elapsed = 00:00:00.831 . Memory (MB): peak = 1987.742 ; gain = 0.000

Starting Power Optimization Task
INFO: [Pwropt 34-132] Skipping clock gating for clocks with a period < 2.00 ns.
Ending Power Optimization Task | Checksum: 2d2df8328

Time (s): cpu = 00:00:01 ; elapsed = 00:00:00.101 . Memory (MB): peak = 1987.742 ; gain = 0.000

Starting Final Cleanup Task
Ending Final Cleanup Task | Checksum: 2d2df8328

Time (s): cpu = 00:00:00 ; elapsed = 00:00:00 . Memory (MB): peak = 1987.742 ; gain = 0.000

Starting Netlist Obfuscation Task
Netlist sorting complete. Time (s): cpu = 00:00:00 ; elapsed = 00:00:00.001 . Memory (MB): peak = 1987.742 ; gain = 0.000
Ending Netlist Obfuscation Task | Checksum: 2d2df8328

Time (s): cpu = 00:00:00 ; elapsed = 00:00:00.002 . Memory (MB): peak = 1987.742 ; gain = 0.000
INFO: [Common 17-83] Releasing license: Implementation
29 Infos, 0 Warnings, 0 Critical Warnings and 0 Errors encountered.
opt_design completed successfully
opt_design: Time (s): cpu = 00:00:18 ; elapsed = 00:00:27 . Memory (MB): peak = 1987.742 ; gain = 948.840
INFO: [Vivado 12-24828] Executing command : report_drc -file main_wrapper_drc_opted.rpt -pb main_wrapper_drc_opted.pb -rpx main_wrapper_drc_opted.rpx
Command: report_drc -file main_wrapper_drc_opted.rpt -pb main_wrapper_drc_opted.pb -rpx main_wrapper_drc_opted.rpx
INFO: [IP_Flow 19-1839] IP Catalog is up to date.
INFO: [DRC 23-27] Running DRC with 2 threads
INFO: [Vivado_Tcl 2-168] The results of DRC are in file D:/FPGA/SixteenShadesOfCpu/vivado/Integration/Integration.runs/impl_1/main_wrapper_drc_opted.rpt.
report_drc completed successfully
INFO: [Timing 38-480] Writing timing data to binary archive.
Write ShapeDB Complete: Time (s): cpu = 00:00:00 ; elapsed = 00:00:00.016 . Memory (MB): peak = 1987.742 ; gain = 0.000
Wrote PlaceDB: Time (s): cpu = 00:00:00 ; elapsed = 00:00:00.007 . Memory (MB): peak = 1987.742 ; gain = 0.000
Wrote PulsedLatchDB: Time (s): cpu = 00:00:00 ; elapsed = 00:00:00 . Memory (MB): peak = 1987.742 ; gain = 0.000
Writing XDEF routing.
Writing XDEF routing logical nets.
Writing XDEF routing special nets.
Wrote RouteStorage: Time (s): cpu = 00:00:01 ; elapsed = 00:00:00.194 . Memory (MB): peak = 1987.742 ; gain = 0.000
Wrote Netlist Cache: Time (s): cpu = 00:00:00 ; elapsed = 00:00:00.018 . Memory (MB): peak = 1987.742 ; gain = 0.000
Wrote Device Cache: Time (s): cpu = 00:00:00 ; elapsed = 00:00:00.024 . Memory (MB): peak = 1987.742 ; gain = 0.000
Write Physdb Complete: Time (s): cpu = 00:00:01 ; elapsed = 00:00:00.408 . Memory (MB): peak = 1987.742 ; gain = 0.000
INFO: [Common 17-1381] The checkpoint 'D:/FPGA/SixteenShadesOfCpu/vivado/Integration/Integration.runs/impl_1/main_wrapper_opt.dcp' has been generated.
Command: place_design
Attempting to get a license for feature 'Implementation' and/or device 'xc7a35ti'
INFO: [Common 17-349] Got license for feature 'Implementation' and/or device 'xc7a35ti'
INFO: [Common 17-83] Releasing license: Implementation
INFO: [DRC 23-27] Running DRC with 2 threads
INFO: [Vivado_Tcl 4-198] DRC finished with 0 Errors
INFO: [Vivado_Tcl 4-199] Please refer to the DRC report (report_drc) for more information.
Running DRC as a precondition to command place_design
INFO: [DRC 23-27] Running DRC with 2 threads
INFO: [Vivado_Tcl 4-198] DRC finished with 0 Errors
INFO: [Vivado_Tcl 4-199] Please refer to the DRC report (report_drc) for more information.
INFO: [Place 30-611] Multithreading enabled for place_design using a maximum of 2 CPUs

Starting Placer Task

Phase 1 Placer Initialization

Phase 1.1 Placer Initialization Netlist Sorting
Netlist sorting complete. Time (s): cpu = 00:00:00 ; elapsed = 00:00:00.002 . Memory (MB): peak = 1987.742 ; gain = 0.000
Phase 1.1 Placer Initialization Netlist Sorting | Checksum: 20614f428

Time (s): cpu = 00:00:00 ; elapsed = 00:00:00.063 . Memory (MB): peak = 1987.742 ; gain = 0.000
Netlist sorting complete. Time (s): cpu = 00:00:00 ; elapsed = 00:00:00.001 . Memory (MB): peak = 1987.742 ; gain = 0.000

Phase 1.2 IO Placement/ Clock Placement/ Build Placer Device
INFO: [Timing 38-35] Done setting XDC timing constraints.
Phase 1.2 IO Placement/ Clock Placement/ Build Placer Device | Checksum: f7a1d430

Time (s): cpu = 00:00:01 ; elapsed = 00:00:01 . Memory (MB): peak = 1987.742 ; gain = 0.000

Phase 1.3 Build Placer Netlist Model
Phase 1.3 Build Placer Netlist Model | Checksum: 1b5165b34

Time (s): cpu = 00:00:01 ; elapsed = 00:00:02 . Memory (MB): peak = 1987.742 ; gain = 0.000

Phase 1.4 Constrain Clocks/Macros
Phase 1.4 Constrain Clocks/Macros | Checksum: 1b5165b34

Time (s): cpu = 00:00:01 ; elapsed = 00:00:02 . Memory (MB): peak = 1987.742 ; gain = 0.000
Phase 1 Placer Initialization | Checksum: 1b5165b34

Time (s): cpu = 00:00:01 ; elapsed = 00:00:03 . Memory (MB): peak = 1987.742 ; gain = 0.000

Phase 2 Global Placement

Phase 2.1 Floorplanning
Phase 2.1 Floorplanning | Checksum: 19151dd8a

Time (s): cpu = 00:00:02 ; elapsed = 00:00:03 . Memory (MB): peak = 1987.742 ; gain = 0.000

Phase 2.2 Update Timing before SLR Path Opt
Phase 2.2 Update Timing before SLR Path Opt | Checksum: 17685c352

Time (s): cpu = 00:00:02 ; elapsed = 00:00:03 . Memory (MB): peak = 1987.742 ; gain = 0.000

Phase 2.3 Post-Processing in Floorplanning
Phase 2.3 Post-Processing in Floorplanning | Checksum: 17685c352

Time (s): cpu = 00:00:02 ; elapsed = 00:00:03 . Memory (MB): peak = 1987.742 ; gain = 0.000

Phase 2.4 Global Placement Core

Phase 2.4.1 UpdateTiming Before Physical Synthesis
Phase 2.4.1 UpdateTiming Before Physical Synthesis | Checksum: 10567864d

Time (s): cpu = 00:00:07 ; elapsed = 00:00:11 . Memory (MB): peak = 1987.742 ; gain = 0.000

Phase 2.4.2 Physical Synthesis In Placer
INFO: [Physopt 32-1035] Found 7 LUTNM shape to break, 28 LUT instances to create LUTNM shape
INFO: [Physopt 32-1044] Break lutnm for timing: one critical 4, two critical 3, total 7, new lutff created 0
INFO: [Physopt 32-1138] End 1 Pass. Optimized 15 nets or LUTs. Breaked 7 LUTs, combined 8 existing LUTs and moved 0 existing LUT
INFO: [Physopt 32-65] No nets found for high-fanout optimization.
INFO: [Physopt 32-232] Optimized 0 net. Created 0 new instance.
INFO: [Physopt 32-775] End 1 Pass. Optimized 0 net or cell. Created 0 new cell, deleted 0 existing cell and moved 0 existing cell
INFO: [Physopt 32-456] No candidate cells for DSP register optimization found in the design.
INFO: [Physopt 32-775] End 2 Pass. Optimized 0 net or cell. Created 0 new cell, deleted 0 existing cell and moved 0 existing cell
INFO: [Physopt 32-1123] No candidate cells found for Shift Register to Pipeline optimization
INFO: [Physopt 32-775] End 2 Pass. Optimized 0 net or cell. Created 0 new cell, deleted 0 existing cell and moved 0 existing cell
INFO: [Physopt 32-1401] No candidate cells found for Shift Register optimization.
INFO: [Physopt 32-677] No candidate cells for Shift Register optimization found in the design
INFO: [Physopt 32-775] End 1 Pass. Optimized 0 net or cell. Created 0 new cell, deleted 0 existing cell and moved 0 existing cell
INFO: [Physopt 32-526] No candidate cells for BRAM register optimization found in the design
INFO: [Physopt 32-775] End 1 Pass. Optimized 0 net or cell. Created 0 new cell, deleted 0 existing cell and moved 0 existing cell
INFO: [Physopt 32-846] No candidate cells for URAM register optimization found in the design
INFO: [Physopt 32-775] End 1 Pass. Optimized 0 net or cell. Created 0 new cell, deleted 0 existing cell and moved 0 existing cell
INFO: [Physopt 32-846] No candidate cells for URAM register optimization found in the design
INFO: [Physopt 32-775] End 1 Pass. Optimized 0 net or cell. Created 0 new cell, deleted 0 existing cell and moved 0 existing cell
INFO: [Physopt 32-949] No candidate nets found for dynamic/static region interface net replication
INFO: [Physopt 32-775] End 1 Pass. Optimized 0 net or cell. Created 0 new cell, deleted 0 existing cell and moved 0 existing cell
Netlist sorting complete. Time (s): cpu = 00:00:00 ; elapsed = 00:00:00.002 . Memory (MB): peak = 1987.742 ; gain = 0.000

Summary of Physical Synthesis Optimizations
============================================


-----------------------------------------------------------------------------------------------------------------------------------------------------------
|  Optimization                                     |  Added Cells  |  Removed Cells  |  Optimized Cells/Nets  |  Dont Touch  |  Iterations  |  Elapsed   |
-----------------------------------------------------------------------------------------------------------------------------------------------------------
|  LUT Combining                                    |            7  |              8  |                    15  |           0  |           1  |  00:00:00  |
|  Retime                                           |            0  |              0  |                     0  |           0  |           1  |  00:00:00  |
|  Very High Fanout                                 |            0  |              0  |                     0  |           0  |           1  |  00:00:00  |
|  DSP Register                                     |            0  |              0  |                     0  |           0  |           1  |  00:00:00  |
|  Shift Register to Pipeline                       |            0  |              0  |                     0  |           0  |           1  |  00:00:00  |
|  Shift Register                                   |            0  |              0  |                     0  |           0  |           1  |  00:00:00  |
|  BRAM Register                                    |            0  |              0  |                     0  |           0  |           1  |  00:00:00  |
|  URAM Register                                    |            0  |              0  |                     0  |           0  |           1  |  00:00:00  |
|  Dynamic/Static Region Interface Net Replication  |            0  |              0  |                     0  |           0  |           1  |  00:00:00  |
|  Total                                            |            7  |              8  |                    15  |           0  |           9  |  00:00:00  |
-----------------------------------------------------------------------------------------------------------------------------------------------------------


Phase 2.4.2 Physical Synthesis In Placer | Checksum: 2ad364247

Time (s): cpu = 00:00:07 ; elapsed = 00:00:12 . Memory (MB): peak = 1987.742 ; gain = 0.000
Phase 2.4 Global Placement Core | Checksum: 265728ccd

Time (s): cpu = 00:00:07 ; elapsed = 00:00:13 . Memory (MB): peak = 1987.742 ; gain = 0.000
Phase 2 Global Placement | Checksum: 265728ccd

Time (s): cpu = 00:00:07 ; elapsed = 00:00:13 . Memory (MB): peak = 1987.742 ; gain = 0.000

Phase 3 Detail Placement

Phase 3.1 Commit Multi Column Macros
Phase 3.1 Commit Multi Column Macros | Checksum: 20dff9a24

Time (s): cpu = 00:00:08 ; elapsed = 00:00:13 . Memory (MB): peak = 1987.742 ; gain = 0.000

Phase 3.2 Commit Most Macros & LUTRAMs
Phase 3.2 Commit Most Macros & LUTRAMs | Checksum: 319d24a33

Time (s): cpu = 00:00:08 ; elapsed = 00:00:14 . Memory (MB): peak = 1987.742 ; gain = 0.000

Phase 3.3 Area Swap Optimization
Phase 3.3 Area Swap Optimization | Checksum: 2612f1cfd

Time (s): cpu = 00:00:08 ; elapsed = 00:00:14 . Memory (MB): peak = 1987.742 ; gain = 0.000

Phase 3.4 Pipeline Register Optimization
Phase 3.4 Pipeline Register Optimization | Checksum: 2fa4a747c

Time (s): cpu = 00:00:08 ; elapsed = 00:00:14 . Memory (MB): peak = 1987.742 ; gain = 0.000

Phase 3.5 Fast Optimization
Phase 3.5 Fast Optimization | Checksum: 27013ff1f

Time (s): cpu = 00:00:11 ; elapsed = 00:00:22 . Memory (MB): peak = 1987.742 ; gain = 0.000

Phase 3.6 Small Shape Detail Placement
Phase 3.6 Small Shape Detail Placement | Checksum: 335871b89

Time (s): cpu = 00:00:12 ; elapsed = 00:00:24 . Memory (MB): peak = 1987.742 ; gain = 0.000

Phase 3.7 Re-assign LUT pins
Phase 3.7 Re-assign LUT pins | Checksum: 2c8607469

Time (s): cpu = 00:00:12 ; elapsed = 00:00:24 . Memory (MB): peak = 1987.742 ; gain = 0.000

Phase 3.8 Pipeline Register Optimization
Phase 3.8 Pipeline Register Optimization | Checksum: 2687960bd

Time (s): cpu = 00:00:12 ; elapsed = 00:00:24 . Memory (MB): peak = 1987.742 ; gain = 0.000

Phase 3.9 Fast Optimization
Phase 3.9 Fast Optimization | Checksum: 283832876

Time (s): cpu = 00:00:15 ; elapsed = 00:00:31 . Memory (MB): peak = 1987.742 ; gain = 0.000
Phase 3 Detail Placement | Checksum: 283832876

Time (s): cpu = 00:00:15 ; elapsed = 00:00:31 . Memory (MB): peak = 1987.742 ; gain = 0.000

Phase 4 Post Placement Optimization and Clean-Up

Phase 4.1 Post Commit Optimization
INFO: [Timing 38-35] Done setting XDC timing constraints.

Phase 4.1.1 Post Placement Optimization
Post Placement Optimization Initialization | Checksum: 23ea58e4e

Phase 4.1.1.1 BUFG Insertion

Starting Physical Synthesis Task

Phase 1 Physical Synthesis Initialization
INFO: [Physopt 32-721] Multithreading enabled for phys_opt_design using a maximum of 2 CPUs
INFO: [Physopt 32-619] Estimated Timing Summary | WNS=-0.633 | TNS=-6.839 |
Phase 1 Physical Synthesis Initialization | Checksum: 218b3489c

Time (s): cpu = 00:00:00 ; elapsed = 00:00:00.168 . Memory (MB): peak = 1987.742 ; gain = 0.000
INFO: [Place 46-56] BUFG insertion identified 0 candidate nets. Inserted BUFG: 0, Replicated BUFG Driver: 0, Skipped due to Placement/Routing Conflicts: 0, Skipped due to Timing Degradation: 0, Skipped due to netlist editing failed: 0.
Ending Physical Synthesis Task | Checksum: 26aefbb08

Time (s): cpu = 00:00:00 ; elapsed = 00:00:00.207 . Memory (MB): peak = 1987.742 ; gain = 0.000
Phase 4.1.1.1 BUFG Insertion | Checksum: 23ea58e4e

Time (s): cpu = 00:00:16 ; elapsed = 00:00:32 . Memory (MB): peak = 1987.742 ; gain = 0.000

Phase 4.1.1.2 Post Placement Timing Optimization
INFO: [Place 30-746] Post Placement Timing Summary WNS=0.054. For the most accurate timing information please run report_timing.
Phase 4.1.1.2 Post Placement Timing Optimization | Checksum: 18ac138de

Time (s): cpu = 00:00:22 ; elapsed = 00:00:44 . Memory (MB): peak = 1987.742 ; gain = 0.000

Time (s): cpu = 00:00:22 ; elapsed = 00:00:44 . Memory (MB): peak = 1987.742 ; gain = 0.000
Phase 4.1 Post Commit Optimization | Checksum: 18ac138de

Time (s): cpu = 00:00:22 ; elapsed = 00:00:44 . Memory (MB): peak = 1987.742 ; gain = 0.000

Phase 4.2 Post Placement Cleanup
Phase 4.2 Post Placement Cleanup | Checksum: 18ac138de

Time (s): cpu = 00:00:22 ; elapsed = 00:00:44 . Memory (MB): peak = 1987.742 ; gain = 0.000

Phase 4.3 Placer Reporting

Phase 4.3.1 Print Estimated Congestion
INFO: [Place 30-612] Post-Placement Estimated Congestion 
 ____________________________________________________
|           | Global Congestion | Short Congestion  |
| Direction | Region Size       | Region Size       |
|___________|___________________|___________________|
|      North|                1x1|                1x1|
|___________|___________________|___________________|
|      South|                1x1|                1x1|
|___________|___________________|___________________|
|       East|                1x1|                1x1|
|___________|___________________|___________________|
|       West|                1x1|                1x1|
|___________|___________________|___________________|

Phase 4.3.1 Print Estimated Congestion | Checksum: 18ac138de

Time (s): cpu = 00:00:22 ; elapsed = 00:00:44 . Memory (MB): peak = 1987.742 ; gain = 0.000
Phase 4.3 Placer Reporting | Checksum: 18ac138de

Time (s): cpu = 00:00:22 ; elapsed = 00:00:44 . Memory (MB): peak = 1987.742 ; gain = 0.000

Phase 4.4 Final Placement Cleanup
Netlist sorting complete. Time (s): cpu = 00:00:00 ; elapsed = 00:00:00.002 . Memory (MB): peak = 1987.742 ; gain = 0.000

Time (s): cpu = 00:00:22 ; elapsed = 00:00:44 . Memory (MB): peak = 1987.742 ; gain = 0.000
Phase 4 Post Placement Optimization and Clean-Up | Checksum: 140799581

Time (s): cpu = 00:00:22 ; elapsed = 00:00:44 . Memory (MB): peak = 1987.742 ; gain = 0.000
Ending Placer Task | Checksum: 10f8f7492

Time (s): cpu = 00:00:22 ; elapsed = 00:00:44 . Memory (MB): peak = 1987.742 ; gain = 0.000
72 Infos, 0 Warnings, 0 Critical Warnings and 0 Errors encountered.
place_design completed successfully
place_design: Time (s): cpu = 00:00:25 ; elapsed = 00:00:48 . Memory (MB): peak = 1987.742 ; gain = 0.000
INFO: [Vivado 12-24838] Running report commands "report_control_sets, report_io, report_utilization" in parallel.
Running report generation with 2 threads.
INFO: [Vivado 12-24828] Executing command : report_io -file main_wrapper_io_placed.rpt
report_io: Time (s): cpu = 00:00:00 ; elapsed = 00:00:00.231 . Memory (MB): peak = 1987.742 ; gain = 0.000
INFO: [Vivado 12-24828] Executing command : report_control_sets -verbose -file main_wrapper_control_sets_placed.rpt
report_control_sets: Time (s): cpu = 00:00:00 ; elapsed = 00:00:00.029 . Memory (MB): peak = 1987.742 ; gain = 0.000
INFO: [Vivado 12-24828] Executing command : report_utilization -file main_wrapper_utilization_placed.rpt -pb main_wrapper_utilization_placed.pb
INFO: [Timing 38-480] Writing timing data to binary archive.
Write ShapeDB Complete: Time (s): cpu = 00:00:00 ; elapsed = 00:00:00.014 . Memory (MB): peak = 1987.742 ; gain = 0.000
Wrote PlaceDB: Time (s): cpu = 00:00:01 ; elapsed = 00:00:00.388 . Memory (MB): peak = 1987.742 ; gain = 0.000
Wrote PulsedLatchDB: Time (s): cpu = 00:00:00 ; elapsed = 00:00:00 . Memory (MB): peak = 1987.742 ; gain = 0.000
Writing XDEF routing.
Writing XDEF routing logical nets.
Writing XDEF routing special nets.
Wrote RouteStorage: Time (s): cpu = 00:00:00 ; elapsed = 00:00:00.048 . Memory (MB): peak = 1987.742 ; gain = 0.000
Wrote Netlist Cache: Time (s): cpu = 00:00:00 ; elapsed = 00:00:00.011 . Memory (MB): peak = 1987.742 ; gain = 0.000
Wrote Device Cache: Time (s): cpu = 00:00:00 ; elapsed = 00:00:00.013 . Memory (MB): peak = 1987.742 ; gain = 0.000
Write Physdb Complete: Time (s): cpu = 00:00:01 ; elapsed = 00:00:00.600 . Memory (MB): peak = 1987.742 ; gain = 0.000
INFO: [Common 17-1381] The checkpoint 'D:/FPGA/SixteenShadesOfCpu/vivado/Integration/Integration.runs/impl_1/main_wrapper_placed.dcp' has been generated.
Command: phys_opt_design
Attempting to get a license for feature 'Implementation' and/or device 'xc7a35ti'
INFO: [Common 17-349] Got license for feature 'Implementation' and/or device 'xc7a35ti'

Starting Initial Update Timing Task

Time (s): cpu = 00:00:00 ; elapsed = 00:00:00.483 . Memory (MB): peak = 1987.742 ; gain = 0.000
INFO: [Vivado_Tcl 4-2279] Estimated Timing Summary | WNS= 0.054 | TNS= 0.000 | 
INFO: [Vivado_Tcl 4-383] Design worst setup slack (WNS) is greater than or equal to 0.000 ns. All physical synthesis setup optimizations will be skipped.
INFO: [Vivado_Tcl 4-232] No setup violation found. The netlist was not modified.
INFO: [Common 17-83] Releasing license: Implementation
83 Infos, 0 Warnings, 0 Critical Warnings and 0 Errors encountered.
phys_opt_design completed successfully
INFO: [Timing 38-480] Writing timing data to binary archive.
Write ShapeDB Complete: Time (s): cpu = 00:00:00 ; elapsed = 00:00:00.014 . Memory (MB): peak = 2001.570 ; gain = 0.008
Wrote PlaceDB: Time (s): cpu = 00:00:01 ; elapsed = 00:00:00.549 . Memory (MB): peak = 2003.543 ; gain = 1.973
Wrote PulsedLatchDB: Time (s): cpu = 00:00:00 ; elapsed = 00:00:00 . Memory (MB): peak = 2003.543 ; gain = 0.000
Writing XDEF routing.
Writing XDEF routing logical nets.
Writing XDEF routing special nets.
Wrote RouteStorage: Time (s): cpu = 00:00:00 ; elapsed = 00:00:00.046 . Memory (MB): peak = 2003.543 ; gain = 0.000
Wrote Netlist Cache: Time (s): cpu = 00:00:00 ; elapsed = 00:00:00.006 . Memory (MB): peak = 2003.543 ; gain = 0.000
Wrote Device Cache: Time (s): cpu = 00:00:00 ; elapsed = 00:00:00.015 . Memory (MB): peak = 2003.543 ; gain = 0.000
Write Physdb Complete: Time (s): cpu = 00:00:01 ; elapsed = 00:00:00.758 . Memory (MB): peak = 2003.543 ; gain = 1.973
INFO: [Common 17-1381] The checkpoint 'D:/FPGA/SixteenShadesOfCpu/vivado/Integration/Integration.runs/impl_1/main_wrapper_physopt.dcp' has been generated.
Command: route_design
Attempting to get a license for feature 'Implementation' and/or device 'xc7a35ti'
INFO: [Common 17-349] Got license for feature 'Implementation' and/or device 'xc7a35ti'
Running DRC as a precondition to command route_design
INFO: [DRC 23-27] Running DRC with 2 threads
INFO: [Vivado_Tcl 4-198] DRC finished with 0 Errors
INFO: [Vivado_Tcl 4-199] Please refer to the DRC report (report_drc) for more information.


Starting Routing Task
INFO: [Route 35-254] Multithreading enabled for route_design using a maximum of 8 CPUs

Phase 1 Build RT Design
Checksum: PlaceDB: ded6442 ConstDB: 0 ShapeSum: 6120b3f9 RouteDB: a0815c57
Post Restoration Checksum: NetGraph: 2a225a2f | NumContArr: ae9b1ec4 | Constraints: c2a8fa9d | Timing: c2a8fa9d
Phase 1 Build RT Design | Checksum: 25e0f6e2d

Time (s): cpu = 00:00:40 ; elapsed = 00:00:52 . Memory (MB): peak = 2104.570 ; gain = 91.492

Phase 2 Router Initialization

Phase 2.1 Fix Topology Constraints
Phase 2.1 Fix Topology Constraints | Checksum: 25e0f6e2d

Time (s): cpu = 00:00:40 ; elapsed = 00:00:52 . Memory (MB): peak = 2104.570 ; gain = 91.492

Phase 2.2 Pre Route Cleanup
Phase 2.2 Pre Route Cleanup | Checksum: 25e0f6e2d

Time (s): cpu = 00:00:40 ; elapsed = 00:00:52 . Memory (MB): peak = 2104.570 ; gain = 91.492
 Number of Nodes with overlaps = 0

Phase 2.3 Update Timing
Phase 2.3 Update Timing | Checksum: 29d6cd8ff

Time (s): cpu = 00:00:40 ; elapsed = 00:00:53 . Memory (MB): peak = 2151.926 ; gain = 138.848
INFO: [Route 35-416] Intermediate Timing Summary | WNS=0.126  | TNS=0.000  | WHS=-0.118 | THS=-2.566 |


Router Utilization Summary
  Global Vertical Routing Utilization    = 0 %
  Global Horizontal Routing Utilization  = 0 %
  Routable Net Status*
  *Does not include unroutable nets such as driverless and loadless.
  Run report_route_status for detailed report.
  Number of Failed Nets               = 1098
    (Failed Nets is the sum of unrouted and partially routed nets)
  Number of Unrouted Nets             = 1098
  Number of Partially Routed Nets     = 0
  Number of Node Overlaps             = 0

Phase 2 Router Initialization | Checksum: 25ef5bf5b

Time (s): cpu = 00:00:41 ; elapsed = 00:00:54 . Memory (MB): peak = 2151.926 ; gain = 138.848

Phase 3 Global Routing
Phase 3 Global Routing | Checksum: 25ef5bf5b

Time (s): cpu = 00:00:41 ; elapsed = 00:00:54 . Memory (MB): peak = 2151.926 ; gain = 138.848

Phase 4 Initial Routing

Phase 4.1 Initial Net Routing Pass
Phase 4.1 Initial Net Routing Pass | Checksum: 36a053d95

Time (s): cpu = 00:00:42 ; elapsed = 00:00:54 . Memory (MB): peak = 2151.926 ; gain = 138.848
Phase 4 Initial Routing | Checksum: 36a053d95

Time (s): cpu = 00:00:42 ; elapsed = 00:00:54 . Memory (MB): peak = 2151.926 ; gain = 138.848
INFO: [Route 35-580] Design has 4 pins with tight setup and hold constraints.

The top 5 pins with tight setup and hold constraints:

+====================+===================+================================================+
| Launch Setup Clock | Launch Hold Clock | Pin                                            |
+====================+===================+================================================+
| sys_clk_pin        | sys_clk_pin       | main_i/ProgramCounter_0/U0/InstrAddr_reg[15]/D |
| sys_clk_pin        | sys_clk_pin       | main_i/ProgramCounter_0/U0/InstrAddr_reg[13]/D |
| sys_clk_pin        | sys_clk_pin       | main_i/ProgramCounter_0/U0/InstrAddr_reg[12]/D |
| sys_clk_pin        | sys_clk_pin       | main_i/ProgramCounter_0/U0/InstrAddr_reg[11]/D |
+--------------------+-------------------+------------------------------------------------+

File with complete list of pins: tight_setup_hold_pins.txt


Phase 5 Rip-up And Reroute

Phase 5.1 Global Iteration 0
 Number of Nodes with overlaps = 551
 Number of Nodes with overlaps = 254
 Number of Nodes with overlaps = 140
 Number of Nodes with overlaps = 92
 Number of Nodes with overlaps = 61
 Number of Nodes with overlaps = 43
 Number of Nodes with overlaps = 21
 Number of Nodes with overlaps = 14
 Number of Nodes with overlaps = 5
 Number of Nodes with overlaps = 7
 Number of Nodes with overlaps = 4
 Number of Nodes with overlaps = 3
 Number of Nodes with overlaps = 1
 Number of Nodes with overlaps = 1
 Number of Nodes with overlaps = 2
 Number of Nodes with overlaps = 1
 Number of Nodes with overlaps = 1
 Number of Nodes with overlaps = 2
 Number of Nodes with overlaps = 1
 Number of Nodes with overlaps = 1
 Number of Nodes with overlaps = 0
INFO: [Route 35-416] Intermediate Timing Summary | WNS=-0.380 | TNS=-2.015 | WHS=N/A    | THS=N/A    |

Phase 5.1 Global Iteration 0 | Checksum: fecec616

Time (s): cpu = 00:00:50 ; elapsed = 00:01:08 . Memory (MB): peak = 2184.230 ; gain = 171.152

Phase 5.2 Global Iteration 1
 Number of Nodes with overlaps = 74
 Number of Nodes with overlaps = 10
 Number of Nodes with overlaps = 6
 Number of Nodes with overlaps = 3
 Number of Nodes with overlaps = 2
 Number of Nodes with overlaps = 3
 Number of Nodes with overlaps = 0
INFO: [Route 35-416] Intermediate Timing Summary | WNS=-0.457 | TNS=-1.809 | WHS=N/A    | THS=N/A    |

Phase 5.2 Global Iteration 1 | Checksum: 24b9a1a3e

Time (s): cpu = 00:00:51 ; elapsed = 00:01:10 . Memory (MB): peak = 2184.230 ; gain = 171.152
Phase 5 Rip-up And Reroute | Checksum: 24b9a1a3e

Time (s): cpu = 00:00:51 ; elapsed = 00:01:10 . Memory (MB): peak = 2184.230 ; gain = 171.152

Phase 6 Delay and Skew Optimization

Phase 6.1 Delay CleanUp

Phase 6.1.1 Update Timing
Phase 6.1.1 Update Timing | Checksum: 2aec521e3

Time (s): cpu = 00:00:51 ; elapsed = 00:01:10 . Memory (MB): peak = 2184.230 ; gain = 171.152
INFO: [Route 35-416] Intermediate Timing Summary | WNS=-0.292 | TNS=-1.399 | WHS=N/A    | THS=N/A    |

 Number of Nodes with overlaps = 0
Phase 6.1 Delay CleanUp | Checksum: 20f420424

Time (s): cpu = 00:00:51 ; elapsed = 00:01:10 . Memory (MB): peak = 2184.230 ; gain = 171.152

Phase 6.2 Clock Skew Optimization
Phase 6.2 Clock Skew Optimization | Checksum: 20f420424

Time (s): cpu = 00:00:51 ; elapsed = 00:01:10 . Memory (MB): peak = 2184.230 ; gain = 171.152
Phase 6 Delay and Skew Optimization | Checksum: 20f420424

Time (s): cpu = 00:00:51 ; elapsed = 00:01:10 . Memory (MB): peak = 2184.230 ; gain = 171.152

Phase 7 Post Hold Fix

Phase 7.1 Hold Fix Iter
INFO: [Route 35-416] Intermediate Timing Summary | WNS=-0.277 | TNS=-1.294 | WHS=0.029  | THS=0.000  |

Phase 7.1 Hold Fix Iter | Checksum: 2518e3ece

Time (s): cpu = 00:00:51 ; elapsed = 00:01:10 . Memory (MB): peak = 2184.230 ; gain = 171.152
Phase 7 Post Hold Fix | Checksum: 2518e3ece

Time (s): cpu = 00:00:51 ; elapsed = 00:01:10 . Memory (MB): peak = 2184.230 ; gain = 171.152

Phase 8 Route finalize

Router Utilization Summary
  Global Vertical Routing Utilization    = 0.446943 %
  Global Horizontal Routing Utilization  = 0.641853 %
  Routable Net Status*
  *Does not include unroutable nets such as driverless and loadless.
  Run report_route_status for detailed report.
  Number of Failed Nets               = 0
    (Failed Nets is the sum of unrouted and partially routed nets)
  Number of Unrouted Nets             = 0
  Number of Partially Routed Nets     = 0
  Number of Node Overlaps             = 0


--GLOBAL Congestion:
Utilization threshold used for congestion level computation: 0.85
Congestion Report
North Dir 1x1 Area, Max Cong = 35.1351%, No Congested Regions.
South Dir 1x1 Area, Max Cong = 62.1622%, No Congested Regions.
East Dir 1x1 Area, Max Cong = 52.9412%, No Congested Regions.
West Dir 1x1 Area, Max Cong = 67.6471%, No Congested Regions.

------------------------------
Reporting congestion hotspots
------------------------------
Direction: North
----------------
Congested clusters found at Level 0
Effective congestion level: 0 Aspect Ratio: 1 Sparse Ratio: 0
Direction: South
----------------
Congested clusters found at Level 0
Effective congestion level: 0 Aspect Ratio: 1 Sparse Ratio: 0
Direction: East
----------------
Congested clusters found at Level 0
Effective congestion level: 0 Aspect Ratio: 1 Sparse Ratio: 0
Direction: West
----------------
Congested clusters found at Level 0
Effective congestion level: 0 Aspect Ratio: 1 Sparse Ratio: 0

Phase 8 Route finalize | Checksum: 2518e3ece

Time (s): cpu = 00:00:51 ; elapsed = 00:01:10 . Memory (MB): peak = 2184.230 ; gain = 171.152

Phase 9 Verifying routed nets

 Verification completed successfully
Phase 9 Verifying routed nets | Checksum: 2518e3ece

Time (s): cpu = 00:00:51 ; elapsed = 00:01:10 . Memory (MB): peak = 2184.230 ; gain = 171.152

Phase 10 Depositing Routes
Phase 10 Depositing Routes | Checksum: 25db7cb6a

Time (s): cpu = 00:00:52 ; elapsed = 00:01:11 . Memory (MB): peak = 2184.230 ; gain = 171.152

Phase 11 Post Process Routing
Phase 11 Post Process Routing | Checksum: 25db7cb6a

Time (s): cpu = 00:00:52 ; elapsed = 00:01:11 . Memory (MB): peak = 2184.230 ; gain = 171.152

Phase 12 Post Router Timing
INFO: [Route 35-57] Estimated Timing Summary | WNS=-0.277 | TNS=-1.294 | WHS=0.029  | THS=0.000  |

WARNING: [Route 35-328] Router estimated timing not met.
Resolution: For a complete and accurate timing signoff, report_timing_summary must be run after route_design. Alternatively, route_design can be run with the -timing_summary option to enable a complete timing signoff at the end of route_design.
Phase 12 Post Router Timing | Checksum: 25db7cb6a

Time (s): cpu = 00:00:52 ; elapsed = 00:01:11 . Memory (MB): peak = 2184.230 ; gain = 171.152
Total Elapsed time in route_design: 70.523 secs

Phase 13 Post-Route Event Processing
Phase 13 Post-Route Event Processing | Checksum: 1607a7c61

Time (s): cpu = 00:00:52 ; elapsed = 00:01:11 . Memory (MB): peak = 2184.230 ; gain = 171.152
INFO: [Route 35-16] Router Completed Successfully
Ending Routing Task | Checksum: 1607a7c61

Time (s): cpu = 00:00:52 ; elapsed = 00:01:11 . Memory (MB): peak = 2184.230 ; gain = 171.152

Routing Is Done.
INFO: [Common 17-83] Releasing license: Implementation
99 Infos, 1 Warnings, 0 Critical Warnings and 0 Errors encountered.
route_design completed successfully
route_design: Time (s): cpu = 00:00:54 ; elapsed = 00:01:14 . Memory (MB): peak = 2184.230 ; gain = 180.688
INFO: [Vivado 12-24828] Executing command : report_drc -file main_wrapper_drc_routed.rpt -pb main_wrapper_drc_routed.pb -rpx main_wrapper_drc_routed.rpx
Command: report_drc -file main_wrapper_drc_routed.rpt -pb main_wrapper_drc_routed.pb -rpx main_wrapper_drc_routed.rpx
INFO: [IP_Flow 19-1839] IP Catalog is up to date.
INFO: [DRC 23-27] Running DRC with 2 threads
INFO: [Vivado_Tcl 2-168] The results of DRC are in file D:/FPGA/SixteenShadesOfCpu/vivado/Integration/Integration.runs/impl_1/main_wrapper_drc_routed.rpt.
report_drc completed successfully
INFO: [Vivado 12-24828] Executing command : report_methodology -file main_wrapper_methodology_drc_routed.rpt -pb main_wrapper_methodology_drc_routed.pb -rpx main_wrapper_methodology_drc_routed.rpx
Command: report_methodology -file main_wrapper_methodology_drc_routed.rpt -pb main_wrapper_methodology_drc_routed.pb -rpx main_wrapper_methodology_drc_routed.rpx
INFO: [Timing 38-35] Done setting XDC timing constraints.
INFO: [DRC 23-133] Running Methodology with 2 threads
INFO: [Vivado_Tcl 2-1520] The results of Report Methodology are in file D:/FPGA/SixteenShadesOfCpu/vivado/Integration/Integration.runs/impl_1/main_wrapper_methodology_drc_routed.rpt.
report_methodology completed successfully
INFO: [Vivado 12-24828] Executing command : report_timing_summary -max_paths 10 -report_unconstrained -file main_wrapper_timing_summary_routed.rpt -pb main_wrapper_timing_summary_routed.pb -rpx main_wrapper_timing_summary_routed.rpx -warn_on_violation 
INFO: [Timing 38-35] Done setting XDC timing constraints.
INFO: [Timing 38-91] UpdateTimingParams: Speed grade: -1L, Delay Type: min_max.
INFO: [Timing 38-191] Multithreading enabled for timing update using a maximum of 2 CPUs
CRITICAL WARNING: [Timing 38-282] The design failed to meet the timing requirements. Please see the timing summary report for details on the timing violations.
INFO: [Vivado 12-24838] Running report commands "report_incremental_reuse, report_route_status" in parallel.
Running report generation with 2 threads.
INFO: [Vivado 12-24828] Executing command : report_incremental_reuse -file main_wrapper_incremental_reuse_routed.rpt
INFO: [Vivado_Tcl 4-1062] Incremental flow is disabled. No incremental reuse Info to report.
INFO: [Vivado 12-24828] Executing command : report_route_status -file main_wrapper_route_status.rpt -pb main_wrapper_route_status.pb
INFO: [Vivado 12-24828] Executing command : report_power -file main_wrapper_power_routed.rpt -pb main_wrapper_power_summary_routed.pb -rpx main_wrapper_power_routed.rpx
Command: report_power -file main_wrapper_power_routed.rpt -pb main_wrapper_power_summary_routed.pb -rpx main_wrapper_power_routed.rpx
Running Vector-less Activity Propagation...

Finished Running Vector-less Activity Propagation
116 Infos, 1 Warnings, 1 Critical Warnings and 0 Errors encountered.
report_power completed successfully
INFO: [Vivado 12-24828] Executing command : report_clock_utilization -file main_wrapper_clock_utilization_routed.rpt
WARNING: [Device 21-9320] Failed to find the Oracle tile group with name 'HSR_BOUNDARY_TOP'. This is required for Clock regions and Virtual grid.
WARNING: [Device 21-2174] Failed to initialize Virtual grid.
INFO: [Vivado 12-24828] Executing command : report_bus_skew -warn_on_violation -file main_wrapper_bus_skew_routed.rpt -pb main_wrapper_bus_skew_routed.pb -rpx main_wrapper_bus_skew_routed.rpx
INFO: [Timing 38-91] UpdateTimingParams: Speed grade: -1L, Delay Type: min_max.
INFO: [Timing 38-191] Multithreading enabled for timing update using a maximum of 2 CPUs
generate_parallel_reports: Time (s): cpu = 00:00:07 ; elapsed = 00:00:10 . Memory (MB): peak = 2184.230 ; gain = 0.000
INFO: [Timing 38-480] Writing timing data to binary archive.
Write ShapeDB Complete: Time (s): cpu = 00:00:00 ; elapsed = 00:00:00.018 . Memory (MB): peak = 2184.230 ; gain = 0.000
Wrote PlaceDB: Time (s): cpu = 00:00:01 ; elapsed = 00:00:00.565 . Memory (MB): peak = 2184.230 ; gain = 0.000
Wrote PulsedLatchDB: Time (s): cpu = 00:00:00 ; elapsed = 00:00:00 . Memory (MB): peak = 2184.230 ; gain = 0.000
Writing XDEF routing.
Writing XDEF routing logical nets.
Writing XDEF routing special nets.
Wrote RouteStorage: Time (s): cpu = 00:00:00 ; elapsed = 00:00:00.123 . Memory (MB): peak = 2184.230 ; gain = 0.000
Wrote Netlist Cache: Time (s): cpu = 00:00:00 ; elapsed = 00:00:00.014 . Memory (MB): peak = 2184.230 ; gain = 0.000
Wrote Device Cache: Time (s): cpu = 00:00:00 ; elapsed = 00:00:00.023 . Memory (MB): peak = 2184.230 ; gain = 0.000
Write Physdb Complete: Time (s): cpu = 00:00:01 ; elapsed = 00:00:00.895 . Memory (MB): peak = 2184.230 ; gain = 0.000
INFO: [Common 17-1381] The checkpoint 'D:/FPGA/SixteenShadesOfCpu/vivado/Integration/Integration.runs/impl_1/main_wrapper_routed.dcp' has been generated.
INFO: [Common 17-206] Exiting Vivado at Fri Nov 15 15:09:05 2024...
