
*** Running vivado
    with args -log main_RAM_Placeholder_0_0.vds -m64 -product Vivado -mode batch -messageDb vivado.pb -notrace -source main_RAM_Placeholder_0_0.tcl



****** Vivado v2024.1 (64-bit)
  **** SW Build 5076996 on Wed May 22 18:37:14 MDT 2024
  **** IP Build 5075265 on Wed May 22 21:45:21 MDT 2024
  **** SharedData Build 5076995 on Wed May 22 18:29:18 MDT 2024
  **** Start of session at: Thu Nov 14 17:46:21 2024
    ** Copyright 1986-2022 Xilinx, Inc. All Rights Reserved.
    ** Copyright 2022-2024 Advanced Micro Devices, Inc. All Rights Reserved.

source main_RAM_Placeholder_0_0.tcl -notrace
create_project: Time (s): cpu = 00:00:38 ; elapsed = 00:00:48 . Memory (MB): peak = 491.793 ; gain = 199.805
INFO: [IP_Flow 19-234] Refreshing IP repositories
INFO: [IP_Flow 19-1704] No user IP repositories specified
INFO: [IP_Flow 19-2313] Loaded Vivado IP repository 'D:/Vivado/Vivado/2024.1/data/ip'.
Command: synth_design -top main_RAM_Placeholder_0_0 -part xc7a35ticsg324-1L -incremental_mode off -mode out_of_context
Starting synth_design
Attempting to get a license for feature 'Synthesis' and/or device 'xc7a35ti'
INFO: [Common 17-349] Got license for feature 'Synthesis' and/or device 'xc7a35ti'
INFO: [Designutils 20-5008] Incremental synthesis strategy off
INFO: [Synth 8-7079] Multithreading enabled for synth_design using a maximum of 2 processes.
INFO: [Synth 8-7078] Launching helper process for spawning children vivado processes
INFO: [Synth 8-7075] Helper process launched with PID 1568
---------------------------------------------------------------------------------
Starting Synthesize : Time (s): cpu = 00:00:27 ; elapsed = 00:00:50 . Memory (MB): peak = 963.227 ; gain = 449.141
---------------------------------------------------------------------------------
INFO: [Synth 8-638] synthesizing module 'main_RAM_Placeholder_0_0' [d:/FPGA_CPU/vivado/Integration/Integration.gen/sources_1/bd/main/ip/main_RAM_Placeholder_0_0/synth/main_RAM_Placeholder_0_0.vhd:67]
INFO: [Synth 8-3491] module 'RAM_Placeholder' declared at 'D:/FPGA_CPU/vivado/Integration/Integration.srcs/sources_1/new/RAM_Placeholder.vhd:34' bound to instance 'U0' of component 'RAM_Placeholder' [d:/FPGA_CPU/vivado/Integration/Integration.gen/sources_1/bd/main/ip/main_RAM_Placeholder_0_0/synth/main_RAM_Placeholder_0_0.vhd:93]
INFO: [Synth 8-638] synthesizing module 'RAM_Placeholder' [D:/FPGA_CPU/vivado/Integration/Integration.srcs/sources_1/new/RAM_Placeholder.vhd:43]
INFO: [Synth 8-256] done synthesizing module 'RAM_Placeholder' (0#1) [D:/FPGA_CPU/vivado/Integration/Integration.srcs/sources_1/new/RAM_Placeholder.vhd:43]
INFO: [Synth 8-256] done synthesizing module 'main_RAM_Placeholder_0_0' (0#1) [d:/FPGA_CPU/vivado/Integration/Integration.gen/sources_1/bd/main/ip/main_RAM_Placeholder_0_0/synth/main_RAM_Placeholder_0_0.vhd:67]
WARNING: [Synth 8-7129] Port Address[15] in module RAM_Placeholder is either unconnected or has no load
WARNING: [Synth 8-7129] Port Address[14] in module RAM_Placeholder is either unconnected or has no load
WARNING: [Synth 8-7129] Port Address[13] in module RAM_Placeholder is either unconnected or has no load
WARNING: [Synth 8-7129] Port Address[12] in module RAM_Placeholder is either unconnected or has no load
WARNING: [Synth 8-7129] Port Address[11] in module RAM_Placeholder is either unconnected or has no load
WARNING: [Synth 8-7129] Port Address[10] in module RAM_Placeholder is either unconnected or has no load
WARNING: [Synth 8-7129] Port Address[9] in module RAM_Placeholder is either unconnected or has no load
WARNING: [Synth 8-7129] Port Address[8] in module RAM_Placeholder is either unconnected or has no load
WARNING: [Synth 8-7129] Port OE in module RAM_Placeholder is either unconnected or has no load
---------------------------------------------------------------------------------
Finished Synthesize : Time (s): cpu = 00:00:37 ; elapsed = 00:01:11 . Memory (MB): peak = 1072.730 ; gain = 558.645
---------------------------------------------------------------------------------
---------------------------------------------------------------------------------
Finished Constraint Validation : Time (s): cpu = 00:00:39 ; elapsed = 00:01:14 . Memory (MB): peak = 1072.730 ; gain = 558.645
---------------------------------------------------------------------------------
---------------------------------------------------------------------------------
Start Loading Part and Timing Information
---------------------------------------------------------------------------------
Loading part: xc7a35ticsg324-1L
---------------------------------------------------------------------------------
Finished Loading Part and Timing Information : Time (s): cpu = 00:00:39 ; elapsed = 00:01:14 . Memory (MB): peak = 1072.730 ; gain = 558.645
---------------------------------------------------------------------------------
INFO: [Device 21-403] Loading part xc7a35ticsg324-1L
---------------------------------------------------------------------------------
Finished RTL Optimization Phase 2 : Time (s): cpu = 00:00:40 ; elapsed = 00:01:16 . Memory (MB): peak = 1072.730 ; gain = 558.645
---------------------------------------------------------------------------------
No constraint files found.
---------------------------------------------------------------------------------
Start RTL Component Statistics 
---------------------------------------------------------------------------------
Detailed RTL Component Info : 
---------------------------------------------------------------------------------
Finished RTL Component Statistics 
---------------------------------------------------------------------------------
---------------------------------------------------------------------------------
Start Part Resource Summary
---------------------------------------------------------------------------------
INFO: [Device 21-9227] Part: xc7a35ticsg324-1L does not have CEAM library.
Part Resources:
DSPs: 90 (col length:60)
BRAMs: 100 (col length: RAMB18 60 RAMB36 30)
---------------------------------------------------------------------------------
Finished Part Resource Summary
---------------------------------------------------------------------------------
No constraint files found.
---------------------------------------------------------------------------------
Start Cross Boundary and Area Optimization
---------------------------------------------------------------------------------
WARNING: [Synth 8-7080] Parallel synthesis criteria is not met
WARNING: [Synth 8-7129] Port Address[15] in module main_RAM_Placeholder_0_0 is either unconnected or has no load
WARNING: [Synth 8-7129] Port Address[14] in module main_RAM_Placeholder_0_0 is either unconnected or has no load
WARNING: [Synth 8-7129] Port Address[13] in module main_RAM_Placeholder_0_0 is either unconnected or has no load
WARNING: [Synth 8-7129] Port Address[12] in module main_RAM_Placeholder_0_0 is either unconnected or has no load
WARNING: [Synth 8-7129] Port Address[11] in module main_RAM_Placeholder_0_0 is either unconnected or has no load
WARNING: [Synth 8-7129] Port Address[10] in module main_RAM_Placeholder_0_0 is either unconnected or has no load
WARNING: [Synth 8-7129] Port Address[9] in module main_RAM_Placeholder_0_0 is either unconnected or has no load
WARNING: [Synth 8-7129] Port Address[8] in module main_RAM_Placeholder_0_0 is either unconnected or has no load
WARNING: [Synth 8-7129] Port OE in module main_RAM_Placeholder_0_0 is either unconnected or has no load
---------------------------------------------------------------------------------
Finished Cross Boundary and Area Optimization : Time (s): cpu = 00:01:06 ; elapsed = 00:02:13 . Memory (MB): peak = 1251.094 ; gain = 737.008
---------------------------------------------------------------------------------
---------------------------------------------------------------------------------
Start ROM, RAM, DSP, Shift Register and Retiming Reporting
---------------------------------------------------------------------------------

Distributed RAM: Preliminary Mapping Report (see note below)
+-------------------------+----------------------+-----------+----------------------+-----------------+
|Module Name              | RTL Object           | Inference | Size (Depth x Width) | Primitives      | 
+-------------------------+----------------------+-----------+----------------------+-----------------+
|main_RAM_Placeholder_0_0 | U0/s_memContents_reg | Implied   | 256 x 16             | RAM256X1S x 16  | 
+-------------------------+----------------------+-----------+----------------------+-----------------+

Note: The table above is a preliminary report that shows the Distributed RAMs at the current stage of the synthesis flow. Some Distributed RAMs may be reimplemented as non Distributed RAM primitives later in the synthesis flow. Multiple instantiated RAMs are reported only once.
---------------------------------------------------------------------------------
Finished ROM, RAM, DSP, Shift Register and Retiming Reporting
---------------------------------------------------------------------------------
No constraint files found.
---------------------------------------------------------------------------------
Start Timing Optimization
---------------------------------------------------------------------------------
---------------------------------------------------------------------------------
Finished Timing Optimization : Time (s): cpu = 00:01:06 ; elapsed = 00:02:14 . Memory (MB): peak = 1251.094 ; gain = 737.008
---------------------------------------------------------------------------------
---------------------------------------------------------------------------------
Start ROM, RAM, DSP, Shift Register and Retiming Reporting
---------------------------------------------------------------------------------

Distributed RAM: Final Mapping Report
+-------------------------+----------------------+-----------+----------------------+-----------------+
|Module Name              | RTL Object           | Inference | Size (Depth x Width) | Primitives      | 
+-------------------------+----------------------+-----------+----------------------+-----------------+
|main_RAM_Placeholder_0_0 | U0/s_memContents_reg | Implied   | 256 x 16             | RAM256X1S x 16  | 
+-------------------------+----------------------+-----------+----------------------+-----------------+

---------------------------------------------------------------------------------
Finished ROM, RAM, DSP, Shift Register and Retiming Reporting
---------------------------------------------------------------------------------
---------------------------------------------------------------------------------
Start Technology Mapping
---------------------------------------------------------------------------------
---------------------------------------------------------------------------------
Finished Technology Mapping : Time (s): cpu = 00:01:06 ; elapsed = 00:02:14 . Memory (MB): peak = 1251.094 ; gain = 737.008
---------------------------------------------------------------------------------
---------------------------------------------------------------------------------
Start IO Insertion
---------------------------------------------------------------------------------
---------------------------------------------------------------------------------
Start Flattening Before IO Insertion
---------------------------------------------------------------------------------
---------------------------------------------------------------------------------
Finished Flattening Before IO Insertion
---------------------------------------------------------------------------------
---------------------------------------------------------------------------------
Start Final Netlist Cleanup
---------------------------------------------------------------------------------
---------------------------------------------------------------------------------
Finished Final Netlist Cleanup
---------------------------------------------------------------------------------
---------------------------------------------------------------------------------
Finished IO Insertion : Time (s): cpu = 00:01:34 ; elapsed = 00:02:55 . Memory (MB): peak = 1251.094 ; gain = 737.008
---------------------------------------------------------------------------------
---------------------------------------------------------------------------------
Start Renaming Generated Instances
---------------------------------------------------------------------------------
---------------------------------------------------------------------------------
Finished Renaming Generated Instances : Time (s): cpu = 00:01:34 ; elapsed = 00:02:55 . Memory (MB): peak = 1251.094 ; gain = 737.008
---------------------------------------------------------------------------------
---------------------------------------------------------------------------------
Start Rebuilding User Hierarchy
---------------------------------------------------------------------------------
---------------------------------------------------------------------------------
Finished Rebuilding User Hierarchy : Time (s): cpu = 00:01:34 ; elapsed = 00:02:55 . Memory (MB): peak = 1251.094 ; gain = 737.008
---------------------------------------------------------------------------------
---------------------------------------------------------------------------------
Start Renaming Generated Ports
---------------------------------------------------------------------------------
---------------------------------------------------------------------------------
Finished Renaming Generated Ports : Time (s): cpu = 00:01:34 ; elapsed = 00:02:55 . Memory (MB): peak = 1251.094 ; gain = 737.008
---------------------------------------------------------------------------------
---------------------------------------------------------------------------------
Start Handling Custom Attributes
---------------------------------------------------------------------------------
---------------------------------------------------------------------------------
Finished Handling Custom Attributes : Time (s): cpu = 00:01:34 ; elapsed = 00:02:55 . Memory (MB): peak = 1251.094 ; gain = 737.008
---------------------------------------------------------------------------------
---------------------------------------------------------------------------------
Start Renaming Generated Nets
---------------------------------------------------------------------------------
---------------------------------------------------------------------------------
Finished Renaming Generated Nets : Time (s): cpu = 00:01:34 ; elapsed = 00:02:55 . Memory (MB): peak = 1251.094 ; gain = 737.008
---------------------------------------------------------------------------------
---------------------------------------------------------------------------------
Start Writing Synthesis Report
---------------------------------------------------------------------------------

Report BlackBoxes: 
+-+--------------+----------+
| |BlackBox name |Instances |
+-+--------------+----------+
+-+--------------+----------+

Report Cell Usage: 
+------+----------+------+
|      |Cell      |Count |
+------+----------+------+
|1     |RAM256X1S |    16|
+------+----------+------+

Report Instance Areas: 
+------+---------+----------------+------+
|      |Instance |Module          |Cells |
+------+---------+----------------+------+
|1     |top      |                |    16|
|2     |  U0     |RAM_Placeholder |    16|
+------+---------+----------------+------+
---------------------------------------------------------------------------------
Finished Writing Synthesis Report : Time (s): cpu = 00:01:34 ; elapsed = 00:02:55 . Memory (MB): peak = 1251.094 ; gain = 737.008
---------------------------------------------------------------------------------
Synthesis finished with 0 errors, 0 critical warnings and 19 warnings.
Synthesis Optimization Runtime : Time (s): cpu = 00:01:35 ; elapsed = 00:02:56 . Memory (MB): peak = 1251.094 ; gain = 737.008
Synthesis Optimization Complete : Time (s): cpu = 00:01:35 ; elapsed = 00:02:56 . Memory (MB): peak = 1251.094 ; gain = 737.008
INFO: [Project 1-571] Translating synthesized netlist
Netlist sorting complete. Time (s): cpu = 00:00:00 ; elapsed = 00:00:00.003 . Memory (MB): peak = 1262.023 ; gain = 0.000
INFO: [Netlist 29-17] Analyzing 16 Unisim elements for replacement
INFO: [Netlist 29-28] Unisim Transformation completed in 0 CPU seconds
INFO: [Project 1-570] Preparing netlist for logic optimization
INFO: [Opt 31-138] Pushed 0 inverter(s) to 0 load pin(s).
Netlist sorting complete. Time (s): cpu = 00:00:00 ; elapsed = 00:00:00 . Memory (MB): peak = 1354.484 ; gain = 0.000
INFO: [Project 1-111] Unisim Transformation Summary:
  A total of 16 instances were transformed.
  RAM256X1S => RAM256X1S (MUXF7(x2), MUXF8, RAMS64E(x4)): 16 instances

Synth Design complete | Checksum: 1e736e25
INFO: [Common 17-83] Releasing license: Synthesis
22 Infos, 19 Warnings, 0 Critical Warnings and 0 Errors encountered.
synth_design completed successfully
synth_design: Time (s): cpu = 00:01:44 ; elapsed = 00:03:16 . Memory (MB): peak = 1354.484 ; gain = 847.918
INFO: [Timing 38-35] Done setting XDC timing constraints.
Write ShapeDB Complete: Time (s): cpu = 00:00:00 ; elapsed = 00:00:00.018 . Memory (MB): peak = 1653.914 ; gain = 0.000
INFO: [Common 17-1381] The checkpoint 'D:/FPGA_CPU/vivado/Integration/Integration.runs/main_RAM_Placeholder_0_0_synth_1/main_RAM_Placeholder_0_0.dcp' has been generated.
write_checkpoint: Time (s): cpu = 00:00:39 ; elapsed = 00:01:07 . Memory (MB): peak = 1654.008 ; gain = 299.523
INFO: [Vivado 12-24828] Executing command : report_utilization -file main_RAM_Placeholder_0_0_utilization_synth.rpt -pb main_RAM_Placeholder_0_0_utilization_synth.pb
INFO: [Common 17-206] Exiting Vivado at Thu Nov 14 17:52:18 2024...
