INFO: [VRFC 10-163] Analyzing VHDL file "D:/Programmieren/Projekte/FPGA_CPU/SixteenShadesOfCpu/vivado/Integration/Integration.sim/sim_1/impl/func/xsim/mainSim_func_impl.vhd" into library xil_defaultlib
INFO: [VRFC 10-3107] analyzing entity 'ALU'
INFO: [VRFC 10-3107] analyzing entity 'CU_Decoder'
INFO: [VRFC 10-3107] analyzing entity 'CU_ImmediateManipulator'
INFO: [VRFC 10-3107] analyzing entity 'CU_JumpController'
INFO: [VRFC 10-3107] analyzing entity 'CU_JumpDestinationSelector'
INFO: [VRFC 10-3107] analyzing entity 'CU_RAMAddressController'
INFO: [VRFC 10-3107] analyzing entity 'CU_WriteSelector'
INFO: [VRFC 10-3107] analyzing entity 'Decoder'
INFO: [VRFC 10-3107] analyzing entity 'Pipelining_Controller'
INFO: [VRFC 10-3107] analyzing entity 'Pipelining_ExecutionStage'
INFO: [VRFC 10-3107] analyzing entity 'Pipelining_Forwarder'
INFO: [VRFC 10-3107] analyzing entity 'Pipelining_WriteBackStage'
INFO: [VRFC 10-3107] analyzing entity 'ProgramCounter'
INFO: [VRFC 10-3107] analyzing entity 'RAM_Placeholder'
INFO: [VRFC 10-3107] analyzing entity 'RegFile'
INFO: [VRFC 10-3107] analyzing entity 'main_ALU_FLAG_PACKER_0_1'
INFO: [VRFC 10-3107] analyzing entity 'main_IROM_0_1'
INFO: [VRFC 10-3107] analyzing entity 'main_ALU_0_0'
INFO: [VRFC 10-3107] analyzing entity 'main_CU_Decoder_0_0'
INFO: [VRFC 10-3107] analyzing entity 'main_CU_ImmediateManipula_0_0'
INFO: [VRFC 10-3107] analyzing entity 'main_CU_JumpController_0_0'
INFO: [VRFC 10-3107] analyzing entity 'main_CU_JumpDestinationSe_0_0'
INFO: [VRFC 10-3107] analyzing entity 'main_CU_RAMAddressControl_0_0'
INFO: [VRFC 10-3107] analyzing entity 'main_CU_WriteSelector_0_0'
INFO: [VRFC 10-3107] analyzing entity 'main_Decoder_0_0'
INFO: [VRFC 10-3107] analyzing entity 'main_Pipelining_Controller_0_0'
INFO: [VRFC 10-3107] analyzing entity 'main_Pipelining_Execution_0_0'
INFO: [VRFC 10-3107] analyzing entity 'main_Pipelining_Forwarder_0_0'
INFO: [VRFC 10-3107] analyzing entity 'main_Pipelining_WriteBack_0_0'
INFO: [VRFC 10-3107] analyzing entity 'main_ProgramCounter_0_0'
INFO: [VRFC 10-3107] analyzing entity 'main_RAM_Placeholder_0_0'
INFO: [VRFC 10-3107] analyzing entity 'main_RegFile_0_0'
INFO: [VRFC 10-3107] analyzing entity 'main'
INFO: [VRFC 10-3107] analyzing entity 'main_wrapper'
